[0.011s] Invoking command in '/home/hrx/ImageTitan/build/joy_msg': CMAKE_PREFIX_PATH=${CMAKE_PREFIX_PATH}:/home/hrx/ImageTitan/install/serial_send:/home/hrx/ImageTitan/install/remote_decode:/home/hrx/ps2_ws/install/ps2_decode:/home/hrx/dev_ws/install/lesson_topic:/home/hrx/dev_ws/install/lesson_service:/home/hrx/dev_ws/install/learning_urdf:/home/hrx/dev_ws/install/learning_tf:/home/hrx/dev_ws/install/learning_qos:/home/hrx/dev_ws/install/learning_parameter:/home/hrx/dev_ws/install/learning_launch:/home/hrx/dev_ws/install/learning_action:/home/hrx/dev_ws/install/learning_gazebo_fortress:/home/hrx/dev_ws/install/learning_gazebo:/home/hrx/dev_ws/install/learning_cv:/opt/ros/humble /usr/bin/cmake /home/hrx/ImageTitan/src/joy_msg -DCMAKE_INSTALL_PREFIX=/home/hrx/ImageTitan/install/joy_msg
[0.139s] -- The C compiler identification is GNU 11.4.0
[0.139s] -- The CXX compiler identification is GNU 11.4.0
[0.139s] -- Detecting C compiler ABI info
[0.139s] -- Detecting C compiler ABI info - done
[0.139s] -- Check for working C compiler: /usr/bin/cc - skipped
[0.139s] -- Detecting C compile features
[0.139s] -- Detecting C compile features - done
[0.139s] -- Detecting CXX compiler ABI info
[0.180s] -- Detecting CXX compiler ABI info - done
[0.184s] -- Check for working CXX compiler: /usr/bin/c++ - skipped
[0.184s] -- Detecting CXX compile features
[0.184s] -- Detecting CXX compile features - done
[0.186s] -- Found ament_cmake: 1.3.10 (/opt/ros/humble/share/ament_cmake/cmake)
[0.291s] -- Found Python3: /usr/bin/python3 (found version "3.10.12") found components: Interpreter 
[0.350s] -- Found rosidl_default_generators: 1.2.0 (/opt/ros/humble/share/rosidl_default_generators/cmake)
[0.353s] -- Using all available rosidl_typesupport_c: rosidl_typesupport_fastrtps_c;rosidl_typesupport_introspection_c
[0.357s] -- Found rosidl_adapter: 3.1.5 (/opt/ros/humble/share/rosidl_adapter/cmake)
[0.381s] -- Using all available rosidl_typesupport_cpp: rosidl_typesupport_fastrtps_cpp;rosidl_typesupport_introspection_cpp
[0.556s] -- Found ament_cmake_ros: 0.10.0 (/opt/ros/humble/share/ament_cmake_ros/cmake)
[0.668s] -- Using all available rosidl_typesupport_c: rosidl_typesupport_fastrtps_c;rosidl_typesupport_introspection_c
[0.826s] -- Using all available rosidl_typesupport_cpp: rosidl_typesupport_fastrtps_cpp;rosidl_typesupport_introspection_cpp
[0.840s] -- Found PythonInterp: /usr/bin/python3 (found suitable version "3.10.12", minimum required is "3.6") 
[0.841s] -- Found python_cmake_module: 0.10.0 (/opt/ros/humble/share/python_cmake_module/cmake)
[0.862s] -- Found PythonLibs: /usr/lib/x86_64-linux-gnu/libpython3.10.so (found suitable version "3.10.12", minimum required is "3.5") 
[0.862s] -- Using PYTHON_EXECUTABLE: /usr/bin/python3
[0.862s] -- Using PYTHON_INCLUDE_DIRS: /usr/include/python3.10
[0.862s] -- Using PYTHON_LIBRARIES: /usr/lib/x86_64-linux-gnu/libpython3.10.so
[0.879s] -- Found PythonExtra: .so  
[0.914s] -- Found ament_lint_auto: 0.12.11 (/opt/ros/humble/share/ament_lint_auto/cmake)
[0.925s] -- Added test 'lint_cmake' to check CMake code style
[0.926s] -- Added test 'xmllint' to check XML markup files
[0.927s] -- Configuring done
[0.939s] -- Generating done
[0.940s] -- Build files have been written to: /home/hrx/ImageTitan/build/joy_msg
[0.944s] Invoked command in '/home/hrx/ImageTitan/build/joy_msg' returned '0': CMAKE_PREFIX_PATH=${CMAKE_PREFIX_PATH}:/home/hrx/ImageTitan/install/serial_send:/home/hrx/ImageTitan/install/remote_decode:/home/hrx/ps2_ws/install/ps2_decode:/home/hrx/dev_ws/install/lesson_topic:/home/hrx/dev_ws/install/lesson_service:/home/hrx/dev_ws/install/learning_urdf:/home/hrx/dev_ws/install/learning_tf:/home/hrx/dev_ws/install/learning_qos:/home/hrx/dev_ws/install/learning_parameter:/home/hrx/dev_ws/install/learning_launch:/home/hrx/dev_ws/install/learning_action:/home/hrx/dev_ws/install/learning_gazebo_fortress:/home/hrx/dev_ws/install/learning_gazebo:/home/hrx/dev_ws/install/learning_cv:/opt/ros/humble /usr/bin/cmake /home/hrx/ImageTitan/src/joy_msg -DCMAKE_INSTALL_PREFIX=/home/hrx/ImageTitan/install/joy_msg
[0.944s] Invoking command in '/home/hrx/ImageTitan/build/joy_msg': CMAKE_PREFIX_PATH=${CMAKE_PREFIX_PATH}:/home/hrx/ImageTitan/install/serial_send:/home/hrx/ImageTitan/install/remote_decode:/home/hrx/ps2_ws/install/ps2_decode:/home/hrx/dev_ws/install/lesson_topic:/home/hrx/dev_ws/install/lesson_service:/home/hrx/dev_ws/install/learning_urdf:/home/hrx/dev_ws/install/learning_tf:/home/hrx/dev_ws/install/learning_qos:/home/hrx/dev_ws/install/learning_parameter:/home/hrx/dev_ws/install/learning_launch:/home/hrx/dev_ws/install/learning_action:/home/hrx/dev_ws/install/learning_gazebo_fortress:/home/hrx/dev_ws/install/learning_gazebo:/home/hrx/dev_ws/install/learning_cv:/opt/ros/humble /usr/bin/cmake --build /home/hrx/ImageTitan/build/joy_msg -- -j20 -l20
[0.970s] [  3%] [34m[1mGenerating C code for ROS interfaces[0m
[0.977s] [  6%] [34m[1mGenerating C++ code for ROS interfaces[0m
[0.981s] [  6%] Built target ament_cmake_python_copy_joy_msg
[1.101s] running egg_info
[1.101s] creating joy_msg.egg-info
[1.102s] writing joy_msg.egg-info/PKG-INFO
[1.102s] writing dependency_links to joy_msg.egg-info/dependency_links.txt
[1.102s] writing top-level names to joy_msg.egg-info/top_level.txt
[1.102s] writing manifest file 'joy_msg.egg-info/SOURCES.txt'
[1.103s] reading manifest file 'joy_msg.egg-info/SOURCES.txt'
[1.103s] writing manifest file 'joy_msg.egg-info/SOURCES.txt'
[1.104s] [  6%] Built target joy_msg__cpp
[1.105s] [  9%] [32mBuilding C object CMakeFiles/joy_msg__rosidl_generator_c.dir/rosidl_generator_c/joy_msg/msg/detail/joystick_data__functions.c.o[0m
[1.109s] [ 12%] [34m[1mGenerating C++ introspection for ROS interfaces[0m
[1.110s] [ 16%] [34m[1mGenerating C++ type support for eProsima Fast-RTPS[0m
[1.111s] [ 19%] [34m[1mGenerating C++ type support dispatch for ROS interfaces[0m
[1.117s] [ 19%] Built target ament_cmake_python_build_joy_msg_egg
[1.131s] [ 22%] [32m[1mLinking C shared library libjoy_msg__rosidl_generator_c.so[0m
[1.154s] [ 22%] Built target joy_msg__rosidl_generator_c
[1.159s] [ 29%] [34m[1mGenerating C introspection for ROS interfaces[0m
[1.159s] [ 29%] [34m[1mGenerating C type support dispatch for ROS interfaces[0m
[1.161s] [ 32%] [34m[1mGenerating C type support for eProsima Fast-RTPS[0m
[1.235s] [ 35%] [32mBuilding CXX object CMakeFiles/joy_msg__rosidl_typesupport_cpp.dir/rosidl_typesupport_cpp/joy_msg/msg/joystick_data__type_support.cpp.o[0m
[1.240s] [ 38%] [32mBuilding CXX object CMakeFiles/joy_msg__rosidl_typesupport_introspection_cpp.dir/rosidl_typesupport_introspection_cpp/joy_msg/msg/detail/joystick_data__type_support.cpp.o[0m
[1.241s] [ 41%] [32mBuilding CXX object CMakeFiles/joy_msg__rosidl_typesupport_fastrtps_cpp.dir/rosidl_typesupport_fastrtps_cpp/joy_msg/msg/detail/dds_fastrtps/joystick_data__type_support.cpp.o[0m
[1.277s] [ 45%] [32mBuilding CXX object CMakeFiles/joy_msg__rosidl_typesupport_c.dir/rosidl_typesupport_c/joy_msg/msg/joystick_data__type_support.cpp.o[0m
[1.289s] [ 48%] [32mBuilding C object CMakeFiles/joy_msg__rosidl_typesupport_introspection_c.dir/rosidl_typesupport_introspection_c/joy_msg/msg/detail/joystick_data__type_support.c.o[0m
[1.291s] [ 51%] [32mBuilding CXX object CMakeFiles/joy_msg__rosidl_typesupport_fastrtps_c.dir/rosidl_typesupport_fastrtps_c/joy_msg/msg/detail/joystick_data__type_support_c.cpp.o[0m
[1.295s] [ 54%] [32m[1mLinking CXX shared library libjoy_msg__rosidl_typesupport_c.so[0m
[1.309s] [ 58%] [32m[1mLinking C shared library libjoy_msg__rosidl_typesupport_introspection_c.so[0m
[1.320s] [ 58%] Built target joy_msg__rosidl_typesupport_c
[1.330s] [ 58%] Built target joy_msg__rosidl_typesupport_introspection_c
[1.370s] [ 61%] [32m[1mLinking CXX shared library libjoy_msg__rosidl_typesupport_cpp.so[0m
[1.395s] [ 61%] Built target joy_msg__rosidl_typesupport_cpp
[1.445s] [ 64%] [32m[1mLinking CXX shared library libjoy_msg__rosidl_typesupport_fastrtps_c.so[0m
[1.447s] [ 67%] [32m[1mLinking CXX shared library libjoy_msg__rosidl_typesupport_introspection_cpp.so[0m
[1.466s] [ 70%] [32m[1mLinking CXX shared library libjoy_msg__rosidl_typesupport_fastrtps_cpp.so[0m
[1.491s] [ 70%] Built target joy_msg__rosidl_typesupport_fastrtps_c
[1.491s] [ 70%] Built target joy_msg__rosidl_typesupport_introspection_cpp
[1.507s] [ 70%] Built target joy_msg__rosidl_typesupport_fastrtps_cpp
[1.522s] [ 70%] Built target joy_msg
[1.536s] [ 74%] [34m[1mGenerating Python code for ROS interfaces[0m
[1.692s] [ 74%] Built target joy_msg__py
[1.705s] [ 77%] [32mBuilding C object CMakeFiles/joy_msg__rosidl_generator_py.dir/rosidl_generator_py/joy_msg/msg/_joystick_data_s.c.o[0m
[1.760s] [ 80%] [32m[1mLinking C shared library rosidl_generator_py/joy_msg/libjoy_msg__rosidl_generator_py.so[0m
[1.787s] [ 80%] Built target joy_msg__rosidl_generator_py
[1.801s] [ 83%] [32mBuilding C object CMakeFiles/joy_msg__rosidl_typesupport_introspection_c__pyext.dir/rosidl_generator_py/joy_msg/_joy_msg_s.ep.rosidl_typesupport_introspection_c.c.o[0m
[1.802s] [ 87%] [32mBuilding C object CMakeFiles/joy_msg__rosidl_typesupport_c__pyext.dir/rosidl_generator_py/joy_msg/_joy_msg_s.ep.rosidl_typesupport_c.c.o[0m
[1.803s] [ 90%] [32mBuilding C object CMakeFiles/joy_msg__rosidl_typesupport_fastrtps_c__pyext.dir/rosidl_generator_py/joy_msg/_joy_msg_s.ep.rosidl_typesupport_fastrtps_c.c.o[0m
[1.848s] [ 96%] [32m[1mLinking C shared library rosidl_generator_py/joy_msg/joy_msg_s__rosidl_typesupport_c.cpython-310-x86_64-linux-gnu.so[0m
[1.848s] [ 96%] [32m[1mLinking C shared library rosidl_generator_py/joy_msg/joy_msg_s__rosidl_typesupport_fastrtps_c.cpython-310-x86_64-linux-gnu.so[0m
[1.851s] [100%] [32m[1mLinking C shared library rosidl_generator_py/joy_msg/joy_msg_s__rosidl_typesupport_introspection_c.cpython-310-x86_64-linux-gnu.so[0m
[1.866s] [100%] Built target joy_msg__rosidl_typesupport_introspection_c__pyext
[1.869s] [100%] Built target joy_msg__rosidl_typesupport_c__pyext
[1.870s] [100%] Built target joy_msg__rosidl_typesupport_fastrtps_c__pyext
[1.877s] Invoked command in '/home/hrx/ImageTitan/build/joy_msg' returned '0': CMAKE_PREFIX_PATH=${CMAKE_PREFIX_PATH}:/home/hrx/ImageTitan/install/serial_send:/home/hrx/ImageTitan/install/remote_decode:/home/hrx/ps2_ws/install/ps2_decode:/home/hrx/dev_ws/install/lesson_topic:/home/hrx/dev_ws/install/lesson_service:/home/hrx/dev_ws/install/learning_urdf:/home/hrx/dev_ws/install/learning_tf:/home/hrx/dev_ws/install/learning_qos:/home/hrx/dev_ws/install/learning_parameter:/home/hrx/dev_ws/install/learning_launch:/home/hrx/dev_ws/install/learning_action:/home/hrx/dev_ws/install/learning_gazebo_fortress:/home/hrx/dev_ws/install/learning_gazebo:/home/hrx/dev_ws/install/learning_cv:/opt/ros/humble /usr/bin/cmake --build /home/hrx/ImageTitan/build/joy_msg -- -j20 -l20
[1.923s] Invoking command in '/home/hrx/ImageTitan/build/joy_msg': CMAKE_PREFIX_PATH=${CMAKE_PREFIX_PATH}:/home/hrx/ImageTitan/install/serial_send:/home/hrx/ImageTitan/install/remote_decode:/home/hrx/ps2_ws/install/ps2_decode:/home/hrx/dev_ws/install/lesson_topic:/home/hrx/dev_ws/install/lesson_service:/home/hrx/dev_ws/install/learning_urdf:/home/hrx/dev_ws/install/learning_tf:/home/hrx/dev_ws/install/learning_qos:/home/hrx/dev_ws/install/learning_parameter:/home/hrx/dev_ws/install/learning_launch:/home/hrx/dev_ws/install/learning_action:/home/hrx/dev_ws/install/learning_gazebo_fortress:/home/hrx/dev_ws/install/learning_gazebo:/home/hrx/dev_ws/install/learning_cv:/opt/ros/humble /usr/bin/cmake --install /home/hrx/ImageTitan/build/joy_msg
[1.930s] -- Install configuration: ""
[1.930s] -- Installing: /home/hrx/ImageTitan/install/joy_msg/share/ament_index/resource_index/rosidl_interfaces/joy_msg
[1.930s] -- Installing: /home/hrx/ImageTitan/install/joy_msg/include/joy_msg/joy_msg
[1.930s] -- Installing: /home/hrx/ImageTitan/install/joy_msg/include/joy_msg/joy_msg/msg
[1.930s] -- Installing: /home/hrx/ImageTitan/install/joy_msg/include/joy_msg/joy_msg/msg/joystick_data.h
[1.930s] -- Installing: /home/hrx/ImageTitan/install/joy_msg/include/joy_msg/joy_msg/msg/rosidl_generator_c__visibility_control.h
[1.930s] -- Installing: /home/hrx/ImageTitan/install/joy_msg/include/joy_msg/joy_msg/msg/detail
[1.930s] -- Installing: /home/hrx/ImageTitan/install/joy_msg/include/joy_msg/joy_msg/msg/detail/joystick_data__functions.c
[1.930s] -- Installing: /home/hrx/ImageTitan/install/joy_msg/include/joy_msg/joy_msg/msg/detail/joystick_data__struct.h
[1.930s] -- Installing: /home/hrx/ImageTitan/install/joy_msg/include/joy_msg/joy_msg/msg/detail/joystick_data__type_support.h
[1.930s] -- Installing: /home/hrx/ImageTitan/install/joy_msg/include/joy_msg/joy_msg/msg/detail/joystick_data__functions.h
[1.930s] -- Installing: /home/hrx/ImageTitan/install/joy_msg/share/joy_msg/environment/library_path.sh
[1.930s] -- Installing: /home/hrx/ImageTitan/install/joy_msg/share/joy_msg/environment/library_path.dsv
[1.931s] -- Installing: /home/hrx/ImageTitan/install/joy_msg/lib/libjoy_msg__rosidl_generator_c.so
[1.931s] -- Set runtime path of "/home/hrx/ImageTitan/install/joy_msg/lib/libjoy_msg__rosidl_generator_c.so" to ""
[1.931s] -- Up-to-date: /home/hrx/ImageTitan/install/joy_msg/include/joy_msg/joy_msg
[1.931s] -- Up-to-date: /home/hrx/ImageTitan/install/joy_msg/include/joy_msg/joy_msg/msg
[1.931s] -- Installing: /home/hrx/ImageTitan/install/joy_msg/include/joy_msg/joy_msg/msg/rosidl_typesupport_fastrtps_c__visibility_control.h
[1.931s] -- Up-to-date: /home/hrx/ImageTitan/install/joy_msg/include/joy_msg/joy_msg/msg/detail
[1.931s] -- Installing: /home/hrx/ImageTitan/install/joy_msg/include/joy_msg/joy_msg/msg/detail/joystick_data__rosidl_typesupport_fastrtps_c.h
[1.931s] -- Installing: /home/hrx/ImageTitan/install/joy_msg/lib/libjoy_msg__rosidl_typesupport_fastrtps_c.so
[1.931s] -- Set runtime path of "/home/hrx/ImageTitan/install/joy_msg/lib/libjoy_msg__rosidl_typesupport_fastrtps_c.so" to ""
[1.931s] -- Up-to-date: /home/hrx/ImageTitan/install/joy_msg/include/joy_msg/joy_msg
[1.931s] -- Up-to-date: /home/hrx/ImageTitan/install/joy_msg/include/joy_msg/joy_msg/msg
[1.931s] -- Installing: /home/hrx/ImageTitan/install/joy_msg/include/joy_msg/joy_msg/msg/rosidl_typesupport_introspection_c__visibility_control.h
[1.932s] -- Up-to-date: /home/hrx/ImageTitan/install/joy_msg/include/joy_msg/joy_msg/msg/detail
[1.932s] -- Installing: /home/hrx/ImageTitan/install/joy_msg/include/joy_msg/joy_msg/msg/detail/joystick_data__type_support.c
[1.932s] -- Installing: /home/hrx/ImageTitan/install/joy_msg/include/joy_msg/joy_msg/msg/detail/joystick_data__rosidl_typesupport_introspection_c.h
[1.932s] -- Installing: /home/hrx/ImageTitan/install/joy_msg/lib/libjoy_msg__rosidl_typesupport_introspection_c.so
[1.932s] -- Set runtime path of "/home/hrx/ImageTitan/install/joy_msg/lib/libjoy_msg__rosidl_typesupport_introspection_c.so" to ""
[1.932s] -- Installing: /home/hrx/ImageTitan/install/joy_msg/lib/libjoy_msg__rosidl_typesupport_c.so
[1.932s] -- Set runtime path of "/home/hrx/ImageTitan/install/joy_msg/lib/libjoy_msg__rosidl_typesupport_c.so" to ""
[1.932s] -- Up-to-date: /home/hrx/ImageTitan/install/joy_msg/include/joy_msg/joy_msg
[1.932s] -- Up-to-date: /home/hrx/ImageTitan/install/joy_msg/include/joy_msg/joy_msg/msg
[1.932s] -- Installing: /home/hrx/ImageTitan/install/joy_msg/include/joy_msg/joy_msg/msg/joystick_data.hpp
[1.932s] -- Up-to-date: /home/hrx/ImageTitan/install/joy_msg/include/joy_msg/joy_msg/msg/detail
[1.932s] -- Installing: /home/hrx/ImageTitan/install/joy_msg/include/joy_msg/joy_msg/msg/detail/joystick_data__struct.hpp
[1.932s] -- Installing: /home/hrx/ImageTitan/install/joy_msg/include/joy_msg/joy_msg/msg/detail/joystick_data__traits.hpp
[1.932s] -- Installing: /home/hrx/ImageTitan/install/joy_msg/include/joy_msg/joy_msg/msg/detail/joystick_data__builder.hpp
[1.932s] -- Up-to-date: /home/hrx/ImageTitan/install/joy_msg/include/joy_msg/joy_msg
[1.932s] -- Up-to-date: /home/hrx/ImageTitan/install/joy_msg/include/joy_msg/joy_msg/msg
[1.932s] -- Installing: /home/hrx/ImageTitan/install/joy_msg/include/joy_msg/joy_msg/msg/rosidl_typesupport_fastrtps_cpp__visibility_control.h
[1.932s] -- Up-to-date: /home/hrx/ImageTitan/install/joy_msg/include/joy_msg/joy_msg/msg/detail
[1.932s] -- Installing: /home/hrx/ImageTitan/install/joy_msg/include/joy_msg/joy_msg/msg/detail/dds_fastrtps
[1.932s] -- Installing: /home/hrx/ImageTitan/install/joy_msg/include/joy_msg/joy_msg/msg/detail/joystick_data__rosidl_typesupport_fastrtps_cpp.hpp
[1.932s] -- Installing: /home/hrx/ImageTitan/install/joy_msg/lib/libjoy_msg__rosidl_typesupport_fastrtps_cpp.so
[1.932s] -- Set runtime path of "/home/hrx/ImageTitan/install/joy_msg/lib/libjoy_msg__rosidl_typesupport_fastrtps_cpp.so" to ""
[1.932s] -- Up-to-date: /home/hrx/ImageTitan/install/joy_msg/include/joy_msg/joy_msg
[1.932s] -- Up-to-date: /home/hrx/ImageTitan/install/joy_msg/include/joy_msg/joy_msg/msg
[1.932s] -- Up-to-date: /home/hrx/ImageTitan/install/joy_msg/include/joy_msg/joy_msg/msg/detail
[1.933s] -- Installing: /home/hrx/ImageTitan/install/joy_msg/include/joy_msg/joy_msg/msg/detail/joystick_data__rosidl_typesupport_introspection_cpp.hpp
[1.933s] -- Installing: /home/hrx/ImageTitan/install/joy_msg/include/joy_msg/joy_msg/msg/detail/joystick_data__type_support.cpp
[1.933s] -- Installing: /home/hrx/ImageTitan/install/joy_msg/lib/libjoy_msg__rosidl_typesupport_introspection_cpp.so
[1.933s] -- Set runtime path of "/home/hrx/ImageTitan/install/joy_msg/lib/libjoy_msg__rosidl_typesupport_introspection_cpp.so" to ""
[1.933s] -- Installing: /home/hrx/ImageTitan/install/joy_msg/lib/libjoy_msg__rosidl_typesupport_cpp.so
[1.933s] -- Set runtime path of "/home/hrx/ImageTitan/install/joy_msg/lib/libjoy_msg__rosidl_typesupport_cpp.so" to ""
[1.933s] -- Installing: /home/hrx/ImageTitan/install/joy_msg/share/joy_msg/environment/pythonpath.sh
[1.933s] -- Installing: /home/hrx/ImageTitan/install/joy_msg/share/joy_msg/environment/pythonpath.dsv
[1.933s] -- Installing: /home/hrx/ImageTitan/install/joy_msg/local/lib/python3.10/dist-packages/joy_msg-0.0.0-py3.10.egg-info
[1.933s] -- Installing: /home/hrx/ImageTitan/install/joy_msg/local/lib/python3.10/dist-packages/joy_msg-0.0.0-py3.10.egg-info/dependency_links.txt
[1.933s] -- Installing: /home/hrx/ImageTitan/install/joy_msg/local/lib/python3.10/dist-packages/joy_msg-0.0.0-py3.10.egg-info/PKG-INFO
[1.933s] -- Installing: /home/hrx/ImageTitan/install/joy_msg/local/lib/python3.10/dist-packages/joy_msg-0.0.0-py3.10.egg-info/top_level.txt
[1.933s] -- Installing: /home/hrx/ImageTitan/install/joy_msg/local/lib/python3.10/dist-packages/joy_msg-0.0.0-py3.10.egg-info/SOURCES.txt
[1.933s] -- Installing: /home/hrx/ImageTitan/install/joy_msg/local/lib/python3.10/dist-packages/joy_msg
[1.933s] -- Installing: /home/hrx/ImageTitan/install/joy_msg/local/lib/python3.10/dist-packages/joy_msg/_joy_msg_s.ep.rosidl_typesupport_introspection_c.c
[1.933s] -- Installing: /home/hrx/ImageTitan/install/joy_msg/local/lib/python3.10/dist-packages/joy_msg/libjoy_msg__rosidl_generator_py.so
[1.933s] -- Installing: /home/hrx/ImageTitan/install/joy_msg/local/lib/python3.10/dist-packages/joy_msg/_joy_msg_s.ep.rosidl_typesupport_fastrtps_c.c
[1.933s] -- Installing: /home/hrx/ImageTitan/install/joy_msg/local/lib/python3.10/dist-packages/joy_msg/__init__.py
[1.933s] -- Installing: /home/hrx/ImageTitan/install/joy_msg/local/lib/python3.10/dist-packages/joy_msg/joy_msg_s__rosidl_typesupport_fastrtps_c.cpython-310-x86_64-linux-gnu.so
[1.933s] -- Installing: /home/hrx/ImageTitan/install/joy_msg/local/lib/python3.10/dist-packages/joy_msg/joy_msg_s__rosidl_typesupport_introspection_c.cpython-310-x86_64-linux-gnu.so
[1.933s] -- Installing: /home/hrx/ImageTitan/install/joy_msg/local/lib/python3.10/dist-packages/joy_msg/joy_msg_s__rosidl_typesupport_c.cpython-310-x86_64-linux-gnu.so
[1.933s] -- Installing: /home/hrx/ImageTitan/install/joy_msg/local/lib/python3.10/dist-packages/joy_msg/msg
[1.933s] -- Installing: /home/hrx/ImageTitan/install/joy_msg/local/lib/python3.10/dist-packages/joy_msg/msg/_joystick_data.py
[1.933s] -- Installing: /home/hrx/ImageTitan/install/joy_msg/local/lib/python3.10/dist-packages/joy_msg/msg/_joystick_data_s.c
[1.933s] -- Installing: /home/hrx/ImageTitan/install/joy_msg/local/lib/python3.10/dist-packages/joy_msg/msg/__init__.py
[1.933s] -- Installing: /home/hrx/ImageTitan/install/joy_msg/local/lib/python3.10/dist-packages/joy_msg/_joy_msg_s.ep.rosidl_typesupport_c.c
[1.959s] Listing '/home/hrx/ImageTitan/install/joy_msg/local/lib/python3.10/dist-packages/joy_msg'...
[1.959s] Compiling '/home/hrx/ImageTitan/install/joy_msg/local/lib/python3.10/dist-packages/joy_msg/__init__.py'...
[1.959s] Listing '/home/hrx/ImageTitan/install/joy_msg/local/lib/python3.10/dist-packages/joy_msg/msg'...
[1.960s] Compiling '/home/hrx/ImageTitan/install/joy_msg/local/lib/python3.10/dist-packages/joy_msg/msg/__init__.py'...
[1.960s] Compiling '/home/hrx/ImageTitan/install/joy_msg/local/lib/python3.10/dist-packages/joy_msg/msg/_joystick_data.py'...
[1.963s] -- Installing: /home/hrx/ImageTitan/install/joy_msg/local/lib/python3.10/dist-packages/joy_msg/joy_msg_s__rosidl_typesupport_fastrtps_c.cpython-310-x86_64-linux-gnu.so
[1.963s] -- Set runtime path of "/home/hrx/ImageTitan/install/joy_msg/local/lib/python3.10/dist-packages/joy_msg/joy_msg_s__rosidl_typesupport_fastrtps_c.cpython-310-x86_64-linux-gnu.so" to ""
[1.963s] -- Installing: /home/hrx/ImageTitan/install/joy_msg/local/lib/python3.10/dist-packages/joy_msg/joy_msg_s__rosidl_typesupport_introspection_c.cpython-310-x86_64-linux-gnu.so
[1.963s] -- Set runtime path of "/home/hrx/ImageTitan/install/joy_msg/local/lib/python3.10/dist-packages/joy_msg/joy_msg_s__rosidl_typesupport_introspection_c.cpython-310-x86_64-linux-gnu.so" to ""
[1.963s] -- Installing: /home/hrx/ImageTitan/install/joy_msg/local/lib/python3.10/dist-packages/joy_msg/joy_msg_s__rosidl_typesupport_c.cpython-310-x86_64-linux-gnu.so
[1.963s] -- Set runtime path of "/home/hrx/ImageTitan/install/joy_msg/local/lib/python3.10/dist-packages/joy_msg/joy_msg_s__rosidl_typesupport_c.cpython-310-x86_64-linux-gnu.so" to ""
[1.964s] -- Installing: /home/hrx/ImageTitan/install/joy_msg/lib/libjoy_msg__rosidl_generator_py.so
[1.964s] -- Set runtime path of "/home/hrx/ImageTitan/install/joy_msg/lib/libjoy_msg__rosidl_generator_py.so" to ""
[1.964s] -- Installing: /home/hrx/ImageTitan/install/joy_msg/share/joy_msg/msg/JoystickData.idl
[1.964s] -- Installing: /home/hrx/ImageTitan/install/joy_msg/share/joy_msg/msg/JoystickData.msg
[1.964s] -- Installing: /home/hrx/ImageTitan/install/joy_msg/share/ament_index/resource_index/package_run_dependencies/joy_msg
[1.964s] -- Installing: /home/hrx/ImageTitan/install/joy_msg/share/ament_index/resource_index/parent_prefix_path/joy_msg
[1.964s] -- Installing: /home/hrx/ImageTitan/install/joy_msg/share/joy_msg/environment/ament_prefix_path.sh
[1.964s] -- Installing: /home/hrx/ImageTitan/install/joy_msg/share/joy_msg/environment/ament_prefix_path.dsv
[1.964s] -- Installing: /home/hrx/ImageTitan/install/joy_msg/share/joy_msg/environment/path.sh
[1.964s] -- Installing: /home/hrx/ImageTitan/install/joy_msg/share/joy_msg/environment/path.dsv
[1.964s] -- Installing: /home/hrx/ImageTitan/install/joy_msg/share/joy_msg/local_setup.bash
[1.964s] -- Installing: /home/hrx/ImageTitan/install/joy_msg/share/joy_msg/local_setup.sh
[1.964s] -- Installing: /home/hrx/ImageTitan/install/joy_msg/share/joy_msg/local_setup.zsh
[1.964s] -- Installing: /home/hrx/ImageTitan/install/joy_msg/share/joy_msg/local_setup.dsv
[1.964s] -- Installing: /home/hrx/ImageTitan/install/joy_msg/share/joy_msg/package.dsv
[1.964s] -- Installing: /home/hrx/ImageTitan/install/joy_msg/share/ament_index/resource_index/packages/joy_msg
[1.964s] -- Installing: /home/hrx/ImageTitan/install/joy_msg/share/joy_msg/cmake/export_joy_msg__rosidl_generator_cExport.cmake
[1.964s] -- Installing: /home/hrx/ImageTitan/install/joy_msg/share/joy_msg/cmake/export_joy_msg__rosidl_generator_cExport-noconfig.cmake
[1.964s] -- Installing: /home/hrx/ImageTitan/install/joy_msg/share/joy_msg/cmake/export_joy_msg__rosidl_typesupport_fastrtps_cExport.cmake
[1.964s] -- Installing: /home/hrx/ImageTitan/install/joy_msg/share/joy_msg/cmake/export_joy_msg__rosidl_typesupport_fastrtps_cExport-noconfig.cmake
[1.964s] -- Installing: /home/hrx/ImageTitan/install/joy_msg/share/joy_msg/cmake/joy_msg__rosidl_typesupport_introspection_cExport.cmake
[1.964s] -- Installing: /home/hrx/ImageTitan/install/joy_msg/share/joy_msg/cmake/joy_msg__rosidl_typesupport_introspection_cExport-noconfig.cmake
[1.964s] -- Installing: /home/hrx/ImageTitan/install/joy_msg/share/joy_msg/cmake/joy_msg__rosidl_typesupport_cExport.cmake
[1.964s] -- Installing: /home/hrx/ImageTitan/install/joy_msg/share/joy_msg/cmake/joy_msg__rosidl_typesupport_cExport-noconfig.cmake
[1.964s] -- Installing: /home/hrx/ImageTitan/install/joy_msg/share/joy_msg/cmake/export_joy_msg__rosidl_generator_cppExport.cmake
[1.964s] -- Installing: /home/hrx/ImageTitan/install/joy_msg/share/joy_msg/cmake/export_joy_msg__rosidl_typesupport_fastrtps_cppExport.cmake
[1.964s] -- Installing: /home/hrx/ImageTitan/install/joy_msg/share/joy_msg/cmake/export_joy_msg__rosidl_typesupport_fastrtps_cppExport-noconfig.cmake
[1.964s] -- Installing: /home/hrx/ImageTitan/install/joy_msg/share/joy_msg/cmake/joy_msg__rosidl_typesupport_introspection_cppExport.cmake
[1.964s] -- Installing: /home/hrx/ImageTitan/install/joy_msg/share/joy_msg/cmake/joy_msg__rosidl_typesupport_introspection_cppExport-noconfig.cmake
[1.964s] -- Installing: /home/hrx/ImageTitan/install/joy_msg/share/joy_msg/cmake/joy_msg__rosidl_typesupport_cppExport.cmake
[1.964s] -- Installing: /home/hrx/ImageTitan/install/joy_msg/share/joy_msg/cmake/joy_msg__rosidl_typesupport_cppExport-noconfig.cmake
[1.964s] -- Installing: /home/hrx/ImageTitan/install/joy_msg/share/joy_msg/cmake/export_joy_msg__rosidl_generator_pyExport.cmake
[1.964s] -- Installing: /home/hrx/ImageTitan/install/joy_msg/share/joy_msg/cmake/export_joy_msg__rosidl_generator_pyExport-noconfig.cmake
[1.964s] -- Installing: /home/hrx/ImageTitan/install/joy_msg/share/joy_msg/cmake/rosidl_cmake-extras.cmake
[1.965s] -- Installing: /home/hrx/ImageTitan/install/joy_msg/share/joy_msg/cmake/ament_cmake_export_include_directories-extras.cmake
[1.965s] -- Installing: /home/hrx/ImageTitan/install/joy_msg/share/joy_msg/cmake/ament_cmake_export_libraries-extras.cmake
[1.965s] -- Installing: /home/hrx/ImageTitan/install/joy_msg/share/joy_msg/cmake/ament_cmake_export_targets-extras.cmake
[1.965s] -- Installing: /home/hrx/ImageTitan/install/joy_msg/share/joy_msg/cmake/rosidl_cmake_export_typesupport_targets-extras.cmake
[1.965s] -- Installing: /home/hrx/ImageTitan/install/joy_msg/share/joy_msg/cmake/ament_cmake_export_dependencies-extras.cmake
[1.965s] -- Installing: /home/hrx/ImageTitan/install/joy_msg/share/joy_msg/cmake/rosidl_cmake_export_typesupport_libraries-extras.cmake
[1.965s] -- Installing: /home/hrx/ImageTitan/install/joy_msg/share/joy_msg/cmake/joy_msgConfig.cmake
[1.965s] -- Installing: /home/hrx/ImageTitan/install/joy_msg/share/joy_msg/cmake/joy_msgConfig-version.cmake
[1.965s] -- Installing: /home/hrx/ImageTitan/install/joy_msg/share/joy_msg/package.xml
[1.967s] Invoked command in '/home/hrx/ImageTitan/build/joy_msg' returned '0': CMAKE_PREFIX_PATH=${CMAKE_PREFIX_PATH}:/home/hrx/ImageTitan/install/serial_send:/home/hrx/ImageTitan/install/remote_decode:/home/hrx/ps2_ws/install/ps2_decode:/home/hrx/dev_ws/install/lesson_topic:/home/hrx/dev_ws/install/lesson_service:/home/hrx/dev_ws/install/learning_urdf:/home/hrx/dev_ws/install/learning_tf:/home/hrx/dev_ws/install/learning_qos:/home/hrx/dev_ws/install/learning_parameter:/home/hrx/dev_ws/install/learning_launch:/home/hrx/dev_ws/install/learning_action:/home/hrx/dev_ws/install/learning_gazebo_fortress:/home/hrx/dev_ws/install/learning_gazebo:/home/hrx/dev_ws/install/learning_cv:/opt/ros/humble /usr/bin/cmake --install /home/hrx/ImageTitan/build/joy_msg
