[0.442s] Invoking command in '/home/hrx/ImageTitan/src/remote_decode': PYTHONPATH=/home/hrx/ImageTitan/build/remote_decode/prefix_override:/usr/lib/python3/dist-packages/colcon_core/task/python/colcon_distutils_commands:/home/hrx/ImageTitan/install/remote_decode/lib/python3.10/site-packages:${PYTHONPATH} /usr/bin/python3 -W ignore:setup.py install is deprecated setup.py egg_info --egg-base ../../build/remote_decode build --build-base /home/hrx/ImageTitan/build/remote_decode/build install --record /home/hrx/ImageTitan/build/remote_decode/install.log --single-version-externally-managed install_data
[0.563s] running egg_info
[0.563s] writing ../../build/remote_decode/remote_decode.egg-info/PKG-INFO
[0.563s] writing dependency_links to ../../build/remote_decode/remote_decode.egg-info/dependency_links.txt
[0.563s] writing entry points to ../../build/remote_decode/remote_decode.egg-info/entry_points.txt
[0.564s] writing requirements to ../../build/remote_decode/remote_decode.egg-info/requires.txt
[0.564s] writing top-level names to ../../build/remote_decode/remote_decode.egg-info/top_level.txt
[0.564s] reading manifest file '../../build/remote_decode/remote_decode.egg-info/SOURCES.txt'
[0.565s] writing manifest file '../../build/remote_decode/remote_decode.egg-info/SOURCES.txt'
[0.565s] running build
[0.565s] running build_py
[0.565s] running install
[0.565s] running install_lib
[0.565s] running install_data
[0.565s] running install_egg_info
[0.566s] removing '/home/hrx/ImageTitan/install/remote_decode/lib/python3.10/site-packages/remote_decode-0.0.0-py3.10.egg-info' (and everything under it)
[0.567s] Copying ../../build/remote_decode/remote_decode.egg-info to /home/hrx/ImageTitan/install/remote_decode/lib/python3.10/site-packages/remote_decode-0.0.0-py3.10.egg-info
[0.567s] running install_scripts
[0.578s] Installing decode script to /home/hrx/ImageTitan/install/remote_decode/lib/remote_decode
[0.578s] writing list of installed files to '/home/hrx/ImageTitan/build/remote_decode/install.log'
[0.590s] Invoked command in '/home/hrx/ImageTitan/src/remote_decode' returned '0': PYTHONPATH=/home/hrx/ImageTitan/build/remote_decode/prefix_override:/usr/lib/python3/dist-packages/colcon_core/task/python/colcon_distutils_commands:/home/hrx/ImageTitan/install/remote_decode/lib/python3.10/site-packages:${PYTHONPATH} /usr/bin/python3 -W ignore:setup.py install is deprecated setup.py egg_info --egg-base ../../build/remote_decode build --build-base /home/hrx/ImageTitan/build/remote_decode/build install --record /home/hrx/ImageTitan/build/remote_decode/install.log --single-version-externally-managed install_data
