[0.010s] Invoking command in '/home/hrx/ImageTitan/build/processed_remote': CMAKE_PREFIX_PATH=${CMAKE_PREFIX_PATH}:/home/hrx/ImageTitan/install/serial_send:/home/hrx/ImageTitan/install/remote_decode:/home/hrx/ps2_ws/install/ps2_decode:/home/hrx/dev_ws/install/lesson_topic:/home/hrx/dev_ws/install/lesson_service:/home/hrx/dev_ws/install/learning_urdf:/home/hrx/dev_ws/install/learning_tf:/home/hrx/dev_ws/install/learning_qos:/home/hrx/dev_ws/install/learning_parameter:/home/hrx/dev_ws/install/learning_launch:/home/hrx/dev_ws/install/learning_action:/home/hrx/dev_ws/install/learning_gazebo_fortress:/home/hrx/dev_ws/install/learning_gazebo:/home/hrx/dev_ws/install/learning_cv:/opt/ros/humble /usr/bin/cmake /home/hrx/ImageTitan/src/processed_remote -DCMAKE_INSTALL_PREFIX=/home/hrx/ImageTitan/install/processed_remote
[0.139s] -- The C compiler identification is GNU 11.4.0
[0.139s] -- The CXX compiler identification is GNU 11.4.0
[0.139s] -- Detecting C compiler ABI info
[0.139s] -- Detecting C compiler ABI info - done
[0.139s] -- Check for working C compiler: /usr/bin/cc - skipped
[0.139s] -- Detecting C compile features
[0.139s] -- Detecting C compile features - done
[0.139s] -- Detecting CXX compiler ABI info
[0.183s] -- Detecting CXX compiler ABI info - done
[0.187s] -- Check for working CXX compiler: /usr/bin/c++ - skipped
[0.187s] -- Detecting CXX compile features
[0.187s] -- Detecting CXX compile features - done
[0.189s] -- Found ament_cmake: 1.3.10 (/opt/ros/humble/share/ament_cmake/cmake)
[0.297s] -- Found Python3: /usr/bin/python3 (found version "3.10.12") found components: Interpreter 
[0.359s] -- Found rosidl_default_generators: 1.2.0 (/opt/ros/humble/share/rosidl_default_generators/cmake)
[0.362s] -- Using all available rosidl_typesupport_c: rosidl_typesupport_fastrtps_c;rosidl_typesupport_introspection_c
[0.366s] -- Found rosidl_adapter: 3.1.5 (/opt/ros/humble/share/rosidl_adapter/cmake)
[0.389s] -- Using all available rosidl_typesupport_cpp: rosidl_typesupport_fastrtps_cpp;rosidl_typesupport_introspection_cpp
[0.566s] -- Found ament_cmake_ros: 0.10.0 (/opt/ros/humble/share/ament_cmake_ros/cmake)
[0.687s] -- Using all available rosidl_typesupport_c: rosidl_typesupport_fastrtps_c;rosidl_typesupport_introspection_c
[0.838s] -- Using all available rosidl_typesupport_cpp: rosidl_typesupport_fastrtps_cpp;rosidl_typesupport_introspection_cpp
[0.854s] -- Found PythonInterp: /usr/bin/python3 (found suitable version "3.10.12", minimum required is "3.6") 
[0.855s] -- Found python_cmake_module: 0.10.0 (/opt/ros/humble/share/python_cmake_module/cmake)
[0.875s] -- Found PythonLibs: /usr/lib/x86_64-linux-gnu/libpython3.10.so (found suitable version "3.10.12", minimum required is "3.5") 
[0.875s] -- Using PYTHON_EXECUTABLE: /usr/bin/python3
[0.875s] -- Using PYTHON_INCLUDE_DIRS: /usr/include/python3.10
[0.875s] -- Using PYTHON_LIBRARIES: /usr/lib/x86_64-linux-gnu/libpython3.10.so
[0.891s] -- Found PythonExtra: .so  
[0.913s] -- Found ament_lint_auto: 0.12.11 (/opt/ros/humble/share/ament_lint_auto/cmake)
[0.924s] -- Added test 'lint_cmake' to check CMake code style
[0.924s] -- Added test 'xmllint' to check XML markup files
[0.925s] -- Configuring done
[0.937s] -- Generating done
[0.938s] -- Build files have been written to: /home/hrx/ImageTitan/build/processed_remote
[0.941s] Invoked command in '/home/hrx/ImageTitan/build/processed_remote' returned '0': CMAKE_PREFIX_PATH=${CMAKE_PREFIX_PATH}:/home/hrx/ImageTitan/install/serial_send:/home/hrx/ImageTitan/install/remote_decode:/home/hrx/ps2_ws/install/ps2_decode:/home/hrx/dev_ws/install/lesson_topic:/home/hrx/dev_ws/install/lesson_service:/home/hrx/dev_ws/install/learning_urdf:/home/hrx/dev_ws/install/learning_tf:/home/hrx/dev_ws/install/learning_qos:/home/hrx/dev_ws/install/learning_parameter:/home/hrx/dev_ws/install/learning_launch:/home/hrx/dev_ws/install/learning_action:/home/hrx/dev_ws/install/learning_gazebo_fortress:/home/hrx/dev_ws/install/learning_gazebo:/home/hrx/dev_ws/install/learning_cv:/opt/ros/humble /usr/bin/cmake /home/hrx/ImageTitan/src/processed_remote -DCMAKE_INSTALL_PREFIX=/home/hrx/ImageTitan/install/processed_remote
[0.942s] Invoking command in '/home/hrx/ImageTitan/build/processed_remote': CMAKE_PREFIX_PATH=${CMAKE_PREFIX_PATH}:/home/hrx/ImageTitan/install/serial_send:/home/hrx/ImageTitan/install/remote_decode:/home/hrx/ps2_ws/install/ps2_decode:/home/hrx/dev_ws/install/lesson_topic:/home/hrx/dev_ws/install/lesson_service:/home/hrx/dev_ws/install/learning_urdf:/home/hrx/dev_ws/install/learning_tf:/home/hrx/dev_ws/install/learning_qos:/home/hrx/dev_ws/install/learning_parameter:/home/hrx/dev_ws/install/learning_launch:/home/hrx/dev_ws/install/learning_action:/home/hrx/dev_ws/install/learning_gazebo_fortress:/home/hrx/dev_ws/install/learning_gazebo:/home/hrx/dev_ws/install/learning_cv:/opt/ros/humble /usr/bin/cmake --build /home/hrx/ImageTitan/build/processed_remote -- -j20 -l20
[0.975s] [  3%] [34m[1mGenerating C code for ROS interfaces[0m
[0.979s] [  6%] [34m[1mGenerating C++ code for ROS interfaces[0m
[0.987s] [  6%] Built target ament_cmake_python_copy_processed_remote
[1.100s] [  6%] Built target processed_remote__cpp
[1.105s] [  9%] [34m[1mGenerating C++ introspection for ROS interfaces[0m
[1.105s] [ 12%] [34m[1mGenerating C++ type support dispatch for ROS interfaces[0m
[1.107s] [ 16%] [34m[1mGenerating C++ type support for eProsima Fast-RTPS[0m
[1.108s] running egg_info
[1.108s] creating processed_remote.egg-info
[1.109s] writing processed_remote.egg-info/PKG-INFO
[1.109s] writing dependency_links to processed_remote.egg-info/dependency_links.txt
[1.109s] writing top-level names to processed_remote.egg-info/top_level.txt
[1.109s] writing manifest file 'processed_remote.egg-info/SOURCES.txt'
[1.110s] [ 19%] [32mBuilding C object CMakeFiles/processed_remote__rosidl_generator_c.dir/rosidl_generator_c/processed_remote/msg/detail/processed_remote__functions.c.o[0m
[1.110s] reading manifest file 'processed_remote.egg-info/SOURCES.txt'
[1.110s] writing manifest file 'processed_remote.egg-info/SOURCES.txt'
[1.125s] [ 19%] Built target ament_cmake_python_build_processed_remote_egg
[1.138s] [ 22%] [32m[1mLinking C shared library libprocessed_remote__rosidl_generator_c.so[0m
[1.162s] [ 22%] Built target processed_remote__rosidl_generator_c
[1.167s] [ 25%] [34m[1mGenerating C type support dispatch for ROS interfaces[0m
[1.167s] [ 29%] [34m[1mGenerating C type support for eProsima Fast-RTPS[0m
[1.169s] [ 32%] [34m[1mGenerating C introspection for ROS interfaces[0m
[1.225s] [ 35%] [32mBuilding CXX object CMakeFiles/processed_remote__rosidl_typesupport_cpp.dir/rosidl_typesupport_cpp/processed_remote/msg/processed_remote__type_support.cpp.o[0m
[1.237s] [ 38%] [32mBuilding CXX object CMakeFiles/processed_remote__rosidl_typesupport_introspection_cpp.dir/rosidl_typesupport_introspection_cpp/processed_remote/msg/detail/processed_remote__type_support.cpp.o[0m
[1.238s] [ 41%] [32mBuilding CXX object CMakeFiles/processed_remote__rosidl_typesupport_fastrtps_cpp.dir/rosidl_typesupport_fastrtps_cpp/processed_remote/msg/detail/dds_fastrtps/processed_remote__type_support.cpp.o[0m
[1.285s] [ 45%] [32mBuilding CXX object CMakeFiles/processed_remote__rosidl_typesupport_c.dir/rosidl_typesupport_c/processed_remote/msg/processed_remote__type_support.cpp.o[0m
[1.294s] [ 48%] [32mBuilding CXX object CMakeFiles/processed_remote__rosidl_typesupport_fastrtps_c.dir/rosidl_typesupport_fastrtps_c/processed_remote/msg/detail/processed_remote__type_support_c.cpp.o[0m
[1.300s] [ 51%] [32mBuilding C object CMakeFiles/processed_remote__rosidl_typesupport_introspection_c.dir/rosidl_typesupport_introspection_c/processed_remote/msg/detail/processed_remote__type_support.c.o[0m
[1.306s] [ 54%] [32m[1mLinking CXX shared library libprocessed_remote__rosidl_typesupport_c.so[0m
[1.325s] [ 58%] [32m[1mLinking C shared library libprocessed_remote__rosidl_typesupport_introspection_c.so[0m
[1.338s] [ 58%] Built target processed_remote__rosidl_typesupport_c
[1.345s] [ 58%] Built target processed_remote__rosidl_typesupport_introspection_c
[1.350s] [ 61%] [32m[1mLinking CXX shared library libprocessed_remote__rosidl_typesupport_cpp.so[0m
[1.377s] [ 61%] Built target processed_remote__rosidl_typesupport_cpp
[1.446s] [ 64%] [32m[1mLinking CXX shared library libprocessed_remote__rosidl_typesupport_introspection_cpp.so[0m
[1.451s] [ 67%] [32m[1mLinking CXX shared library libprocessed_remote__rosidl_typesupport_fastrtps_c.so[0m
[1.466s] [ 70%] [32m[1mLinking CXX shared library libprocessed_remote__rosidl_typesupport_fastrtps_cpp.so[0m
[1.488s] [ 70%] Built target processed_remote__rosidl_typesupport_introspection_cpp
[1.492s] [ 70%] Built target processed_remote__rosidl_typesupport_fastrtps_c
[1.510s] [ 70%] Built target processed_remote__rosidl_typesupport_fastrtps_cpp
[1.520s] [ 70%] Built target processed_remote
[1.533s] [ 74%] [34m[1mGenerating Python code for ROS interfaces[0m
[1.682s] [ 74%] Built target processed_remote__py
[1.695s] [ 77%] [32mBuilding C object CMakeFiles/processed_remote__rosidl_generator_py.dir/rosidl_generator_py/processed_remote/msg/_processed_remote_s.c.o[0m
[1.759s] [ 80%] [32m[1mLinking C shared library rosidl_generator_py/processed_remote/libprocessed_remote__rosidl_generator_py.so[0m
[1.797s] [ 80%] Built target processed_remote__rosidl_generator_py
[1.810s] [ 83%] [32mBuilding C object CMakeFiles/processed_remote__rosidl_typesupport_c__pyext.dir/rosidl_generator_py/processed_remote/_processed_remote_s.ep.rosidl_typesupport_c.c.o[0m
[1.813s] [ 87%] [32mBuilding C object CMakeFiles/processed_remote__rosidl_typesupport_introspection_c__pyext.dir/rosidl_generator_py/processed_remote/_processed_remote_s.ep.rosidl_typesupport_introspection_c.c.o[0m
[1.813s] [ 90%] [32mBuilding C object CMakeFiles/processed_remote__rosidl_typesupport_fastrtps_c__pyext.dir/rosidl_generator_py/processed_remote/_processed_remote_s.ep.rosidl_typesupport_fastrtps_c.c.o[0m
[1.856s] [ 93%] [32m[1mLinking C shared library rosidl_generator_py/processed_remote/processed_remote_s__rosidl_typesupport_c.cpython-310-x86_64-linux-gnu.so[0m
[1.860s] [ 96%] [32m[1mLinking C shared library rosidl_generator_py/processed_remote/processed_remote_s__rosidl_typesupport_fastrtps_c.cpython-310-x86_64-linux-gnu.so[0m
[1.861s] [100%] [32m[1mLinking C shared library rosidl_generator_py/processed_remote/processed_remote_s__rosidl_typesupport_introspection_c.cpython-310-x86_64-linux-gnu.so[0m
[1.875s] [100%] Built target processed_remote__rosidl_typesupport_c__pyext
[1.879s] [100%] Built target processed_remote__rosidl_typesupport_introspection_c__pyext
[1.881s] [100%] Built target processed_remote__rosidl_typesupport_fastrtps_c__pyext
[1.887s] Invoked command in '/home/hrx/ImageTitan/build/processed_remote' returned '0': CMAKE_PREFIX_PATH=${CMAKE_PREFIX_PATH}:/home/hrx/ImageTitan/install/serial_send:/home/hrx/ImageTitan/install/remote_decode:/home/hrx/ps2_ws/install/ps2_decode:/home/hrx/dev_ws/install/lesson_topic:/home/hrx/dev_ws/install/lesson_service:/home/hrx/dev_ws/install/learning_urdf:/home/hrx/dev_ws/install/learning_tf:/home/hrx/dev_ws/install/learning_qos:/home/hrx/dev_ws/install/learning_parameter:/home/hrx/dev_ws/install/learning_launch:/home/hrx/dev_ws/install/learning_action:/home/hrx/dev_ws/install/learning_gazebo_fortress:/home/hrx/dev_ws/install/learning_gazebo:/home/hrx/dev_ws/install/learning_cv:/opt/ros/humble /usr/bin/cmake --build /home/hrx/ImageTitan/build/processed_remote -- -j20 -l20
[1.933s] Invoking command in '/home/hrx/ImageTitan/build/processed_remote': CMAKE_PREFIX_PATH=${CMAKE_PREFIX_PATH}:/home/hrx/ImageTitan/install/serial_send:/home/hrx/ImageTitan/install/remote_decode:/home/hrx/ps2_ws/install/ps2_decode:/home/hrx/dev_ws/install/lesson_topic:/home/hrx/dev_ws/install/lesson_service:/home/hrx/dev_ws/install/learning_urdf:/home/hrx/dev_ws/install/learning_tf:/home/hrx/dev_ws/install/learning_qos:/home/hrx/dev_ws/install/learning_parameter:/home/hrx/dev_ws/install/learning_launch:/home/hrx/dev_ws/install/learning_action:/home/hrx/dev_ws/install/learning_gazebo_fortress:/home/hrx/dev_ws/install/learning_gazebo:/home/hrx/dev_ws/install/learning_cv:/opt/ros/humble /usr/bin/cmake --install /home/hrx/ImageTitan/build/processed_remote
[1.939s] -- Install configuration: ""
[1.939s] -- Installing: /home/hrx/ImageTitan/install/processed_remote/share/ament_index/resource_index/rosidl_interfaces/processed_remote
[1.939s] -- Installing: /home/hrx/ImageTitan/install/processed_remote/include/processed_remote/processed_remote
[1.939s] -- Installing: /home/hrx/ImageTitan/install/processed_remote/include/processed_remote/processed_remote/msg
[1.939s] -- Installing: /home/hrx/ImageTitan/install/processed_remote/include/processed_remote/processed_remote/msg/processed_remote.h
[1.939s] -- Installing: /home/hrx/ImageTitan/install/processed_remote/include/processed_remote/processed_remote/msg/rosidl_generator_c__visibility_control.h
[1.939s] -- Installing: /home/hrx/ImageTitan/install/processed_remote/include/processed_remote/processed_remote/msg/detail
[1.939s] -- Installing: /home/hrx/ImageTitan/install/processed_remote/include/processed_remote/processed_remote/msg/detail/processed_remote__functions.c
[1.939s] -- Installing: /home/hrx/ImageTitan/install/processed_remote/include/processed_remote/processed_remote/msg/detail/processed_remote__type_support.h
[1.939s] -- Installing: /home/hrx/ImageTitan/install/processed_remote/include/processed_remote/processed_remote/msg/detail/processed_remote__struct.h
[1.940s] -- Installing: /home/hrx/ImageTitan/install/processed_remote/include/processed_remote/processed_remote/msg/detail/processed_remote__functions.h
[1.940s] -- Installing: /home/hrx/ImageTitan/install/processed_remote/share/processed_remote/environment/library_path.sh
[1.940s] -- Installing: /home/hrx/ImageTitan/install/processed_remote/share/processed_remote/environment/library_path.dsv
[1.940s] -- Installing: /home/hrx/ImageTitan/install/processed_remote/lib/libprocessed_remote__rosidl_generator_c.so
[1.940s] -- Set runtime path of "/home/hrx/ImageTitan/install/processed_remote/lib/libprocessed_remote__rosidl_generator_c.so" to ""
[1.940s] -- Up-to-date: /home/hrx/ImageTitan/install/processed_remote/include/processed_remote/processed_remote
[1.940s] -- Up-to-date: /home/hrx/ImageTitan/install/processed_remote/include/processed_remote/processed_remote/msg
[1.940s] -- Installing: /home/hrx/ImageTitan/install/processed_remote/include/processed_remote/processed_remote/msg/rosidl_typesupport_fastrtps_c__visibility_control.h
[1.940s] -- Up-to-date: /home/hrx/ImageTitan/install/processed_remote/include/processed_remote/processed_remote/msg/detail
[1.940s] -- Installing: /home/hrx/ImageTitan/install/processed_remote/include/processed_remote/processed_remote/msg/detail/processed_remote__rosidl_typesupport_fastrtps_c.h
[1.940s] -- Installing: /home/hrx/ImageTitan/install/processed_remote/lib/libprocessed_remote__rosidl_typesupport_fastrtps_c.so
[1.940s] -- Set runtime path of "/home/hrx/ImageTitan/install/processed_remote/lib/libprocessed_remote__rosidl_typesupport_fastrtps_c.so" to ""
[1.940s] -- Up-to-date: /home/hrx/ImageTitan/install/processed_remote/include/processed_remote/processed_remote
[1.940s] -- Up-to-date: /home/hrx/ImageTitan/install/processed_remote/include/processed_remote/processed_remote/msg
[1.940s] -- Installing: /home/hrx/ImageTitan/install/processed_remote/include/processed_remote/processed_remote/msg/rosidl_typesupport_introspection_c__visibility_control.h
[1.940s] -- Up-to-date: /home/hrx/ImageTitan/install/processed_remote/include/processed_remote/processed_remote/msg/detail
[1.940s] -- Installing: /home/hrx/ImageTitan/install/processed_remote/include/processed_remote/processed_remote/msg/detail/processed_remote__rosidl_typesupport_introspection_c.h
[1.940s] -- Installing: /home/hrx/ImageTitan/install/processed_remote/include/processed_remote/processed_remote/msg/detail/processed_remote__type_support.c
[1.940s] -- Installing: /home/hrx/ImageTitan/install/processed_remote/lib/libprocessed_remote__rosidl_typesupport_introspection_c.so
[1.940s] -- Set runtime path of "/home/hrx/ImageTitan/install/processed_remote/lib/libprocessed_remote__rosidl_typesupport_introspection_c.so" to ""
[1.940s] -- Installing: /home/hrx/ImageTitan/install/processed_remote/lib/libprocessed_remote__rosidl_typesupport_c.so
[1.940s] -- Set runtime path of "/home/hrx/ImageTitan/install/processed_remote/lib/libprocessed_remote__rosidl_typesupport_c.so" to ""
[1.941s] -- Up-to-date: /home/hrx/ImageTitan/install/processed_remote/include/processed_remote/processed_remote
[1.941s] -- Up-to-date: /home/hrx/ImageTitan/install/processed_remote/include/processed_remote/processed_remote/msg
[1.941s] -- Up-to-date: /home/hrx/ImageTitan/install/processed_remote/include/processed_remote/processed_remote/msg/detail
[1.941s] -- Installing: /home/hrx/ImageTitan/install/processed_remote/include/processed_remote/processed_remote/msg/detail/processed_remote__struct.hpp
[1.941s] -- Installing: /home/hrx/ImageTitan/install/processed_remote/include/processed_remote/processed_remote/msg/detail/processed_remote__traits.hpp
[1.941s] -- Installing: /home/hrx/ImageTitan/install/processed_remote/include/processed_remote/processed_remote/msg/detail/processed_remote__builder.hpp
[1.941s] -- Installing: /home/hrx/ImageTitan/install/processed_remote/include/processed_remote/processed_remote/msg/processed_remote.hpp
[1.941s] -- Up-to-date: /home/hrx/ImageTitan/install/processed_remote/include/processed_remote/processed_remote
[1.941s] -- Up-to-date: /home/hrx/ImageTitan/install/processed_remote/include/processed_remote/processed_remote/msg
[1.941s] -- Installing: /home/hrx/ImageTitan/install/processed_remote/include/processed_remote/processed_remote/msg/rosidl_typesupport_fastrtps_cpp__visibility_control.h
[1.941s] -- Up-to-date: /home/hrx/ImageTitan/install/processed_remote/include/processed_remote/processed_remote/msg/detail
[1.941s] -- Installing: /home/hrx/ImageTitan/install/processed_remote/include/processed_remote/processed_remote/msg/detail/processed_remote__rosidl_typesupport_fastrtps_cpp.hpp
[1.941s] -- Installing: /home/hrx/ImageTitan/install/processed_remote/include/processed_remote/processed_remote/msg/detail/dds_fastrtps
[1.941s] -- Installing: /home/hrx/ImageTitan/install/processed_remote/lib/libprocessed_remote__rosidl_typesupport_fastrtps_cpp.so
[1.941s] -- Set runtime path of "/home/hrx/ImageTitan/install/processed_remote/lib/libprocessed_remote__rosidl_typesupport_fastrtps_cpp.so" to ""
[1.941s] -- Up-to-date: /home/hrx/ImageTitan/install/processed_remote/include/processed_remote/processed_remote
[1.941s] -- Up-to-date: /home/hrx/ImageTitan/install/processed_remote/include/processed_remote/processed_remote/msg
[1.941s] -- Up-to-date: /home/hrx/ImageTitan/install/processed_remote/include/processed_remote/processed_remote/msg/detail
[1.941s] -- Installing: /home/hrx/ImageTitan/install/processed_remote/include/processed_remote/processed_remote/msg/detail/processed_remote__type_support.cpp
[1.941s] -- Installing: /home/hrx/ImageTitan/install/processed_remote/include/processed_remote/processed_remote/msg/detail/processed_remote__rosidl_typesupport_introspection_cpp.hpp
[1.941s] -- Installing: /home/hrx/ImageTitan/install/processed_remote/lib/libprocessed_remote__rosidl_typesupport_introspection_cpp.so
[1.941s] -- Set runtime path of "/home/hrx/ImageTitan/install/processed_remote/lib/libprocessed_remote__rosidl_typesupport_introspection_cpp.so" to ""
[1.941s] -- Installing: /home/hrx/ImageTitan/install/processed_remote/lib/libprocessed_remote__rosidl_typesupport_cpp.so
[1.941s] -- Set runtime path of "/home/hrx/ImageTitan/install/processed_remote/lib/libprocessed_remote__rosidl_typesupport_cpp.so" to ""
[1.942s] -- Installing: /home/hrx/ImageTitan/install/processed_remote/share/processed_remote/environment/pythonpath.sh
[1.942s] -- Installing: /home/hrx/ImageTitan/install/processed_remote/share/processed_remote/environment/pythonpath.dsv
[1.942s] -- Installing: /home/hrx/ImageTitan/install/processed_remote/local/lib/python3.10/dist-packages/processed_remote-0.0.0-py3.10.egg-info
[1.942s] -- Installing: /home/hrx/ImageTitan/install/processed_remote/local/lib/python3.10/dist-packages/processed_remote-0.0.0-py3.10.egg-info/dependency_links.txt
[1.942s] -- Installing: /home/hrx/ImageTitan/install/processed_remote/local/lib/python3.10/dist-packages/processed_remote-0.0.0-py3.10.egg-info/PKG-INFO
[1.942s] -- Installing: /home/hrx/ImageTitan/install/processed_remote/local/lib/python3.10/dist-packages/processed_remote-0.0.0-py3.10.egg-info/top_level.txt
[1.942s] -- Installing: /home/hrx/ImageTitan/install/processed_remote/local/lib/python3.10/dist-packages/processed_remote-0.0.0-py3.10.egg-info/SOURCES.txt
[1.942s] -- Installing: /home/hrx/ImageTitan/install/processed_remote/local/lib/python3.10/dist-packages/processed_remote
[1.942s] -- Installing: /home/hrx/ImageTitan/install/processed_remote/local/lib/python3.10/dist-packages/processed_remote/processed_remote_s__rosidl_typesupport_c.cpython-310-x86_64-linux-gnu.so
[1.942s] -- Installing: /home/hrx/ImageTitan/install/processed_remote/local/lib/python3.10/dist-packages/processed_remote/_processed_remote_s.ep.rosidl_typesupport_introspection_c.c
[1.942s] -- Installing: /home/hrx/ImageTitan/install/processed_remote/local/lib/python3.10/dist-packages/processed_remote/processed_remote_s__rosidl_typesupport_introspection_c.cpython-310-x86_64-linux-gnu.so
[1.942s] -- Installing: /home/hrx/ImageTitan/install/processed_remote/local/lib/python3.10/dist-packages/processed_remote/processed_remote_s__rosidl_typesupport_fastrtps_c.cpython-310-x86_64-linux-gnu.so
[1.942s] -- Installing: /home/hrx/ImageTitan/install/processed_remote/local/lib/python3.10/dist-packages/processed_remote/__init__.py
[1.942s] -- Installing: /home/hrx/ImageTitan/install/processed_remote/local/lib/python3.10/dist-packages/processed_remote/_processed_remote_s.ep.rosidl_typesupport_c.c
[1.942s] -- Installing: /home/hrx/ImageTitan/install/processed_remote/local/lib/python3.10/dist-packages/processed_remote/_processed_remote_s.ep.rosidl_typesupport_fastrtps_c.c
[1.942s] -- Installing: /home/hrx/ImageTitan/install/processed_remote/local/lib/python3.10/dist-packages/processed_remote/msg
[1.942s] -- Installing: /home/hrx/ImageTitan/install/processed_remote/local/lib/python3.10/dist-packages/processed_remote/msg/__init__.py
[1.942s] -- Installing: /home/hrx/ImageTitan/install/processed_remote/local/lib/python3.10/dist-packages/processed_remote/msg/_processed_remote.py
[1.942s] -- Installing: /home/hrx/ImageTitan/install/processed_remote/local/lib/python3.10/dist-packages/processed_remote/msg/_processed_remote_s.c
[1.942s] -- Installing: /home/hrx/ImageTitan/install/processed_remote/local/lib/python3.10/dist-packages/processed_remote/libprocessed_remote__rosidl_generator_py.so
[1.964s] Listing '/home/hrx/ImageTitan/install/processed_remote/local/lib/python3.10/dist-packages/processed_remote'...
[1.964s] Compiling '/home/hrx/ImageTitan/install/processed_remote/local/lib/python3.10/dist-packages/processed_remote/__init__.py'...
[1.964s] Listing '/home/hrx/ImageTitan/install/processed_remote/local/lib/python3.10/dist-packages/processed_remote/msg'...
[1.964s] Compiling '/home/hrx/ImageTitan/install/processed_remote/local/lib/python3.10/dist-packages/processed_remote/msg/__init__.py'...
[1.964s] Compiling '/home/hrx/ImageTitan/install/processed_remote/local/lib/python3.10/dist-packages/processed_remote/msg/_processed_remote.py'...
[1.966s] -- Installing: /home/hrx/ImageTitan/install/processed_remote/local/lib/python3.10/dist-packages/processed_remote/processed_remote_s__rosidl_typesupport_fastrtps_c.cpython-310-x86_64-linux-gnu.so
[1.966s] -- Set runtime path of "/home/hrx/ImageTitan/install/processed_remote/local/lib/python3.10/dist-packages/processed_remote/processed_remote_s__rosidl_typesupport_fastrtps_c.cpython-310-x86_64-linux-gnu.so" to ""
[1.966s] -- Installing: /home/hrx/ImageTitan/install/processed_remote/local/lib/python3.10/dist-packages/processed_remote/processed_remote_s__rosidl_typesupport_introspection_c.cpython-310-x86_64-linux-gnu.so
[1.966s] -- Set runtime path of "/home/hrx/ImageTitan/install/processed_remote/local/lib/python3.10/dist-packages/processed_remote/processed_remote_s__rosidl_typesupport_introspection_c.cpython-310-x86_64-linux-gnu.so" to ""
[1.966s] -- Installing: /home/hrx/ImageTitan/install/processed_remote/local/lib/python3.10/dist-packages/processed_remote/processed_remote_s__rosidl_typesupport_c.cpython-310-x86_64-linux-gnu.so
[1.966s] -- Set runtime path of "/home/hrx/ImageTitan/install/processed_remote/local/lib/python3.10/dist-packages/processed_remote/processed_remote_s__rosidl_typesupport_c.cpython-310-x86_64-linux-gnu.so" to ""
[1.966s] -- Installing: /home/hrx/ImageTitan/install/processed_remote/lib/libprocessed_remote__rosidl_generator_py.so
[1.967s] -- Set runtime path of "/home/hrx/ImageTitan/install/processed_remote/lib/libprocessed_remote__rosidl_generator_py.so" to ""
[1.967s] -- Installing: /home/hrx/ImageTitan/install/processed_remote/share/processed_remote/msg/ProcessedRemote.idl
[1.967s] -- Installing: /home/hrx/ImageTitan/install/processed_remote/share/processed_remote/msg/ProcessedRemote.msg
[1.967s] -- Installing: /home/hrx/ImageTitan/install/processed_remote/share/ament_index/resource_index/package_run_dependencies/processed_remote
[1.967s] -- Installing: /home/hrx/ImageTitan/install/processed_remote/share/ament_index/resource_index/parent_prefix_path/processed_remote
[1.967s] -- Installing: /home/hrx/ImageTitan/install/processed_remote/share/processed_remote/environment/ament_prefix_path.sh
[1.967s] -- Installing: /home/hrx/ImageTitan/install/processed_remote/share/processed_remote/environment/ament_prefix_path.dsv
[1.967s] -- Installing: /home/hrx/ImageTitan/install/processed_remote/share/processed_remote/environment/path.sh
[1.967s] -- Installing: /home/hrx/ImageTitan/install/processed_remote/share/processed_remote/environment/path.dsv
[1.967s] -- Installing: /home/hrx/ImageTitan/install/processed_remote/share/processed_remote/local_setup.bash
[1.967s] -- Installing: /home/hrx/ImageTitan/install/processed_remote/share/processed_remote/local_setup.sh
[1.967s] -- Installing: /home/hrx/ImageTitan/install/processed_remote/share/processed_remote/local_setup.zsh
[1.967s] -- Installing: /home/hrx/ImageTitan/install/processed_remote/share/processed_remote/local_setup.dsv
[1.967s] -- Installing: /home/hrx/ImageTitan/install/processed_remote/share/processed_remote/package.dsv
[1.967s] -- Installing: /home/hrx/ImageTitan/install/processed_remote/share/ament_index/resource_index/packages/processed_remote
[1.967s] -- Installing: /home/hrx/ImageTitan/install/processed_remote/share/processed_remote/cmake/export_processed_remote__rosidl_generator_cExport.cmake
[1.967s] -- Installing: /home/hrx/ImageTitan/install/processed_remote/share/processed_remote/cmake/export_processed_remote__rosidl_generator_cExport-noconfig.cmake
[1.967s] -- Installing: /home/hrx/ImageTitan/install/processed_remote/share/processed_remote/cmake/export_processed_remote__rosidl_typesupport_fastrtps_cExport.cmake
[1.967s] -- Installing: /home/hrx/ImageTitan/install/processed_remote/share/processed_remote/cmake/export_processed_remote__rosidl_typesupport_fastrtps_cExport-noconfig.cmake
[1.967s] -- Installing: /home/hrx/ImageTitan/install/processed_remote/share/processed_remote/cmake/processed_remote__rosidl_typesupport_introspection_cExport.cmake
[1.967s] -- Installing: /home/hrx/ImageTitan/install/processed_remote/share/processed_remote/cmake/processed_remote__rosidl_typesupport_introspection_cExport-noconfig.cmake
[1.967s] -- Installing: /home/hrx/ImageTitan/install/processed_remote/share/processed_remote/cmake/processed_remote__rosidl_typesupport_cExport.cmake
[1.967s] -- Installing: /home/hrx/ImageTitan/install/processed_remote/share/processed_remote/cmake/processed_remote__rosidl_typesupport_cExport-noconfig.cmake
[1.967s] -- Installing: /home/hrx/ImageTitan/install/processed_remote/share/processed_remote/cmake/export_processed_remote__rosidl_generator_cppExport.cmake
[1.967s] -- Installing: /home/hrx/ImageTitan/install/processed_remote/share/processed_remote/cmake/export_processed_remote__rosidl_typesupport_fastrtps_cppExport.cmake
[1.968s] -- Installing: /home/hrx/ImageTitan/install/processed_remote/share/processed_remote/cmake/export_processed_remote__rosidl_typesupport_fastrtps_cppExport-noconfig.cmake
[1.968s] -- Installing: /home/hrx/ImageTitan/install/processed_remote/share/processed_remote/cmake/processed_remote__rosidl_typesupport_introspection_cppExport.cmake
[1.968s] -- Installing: /home/hrx/ImageTitan/install/processed_remote/share/processed_remote/cmake/processed_remote__rosidl_typesupport_introspection_cppExport-noconfig.cmake
[1.968s] -- Installing: /home/hrx/ImageTitan/install/processed_remote/share/processed_remote/cmake/processed_remote__rosidl_typesupport_cppExport.cmake
[1.968s] -- Installing: /home/hrx/ImageTitan/install/processed_remote/share/processed_remote/cmake/processed_remote__rosidl_typesupport_cppExport-noconfig.cmake
[1.968s] -- Installing: /home/hrx/ImageTitan/install/processed_remote/share/processed_remote/cmake/export_processed_remote__rosidl_generator_pyExport.cmake
[1.968s] -- Installing: /home/hrx/ImageTitan/install/processed_remote/share/processed_remote/cmake/export_processed_remote__rosidl_generator_pyExport-noconfig.cmake
[1.968s] -- Installing: /home/hrx/ImageTitan/install/processed_remote/share/processed_remote/cmake/rosidl_cmake-extras.cmake
[1.968s] -- Installing: /home/hrx/ImageTitan/install/processed_remote/share/processed_remote/cmake/ament_cmake_export_include_directories-extras.cmake
[1.968s] -- Installing: /home/hrx/ImageTitan/install/processed_remote/share/processed_remote/cmake/ament_cmake_export_libraries-extras.cmake
[1.968s] -- Installing: /home/hrx/ImageTitan/install/processed_remote/share/processed_remote/cmake/ament_cmake_export_targets-extras.cmake
[1.968s] -- Installing: /home/hrx/ImageTitan/install/processed_remote/share/processed_remote/cmake/rosidl_cmake_export_typesupport_targets-extras.cmake
[1.968s] -- Installing: /home/hrx/ImageTitan/install/processed_remote/share/processed_remote/cmake/ament_cmake_export_dependencies-extras.cmake
[1.968s] -- Installing: /home/hrx/ImageTitan/install/processed_remote/share/processed_remote/cmake/rosidl_cmake_export_typesupport_libraries-extras.cmake
[1.968s] -- Installing: /home/hrx/ImageTitan/install/processed_remote/share/processed_remote/cmake/processed_remoteConfig.cmake
[1.968s] -- Installing: /home/hrx/ImageTitan/install/processed_remote/share/processed_remote/cmake/processed_remoteConfig-version.cmake
[1.968s] -- Installing: /home/hrx/ImageTitan/install/processed_remote/share/processed_remote/package.xml
[1.970s] Invoked command in '/home/hrx/ImageTitan/build/processed_remote' returned '0': CMAKE_PREFIX_PATH=${CMAKE_PREFIX_PATH}:/home/hrx/ImageTitan/install/serial_send:/home/hrx/ImageTitan/install/remote_decode:/home/hrx/ps2_ws/install/ps2_decode:/home/hrx/dev_ws/install/lesson_topic:/home/hrx/dev_ws/install/lesson_service:/home/hrx/dev_ws/install/learning_urdf:/home/hrx/dev_ws/install/learning_tf:/home/hrx/dev_ws/install/learning_qos:/home/hrx/dev_ws/install/learning_parameter:/home/hrx/dev_ws/install/learning_launch:/home/hrx/dev_ws/install/learning_action:/home/hrx/dev_ws/install/learning_gazebo_fortress:/home/hrx/dev_ws/install/learning_gazebo:/home/hrx/dev_ws/install/learning_cv:/opt/ros/humble /usr/bin/cmake --install /home/hrx/ImageTitan/build/processed_remote
