running egg_info
creating ../../build/remote_decode/remote_decode.egg-info
writing ../../build/remote_decode/remote_decode.egg-info/PKG-INFO
writing dependency_links to ../../build/remote_decode/remote_decode.egg-info/dependency_links.txt
writing entry points to ../../build/remote_decode/remote_decode.egg-info/entry_points.txt
writing requirements to ../../build/remote_decode/remote_decode.egg-info/requires.txt
writing top-level names to ../../build/remote_decode/remote_decode.egg-info/top_level.txt
writing manifest file '../../build/remote_decode/remote_decode.egg-info/SOURCES.txt'
reading manifest file '../../build/remote_decode/remote_decode.egg-info/SOURCES.txt'
writing manifest file '../../build/remote_decode/remote_decode.egg-info/SOURCES.txt'
running build
running build_py
creating /home/hrx/ImageTitan/build/remote_decode/build
creating /home/hrx/ImageTitan/build/remote_decode/build/lib
creating /home/hrx/ImageTitan/build/remote_decode/build/lib/remote_decode
copying remote_decode/__init__.py -> /home/hrx/ImageTitan/build/remote_decode/build/lib/remote_decode
copying remote_decode/decode.py -> /home/hrx/ImageTitan/build/remote_decode/build/lib/remote_decode
running install
running install_lib
creating /home/hrx/ImageTitan/install/remote_decode/lib/python3.10/site-packages/remote_decode
copying /home/hrx/ImageTitan/build/remote_decode/build/lib/remote_decode/__init__.py -> /home/hrx/ImageTitan/install/remote_decode/lib/python3.10/site-packages/remote_decode
copying /home/hrx/ImageTitan/build/remote_decode/build/lib/remote_decode/decode.py -> /home/hrx/ImageTitan/install/remote_decode/lib/python3.10/site-packages/remote_decode
byte-compiling /home/hrx/ImageTitan/install/remote_decode/lib/python3.10/site-packages/remote_decode/__init__.py to __init__.cpython-310.pyc
byte-compiling /home/hrx/ImageTitan/install/remote_decode/lib/python3.10/site-packages/remote_decode/decode.py to decode.cpython-310.pyc
running install_data
creating /home/hrx/ImageTitan/install/remote_decode/share/ament_index
creating /home/hrx/ImageTitan/install/remote_decode/share/ament_index/resource_index
creating /home/hrx/ImageTitan/install/remote_decode/share/ament_index/resource_index/packages
copying resource/remote_decode -> /home/hrx/ImageTitan/install/remote_decode/share/ament_index/resource_index/packages
copying package.xml -> /home/hrx/ImageTitan/install/remote_decode/share/remote_decode
running install_egg_info
Copying ../../build/remote_decode/remote_decode.egg-info to /home/hrx/ImageTitan/install/remote_decode/lib/python3.10/site-packages/remote_decode-0.0.0-py3.10.egg-info
running install_scripts
Installing decode script to /home/hrx/ImageTitan/install/remote_decode/lib/remote_decode
writing list of installed files to '/home/hrx/ImageTitan/build/remote_decode/install.log'
