[0.417s] Invoking command in '/home/hrx/ImageTitan/src/remote_decode': PYTHONPATH=/home/hrx/ImageTitan/build/remote_decode/prefix_override:/usr/lib/python3/dist-packages/colcon_core/task/python/colcon_distutils_commands:/home/hrx/ImageTitan/install/remote_decode/lib/python3.10/site-packages:${PYTHONPATH} /usr/bin/python3 -W ignore:setup.py install is deprecated setup.py egg_info --egg-base ../../build/remote_decode build --build-base /home/hrx/ImageTitan/build/remote_decode/build install --record /home/hrx/ImageTitan/build/remote_decode/install.log --single-version-externally-managed install_data
[0.533s] running egg_info
[0.534s] creating ../../build/remote_decode/remote_decode.egg-info
[0.534s] writing ../../build/remote_decode/remote_decode.egg-info/PKG-INFO
[0.534s] writing dependency_links to ../../build/remote_decode/remote_decode.egg-info/dependency_links.txt
[0.534s] writing entry points to ../../build/remote_decode/remote_decode.egg-info/entry_points.txt
[0.534s] writing requirements to ../../build/remote_decode/remote_decode.egg-info/requires.txt
[0.534s] writing top-level names to ../../build/remote_decode/remote_decode.egg-info/top_level.txt
[0.534s] writing manifest file '../../build/remote_decode/remote_decode.egg-info/SOURCES.txt'
[0.535s] reading manifest file '../../build/remote_decode/remote_decode.egg-info/SOURCES.txt'
[0.535s] writing manifest file '../../build/remote_decode/remote_decode.egg-info/SOURCES.txt'
[0.535s] running build
[0.535s] running build_py
[0.535s] creating /home/hrx/ImageTitan/build/remote_decode/build
[0.535s] creating /home/hrx/ImageTitan/build/remote_decode/build/lib
[0.535s] creating /home/hrx/ImageTitan/build/remote_decode/build/lib/remote_decode
[0.535s] copying remote_decode/__init__.py -> /home/hrx/ImageTitan/build/remote_decode/build/lib/remote_decode
[0.535s] copying remote_decode/decode.py -> /home/hrx/ImageTitan/build/remote_decode/build/lib/remote_decode
[0.535s] running install
[0.535s] running install_lib
[0.536s] creating /home/hrx/ImageTitan/install/remote_decode/lib/python3.10/site-packages/remote_decode
[0.536s] copying /home/hrx/ImageTitan/build/remote_decode/build/lib/remote_decode/__init__.py -> /home/hrx/ImageTitan/install/remote_decode/lib/python3.10/site-packages/remote_decode
[0.536s] copying /home/hrx/ImageTitan/build/remote_decode/build/lib/remote_decode/decode.py -> /home/hrx/ImageTitan/install/remote_decode/lib/python3.10/site-packages/remote_decode
[0.536s] byte-compiling /home/hrx/ImageTitan/install/remote_decode/lib/python3.10/site-packages/remote_decode/__init__.py to __init__.cpython-310.pyc
[0.536s] byte-compiling /home/hrx/ImageTitan/install/remote_decode/lib/python3.10/site-packages/remote_decode/decode.py to decode.cpython-310.pyc
[0.536s] running install_data
[0.536s] creating /home/hrx/ImageTitan/install/remote_decode/share/ament_index
[0.537s] creating /home/hrx/ImageTitan/install/remote_decode/share/ament_index/resource_index
[0.537s] creating /home/hrx/ImageTitan/install/remote_decode/share/ament_index/resource_index/packages
[0.537s] copying resource/remote_decode -> /home/hrx/ImageTitan/install/remote_decode/share/ament_index/resource_index/packages
[0.537s] copying package.xml -> /home/hrx/ImageTitan/install/remote_decode/share/remote_decode
[0.537s] running install_egg_info
[0.538s] Copying ../../build/remote_decode/remote_decode.egg-info to /home/hrx/ImageTitan/install/remote_decode/lib/python3.10/site-packages/remote_decode-0.0.0-py3.10.egg-info
[0.538s] running install_scripts
[0.550s] Installing decode script to /home/hrx/ImageTitan/install/remote_decode/lib/remote_decode
[0.550s] writing list of installed files to '/home/hrx/ImageTitan/build/remote_decode/install.log'
[0.562s] Invoked command in '/home/hrx/ImageTitan/src/remote_decode' returned '0': PYTHONPATH=/home/hrx/ImageTitan/build/remote_decode/prefix_override:/usr/lib/python3/dist-packages/colcon_core/task/python/colcon_distutils_commands:/home/hrx/ImageTitan/install/remote_decode/lib/python3.10/site-packages:${PYTHONPATH} /usr/bin/python3 -W ignore:setup.py install is deprecated setup.py egg_info --egg-base ../../build/remote_decode build --build-base /home/hrx/ImageTitan/build/remote_decode/build install --record /home/hrx/ImageTitan/build/remote_decode/install.log --single-version-externally-managed install_data
