[0.012s] Invoking command in '/home/hrx/ImageTitan/build/joy_msg': CMAKE_PREFIX_PATH=${CMAKE_PREFIX_PATH}:/home/hrx/ImageTitan/install/serial_send:/home/hrx/ImageTitan/install/remote_decode:/home/hrx/ps2_ws/install/ps2_decode:/home/hrx/dev_ws/install/lesson_topic:/home/hrx/dev_ws/install/lesson_service:/home/hrx/dev_ws/install/learning_urdf:/home/hrx/dev_ws/install/learning_tf:/home/hrx/dev_ws/install/learning_qos:/home/hrx/dev_ws/install/learning_parameter:/home/hrx/dev_ws/install/learning_launch:/home/hrx/dev_ws/install/learning_action:/home/hrx/dev_ws/install/learning_gazebo_fortress:/home/hrx/dev_ws/install/learning_gazebo:/home/hrx/dev_ws/install/learning_cv:/opt/ros/humble /usr/bin/cmake --build /home/hrx/ImageTitan/build/joy_msg -- -j20 -l20
[0.145s] -- Found ament_cmake: 1.3.10 (/opt/ros/humble/share/ament_cmake/cmake)
[0.145s] -- Found rosidl_default_generators: 1.2.0 (/opt/ros/humble/share/rosidl_default_generators/cmake)
[0.145s] -- Using all available rosidl_typesupport_c: rosidl_typesupport_fastrtps_c;rosidl_typesupport_introspection_c
[0.145s] -- Found rosidl_adapter: 3.1.5 (/opt/ros/humble/share/rosidl_adapter/cmake)
[0.145s] -- Using all available rosidl_typesupport_cpp: rosidl_typesupport_fastrtps_cpp;rosidl_typesupport_introspection_cpp
[0.299s] -- Found ament_cmake_ros: 0.10.0 (/opt/ros/humble/share/ament_cmake_ros/cmake)
[0.422s] -- Using all available rosidl_typesupport_c: rosidl_typesupport_fastrtps_c;rosidl_typesupport_introspection_c
[0.589s] -- Using all available rosidl_typesupport_cpp: rosidl_typesupport_fastrtps_cpp;rosidl_typesupport_introspection_cpp
[0.604s] -- Found python_cmake_module: 0.10.0 (/opt/ros/humble/share/python_cmake_module/cmake)
[0.621s] -- Using PYTHON_EXECUTABLE: /usr/bin/python3
[0.621s] -- Using PYTHON_INCLUDE_DIRS: /usr/include/python3.10
[0.621s] -- Using PYTHON_LIBRARIES: /usr/lib/x86_64-linux-gnu/libpython3.10.so
[0.629s] -- Found ament_lint_auto: 0.12.11 (/opt/ros/humble/share/ament_lint_auto/cmake)
[0.633s] -- Added test 'lint_cmake' to check CMake code style
[0.633s] -- Added test 'xmllint' to check XML markup files
[0.634s] -- Configuring done
[0.646s] -- Generating done
[0.647s] -- Build files have been written to: /home/hrx/ImageTitan/build/joy_msg
[0.662s] [35m[1mConsolidate compiler generated dependencies of target joy_msg__rosidl_generator_c[0m
[0.666s] [  3%] Built target joy_msg__cpp
[0.669s] [ 12%] Built target joy_msg__rosidl_generator_c
[0.671s] [ 12%] Built target ament_cmake_python_copy_joy_msg
[0.673s] [35m[1mConsolidate compiler generated dependencies of target joy_msg__rosidl_typesupport_fastrtps_cpp[0m
[0.674s] [35m[1mConsolidate compiler generated dependencies of target joy_msg__rosidl_typesupport_cpp[0m
[0.677s] [35m[1mConsolidate compiler generated dependencies of target joy_msg__rosidl_typesupport_introspection_cpp[0m
[0.680s] [35m[1mConsolidate compiler generated dependencies of target joy_msg__rosidl_typesupport_introspection_c[0m
[0.680s] [35m[1mConsolidate compiler generated dependencies of target joy_msg__rosidl_typesupport_c[0m
[0.682s] [35m[1mConsolidate compiler generated dependencies of target joy_msg__rosidl_typesupport_fastrtps_c[0m
[0.691s] [ 22%] Built target joy_msg__rosidl_typesupport_cpp
[0.692s] [ 32%] Built target joy_msg__rosidl_typesupport_fastrtps_cpp
[0.694s] [ 41%] Built target joy_msg__rosidl_typesupport_introspection_cpp
[0.696s] [ 51%] Built target joy_msg__rosidl_typesupport_introspection_c
[0.698s] [ 61%] Built target joy_msg__rosidl_typesupport_c
[0.699s] [ 70%] Built target joy_msg__rosidl_typesupport_fastrtps_c
[0.712s] [ 70%] Built target joy_msg
[0.725s] [ 74%] Built target joy_msg__py
[0.733s] [35m[1mConsolidate compiler generated dependencies of target joy_msg__rosidl_generator_py[0m
[0.741s] [ 80%] Built target joy_msg__rosidl_generator_py
[0.747s] [35m[1mConsolidate compiler generated dependencies of target joy_msg__rosidl_typesupport_c__pyext[0m
[0.747s] [35m[1mConsolidate compiler generated dependencies of target joy_msg__rosidl_typesupport_introspection_c__pyext[0m
[0.748s] [35m[1mConsolidate compiler generated dependencies of target joy_msg__rosidl_typesupport_fastrtps_c__pyext[0m
[0.753s] [ 87%] Built target joy_msg__rosidl_typesupport_fastrtps_c__pyext
[0.755s] [100%] Built target joy_msg__rosidl_typesupport_introspection_c__pyext
[0.755s] [100%] Built target joy_msg__rosidl_typesupport_c__pyext
[0.813s] running egg_info
[0.814s] writing joy_msg.egg-info/PKG-INFO
[0.814s] writing dependency_links to joy_msg.egg-info/dependency_links.txt
[0.814s] writing top-level names to joy_msg.egg-info/top_level.txt
[0.815s] reading manifest file 'joy_msg.egg-info/SOURCES.txt'
[0.815s] writing manifest file 'joy_msg.egg-info/SOURCES.txt'
[0.829s] [100%] Built target ament_cmake_python_build_joy_msg_egg
[0.837s] Invoked command in '/home/hrx/ImageTitan/build/joy_msg' returned '0': CMAKE_PREFIX_PATH=${CMAKE_PREFIX_PATH}:/home/hrx/ImageTitan/install/serial_send:/home/hrx/ImageTitan/install/remote_decode:/home/hrx/ps2_ws/install/ps2_decode:/home/hrx/dev_ws/install/lesson_topic:/home/hrx/dev_ws/install/lesson_service:/home/hrx/dev_ws/install/learning_urdf:/home/hrx/dev_ws/install/learning_tf:/home/hrx/dev_ws/install/learning_qos:/home/hrx/dev_ws/install/learning_parameter:/home/hrx/dev_ws/install/learning_launch:/home/hrx/dev_ws/install/learning_action:/home/hrx/dev_ws/install/learning_gazebo_fortress:/home/hrx/dev_ws/install/learning_gazebo:/home/hrx/dev_ws/install/learning_cv:/opt/ros/humble /usr/bin/cmake --build /home/hrx/ImageTitan/build/joy_msg -- -j20 -l20
[0.886s] Invoking command in '/home/hrx/ImageTitan/build/joy_msg': CMAKE_PREFIX_PATH=${CMAKE_PREFIX_PATH}:/home/hrx/ImageTitan/install/serial_send:/home/hrx/ImageTitan/install/remote_decode:/home/hrx/ps2_ws/install/ps2_decode:/home/hrx/dev_ws/install/lesson_topic:/home/hrx/dev_ws/install/lesson_service:/home/hrx/dev_ws/install/learning_urdf:/home/hrx/dev_ws/install/learning_tf:/home/hrx/dev_ws/install/learning_qos:/home/hrx/dev_ws/install/learning_parameter:/home/hrx/dev_ws/install/learning_launch:/home/hrx/dev_ws/install/learning_action:/home/hrx/dev_ws/install/learning_gazebo_fortress:/home/hrx/dev_ws/install/learning_gazebo:/home/hrx/dev_ws/install/learning_cv:/opt/ros/humble /usr/bin/cmake --install /home/hrx/ImageTitan/build/joy_msg
[0.897s] -- Install configuration: ""
[0.898s] -- Up-to-date: /home/hrx/ImageTitan/install/joy_msg/share/ament_index/resource_index/rosidl_interfaces/joy_msg
[0.898s] -- Up-to-date: /home/hrx/ImageTitan/install/joy_msg/include/joy_msg/joy_msg
[0.898s] -- Up-to-date: /home/hrx/ImageTitan/install/joy_msg/include/joy_msg/joy_msg/msg
[0.898s] -- Up-to-date: /home/hrx/ImageTitan/install/joy_msg/include/joy_msg/joy_msg/msg/joystick_data.h
[0.898s] -- Up-to-date: /home/hrx/ImageTitan/install/joy_msg/include/joy_msg/joy_msg/msg/rosidl_generator_c__visibility_control.h
[0.898s] -- Up-to-date: /home/hrx/ImageTitan/install/joy_msg/include/joy_msg/joy_msg/msg/detail
[0.898s] -- Up-to-date: /home/hrx/ImageTitan/install/joy_msg/include/joy_msg/joy_msg/msg/detail/joystick_data__functions.c
[0.898s] -- Up-to-date: /home/hrx/ImageTitan/install/joy_msg/include/joy_msg/joy_msg/msg/detail/joystick_data__struct.h
[0.898s] -- Up-to-date: /home/hrx/ImageTitan/install/joy_msg/include/joy_msg/joy_msg/msg/detail/joystick_data__type_support.h
[0.899s] -- Up-to-date: /home/hrx/ImageTitan/install/joy_msg/include/joy_msg/joy_msg/msg/detail/joystick_data__functions.h
[0.899s] -- Up-to-date: /home/hrx/ImageTitan/install/joy_msg/share/joy_msg/environment/library_path.sh
[0.899s] -- Installing: /home/hrx/ImageTitan/install/joy_msg/share/joy_msg/environment/library_path.dsv
[0.899s] -- Up-to-date: /home/hrx/ImageTitan/install/joy_msg/lib/libjoy_msg__rosidl_generator_c.so
[0.899s] -- Up-to-date: /home/hrx/ImageTitan/install/joy_msg/include/joy_msg/joy_msg
[0.899s] -- Up-to-date: /home/hrx/ImageTitan/install/joy_msg/include/joy_msg/joy_msg/msg
[0.899s] -- Up-to-date: /home/hrx/ImageTitan/install/joy_msg/include/joy_msg/joy_msg/msg/rosidl_typesupport_fastrtps_c__visibility_control.h
[0.899s] -- Up-to-date: /home/hrx/ImageTitan/install/joy_msg/include/joy_msg/joy_msg/msg/detail
[0.899s] -- Up-to-date: /home/hrx/ImageTitan/install/joy_msg/include/joy_msg/joy_msg/msg/detail/joystick_data__rosidl_typesupport_fastrtps_c.h
[0.899s] -- Up-to-date: /home/hrx/ImageTitan/install/joy_msg/lib/libjoy_msg__rosidl_typesupport_fastrtps_c.so
[0.899s] -- Up-to-date: /home/hrx/ImageTitan/install/joy_msg/include/joy_msg/joy_msg
[0.899s] -- Up-to-date: /home/hrx/ImageTitan/install/joy_msg/include/joy_msg/joy_msg/msg
[0.899s] -- Up-to-date: /home/hrx/ImageTitan/install/joy_msg/include/joy_msg/joy_msg/msg/rosidl_typesupport_introspection_c__visibility_control.h
[0.899s] -- Up-to-date: /home/hrx/ImageTitan/install/joy_msg/include/joy_msg/joy_msg/msg/detail
[0.900s] -- Up-to-date: /home/hrx/ImageTitan/install/joy_msg/include/joy_msg/joy_msg/msg/detail/joystick_data__type_support.c
[0.900s] -- Up-to-date: /home/hrx/ImageTitan/install/joy_msg/include/joy_msg/joy_msg/msg/detail/joystick_data__rosidl_typesupport_introspection_c.h
[0.900s] -- Up-to-date: /home/hrx/ImageTitan/install/joy_msg/lib/libjoy_msg__rosidl_typesupport_introspection_c.so
[0.900s] -- Up-to-date: /home/hrx/ImageTitan/install/joy_msg/lib/libjoy_msg__rosidl_typesupport_c.so
[0.900s] -- Up-to-date: /home/hrx/ImageTitan/install/joy_msg/include/joy_msg/joy_msg
[0.900s] -- Up-to-date: /home/hrx/ImageTitan/install/joy_msg/include/joy_msg/joy_msg/msg
[0.900s] -- Up-to-date: /home/hrx/ImageTitan/install/joy_msg/include/joy_msg/joy_msg/msg/joystick_data.hpp
[0.900s] -- Up-to-date: /home/hrx/ImageTitan/install/joy_msg/include/joy_msg/joy_msg/msg/detail
[0.900s] -- Up-to-date: /home/hrx/ImageTitan/install/joy_msg/include/joy_msg/joy_msg/msg/detail/joystick_data__struct.hpp
[0.900s] -- Up-to-date: /home/hrx/ImageTitan/install/joy_msg/include/joy_msg/joy_msg/msg/detail/joystick_data__traits.hpp
[0.900s] -- Up-to-date: /home/hrx/ImageTitan/install/joy_msg/include/joy_msg/joy_msg/msg/detail/joystick_data__builder.hpp
[0.900s] -- Up-to-date: /home/hrx/ImageTitan/install/joy_msg/include/joy_msg/joy_msg
[0.901s] -- Up-to-date: /home/hrx/ImageTitan/install/joy_msg/include/joy_msg/joy_msg/msg
[0.901s] -- Up-to-date: /home/hrx/ImageTitan/install/joy_msg/include/joy_msg/joy_msg/msg/rosidl_typesupport_fastrtps_cpp__visibility_control.h
[0.901s] -- Up-to-date: /home/hrx/ImageTitan/install/joy_msg/include/joy_msg/joy_msg/msg/detail
[0.901s] -- Up-to-date: /home/hrx/ImageTitan/install/joy_msg/include/joy_msg/joy_msg/msg/detail/dds_fastrtps
[0.901s] -- Up-to-date: /home/hrx/ImageTitan/install/joy_msg/include/joy_msg/joy_msg/msg/detail/joystick_data__rosidl_typesupport_fastrtps_cpp.hpp
[0.901s] -- Up-to-date: /home/hrx/ImageTitan/install/joy_msg/lib/libjoy_msg__rosidl_typesupport_fastrtps_cpp.so
[0.901s] -- Up-to-date: /home/hrx/ImageTitan/install/joy_msg/include/joy_msg/joy_msg
[0.901s] -- Up-to-date: /home/hrx/ImageTitan/install/joy_msg/include/joy_msg/joy_msg/msg
[0.901s] -- Up-to-date: /home/hrx/ImageTitan/install/joy_msg/include/joy_msg/joy_msg/msg/detail
[0.901s] -- Up-to-date: /home/hrx/ImageTitan/install/joy_msg/include/joy_msg/joy_msg/msg/detail/joystick_data__rosidl_typesupport_introspection_cpp.hpp
[0.901s] -- Up-to-date: /home/hrx/ImageTitan/install/joy_msg/include/joy_msg/joy_msg/msg/detail/joystick_data__type_support.cpp
[0.901s] -- Up-to-date: /home/hrx/ImageTitan/install/joy_msg/lib/libjoy_msg__rosidl_typesupport_introspection_cpp.so
[0.901s] -- Up-to-date: /home/hrx/ImageTitan/install/joy_msg/lib/libjoy_msg__rosidl_typesupport_cpp.so
[0.901s] -- Up-to-date: /home/hrx/ImageTitan/install/joy_msg/share/joy_msg/environment/pythonpath.sh
[0.901s] -- Installing: /home/hrx/ImageTitan/install/joy_msg/share/joy_msg/environment/pythonpath.dsv
[0.901s] -- Up-to-date: /home/hrx/ImageTitan/install/joy_msg/local/lib/python3.10/dist-packages/joy_msg-0.0.0-py3.10.egg-info
[0.902s] -- Installing: /home/hrx/ImageTitan/install/joy_msg/local/lib/python3.10/dist-packages/joy_msg-0.0.0-py3.10.egg-info/dependency_links.txt
[0.902s] -- Installing: /home/hrx/ImageTitan/install/joy_msg/local/lib/python3.10/dist-packages/joy_msg-0.0.0-py3.10.egg-info/PKG-INFO
[0.902s] -- Installing: /home/hrx/ImageTitan/install/joy_msg/local/lib/python3.10/dist-packages/joy_msg-0.0.0-py3.10.egg-info/top_level.txt
[0.902s] -- Installing: /home/hrx/ImageTitan/install/joy_msg/local/lib/python3.10/dist-packages/joy_msg-0.0.0-py3.10.egg-info/SOURCES.txt
[0.902s] -- Up-to-date: /home/hrx/ImageTitan/install/joy_msg/local/lib/python3.10/dist-packages/joy_msg
[0.902s] -- Up-to-date: /home/hrx/ImageTitan/install/joy_msg/local/lib/python3.10/dist-packages/joy_msg/_joy_msg_s.ep.rosidl_typesupport_introspection_c.c
[0.902s] -- Up-to-date: /home/hrx/ImageTitan/install/joy_msg/local/lib/python3.10/dist-packages/joy_msg/libjoy_msg__rosidl_generator_py.so
[0.902s] -- Up-to-date: /home/hrx/ImageTitan/install/joy_msg/local/lib/python3.10/dist-packages/joy_msg/_joy_msg_s.ep.rosidl_typesupport_fastrtps_c.c
[0.902s] -- Installing: /home/hrx/ImageTitan/install/joy_msg/local/lib/python3.10/dist-packages/joy_msg/__init__.py
[0.902s] -- Up-to-date: /home/hrx/ImageTitan/install/joy_msg/local/lib/python3.10/dist-packages/joy_msg/joy_msg_s__rosidl_typesupport_fastrtps_c.cpython-310-x86_64-linux-gnu.so
[0.902s] -- Up-to-date: /home/hrx/ImageTitan/install/joy_msg/local/lib/python3.10/dist-packages/joy_msg/joy_msg_s__rosidl_typesupport_introspection_c.cpython-310-x86_64-linux-gnu.so
[0.902s] -- Up-to-date: /home/hrx/ImageTitan/install/joy_msg/local/lib/python3.10/dist-packages/joy_msg/joy_msg_s__rosidl_typesupport_c.cpython-310-x86_64-linux-gnu.so
[0.902s] -- Up-to-date: /home/hrx/ImageTitan/install/joy_msg/local/lib/python3.10/dist-packages/joy_msg/msg
[0.902s] -- Up-to-date: /home/hrx/ImageTitan/install/joy_msg/local/lib/python3.10/dist-packages/joy_msg/msg/_joystick_data.py
[0.902s] -- Up-to-date: /home/hrx/ImageTitan/install/joy_msg/local/lib/python3.10/dist-packages/joy_msg/msg/_joystick_data_s.c
[0.902s] -- Up-to-date: /home/hrx/ImageTitan/install/joy_msg/local/lib/python3.10/dist-packages/joy_msg/msg/__init__.py
[0.902s] -- Up-to-date: /home/hrx/ImageTitan/install/joy_msg/local/lib/python3.10/dist-packages/joy_msg/_joy_msg_s.ep.rosidl_typesupport_c.c
[0.928s] Listing '/home/hrx/ImageTitan/install/joy_msg/local/lib/python3.10/dist-packages/joy_msg'...
[0.928s] Compiling '/home/hrx/ImageTitan/install/joy_msg/local/lib/python3.10/dist-packages/joy_msg/__init__.py'...
[0.928s] Listing '/home/hrx/ImageTitan/install/joy_msg/local/lib/python3.10/dist-packages/joy_msg/msg'...
[0.930s] -- Up-to-date: /home/hrx/ImageTitan/install/joy_msg/local/lib/python3.10/dist-packages/joy_msg/joy_msg_s__rosidl_typesupport_fastrtps_c.cpython-310-x86_64-linux-gnu.so
[0.930s] -- Up-to-date: /home/hrx/ImageTitan/install/joy_msg/local/lib/python3.10/dist-packages/joy_msg/joy_msg_s__rosidl_typesupport_introspection_c.cpython-310-x86_64-linux-gnu.so
[0.930s] -- Up-to-date: /home/hrx/ImageTitan/install/joy_msg/local/lib/python3.10/dist-packages/joy_msg/joy_msg_s__rosidl_typesupport_c.cpython-310-x86_64-linux-gnu.so
[0.930s] -- Up-to-date: /home/hrx/ImageTitan/install/joy_msg/lib/libjoy_msg__rosidl_generator_py.so
[0.930s] -- Up-to-date: /home/hrx/ImageTitan/install/joy_msg/share/joy_msg/msg/JoystickData.idl
[0.930s] -- Up-to-date: /home/hrx/ImageTitan/install/joy_msg/share/joy_msg/msg/JoystickData.msg
[0.930s] -- Up-to-date: /home/hrx/ImageTitan/install/joy_msg/share/ament_index/resource_index/package_run_dependencies/joy_msg
[0.930s] -- Installing: /home/hrx/ImageTitan/install/joy_msg/share/ament_index/resource_index/parent_prefix_path/joy_msg
[0.931s] -- Up-to-date: /home/hrx/ImageTitan/install/joy_msg/share/joy_msg/environment/ament_prefix_path.sh
[0.931s] -- Installing: /home/hrx/ImageTitan/install/joy_msg/share/joy_msg/environment/ament_prefix_path.dsv
[0.931s] -- Up-to-date: /home/hrx/ImageTitan/install/joy_msg/share/joy_msg/environment/path.sh
[0.931s] -- Installing: /home/hrx/ImageTitan/install/joy_msg/share/joy_msg/environment/path.dsv
[0.931s] -- Up-to-date: /home/hrx/ImageTitan/install/joy_msg/share/joy_msg/local_setup.bash
[0.931s] -- Up-to-date: /home/hrx/ImageTitan/install/joy_msg/share/joy_msg/local_setup.sh
[0.931s] -- Up-to-date: /home/hrx/ImageTitan/install/joy_msg/share/joy_msg/local_setup.zsh
[0.931s] -- Installing: /home/hrx/ImageTitan/install/joy_msg/share/joy_msg/local_setup.dsv
[0.931s] -- Installing: /home/hrx/ImageTitan/install/joy_msg/share/joy_msg/package.dsv
[0.931s] -- Up-to-date: /home/hrx/ImageTitan/install/joy_msg/share/ament_index/resource_index/packages/joy_msg
[0.931s] -- Up-to-date: /home/hrx/ImageTitan/install/joy_msg/share/joy_msg/cmake/export_joy_msg__rosidl_generator_cExport.cmake
[0.931s] -- Up-to-date: /home/hrx/ImageTitan/install/joy_msg/share/joy_msg/cmake/export_joy_msg__rosidl_generator_cExport-noconfig.cmake
[0.931s] -- Up-to-date: /home/hrx/ImageTitan/install/joy_msg/share/joy_msg/cmake/export_joy_msg__rosidl_typesupport_fastrtps_cExport.cmake
[0.931s] -- Up-to-date: /home/hrx/ImageTitan/install/joy_msg/share/joy_msg/cmake/export_joy_msg__rosidl_typesupport_fastrtps_cExport-noconfig.cmake
[0.931s] -- Up-to-date: /home/hrx/ImageTitan/install/joy_msg/share/joy_msg/cmake/joy_msg__rosidl_typesupport_introspection_cExport.cmake
[0.931s] -- Up-to-date: /home/hrx/ImageTitan/install/joy_msg/share/joy_msg/cmake/joy_msg__rosidl_typesupport_introspection_cExport-noconfig.cmake
[0.931s] -- Up-to-date: /home/hrx/ImageTitan/install/joy_msg/share/joy_msg/cmake/joy_msg__rosidl_typesupport_cExport.cmake
[0.931s] -- Up-to-date: /home/hrx/ImageTitan/install/joy_msg/share/joy_msg/cmake/joy_msg__rosidl_typesupport_cExport-noconfig.cmake
[0.931s] -- Up-to-date: /home/hrx/ImageTitan/install/joy_msg/share/joy_msg/cmake/export_joy_msg__rosidl_generator_cppExport.cmake
[0.931s] -- Up-to-date: /home/hrx/ImageTitan/install/joy_msg/share/joy_msg/cmake/export_joy_msg__rosidl_typesupport_fastrtps_cppExport.cmake
[0.931s] -- Up-to-date: /home/hrx/ImageTitan/install/joy_msg/share/joy_msg/cmake/export_joy_msg__rosidl_typesupport_fastrtps_cppExport-noconfig.cmake
[0.931s] -- Up-to-date: /home/hrx/ImageTitan/install/joy_msg/share/joy_msg/cmake/joy_msg__rosidl_typesupport_introspection_cppExport.cmake
[0.931s] -- Up-to-date: /home/hrx/ImageTitan/install/joy_msg/share/joy_msg/cmake/joy_msg__rosidl_typesupport_introspection_cppExport-noconfig.cmake
[0.931s] -- Up-to-date: /home/hrx/ImageTitan/install/joy_msg/share/joy_msg/cmake/joy_msg__rosidl_typesupport_cppExport.cmake
[0.931s] -- Up-to-date: /home/hrx/ImageTitan/install/joy_msg/share/joy_msg/cmake/joy_msg__rosidl_typesupport_cppExport-noconfig.cmake
[0.931s] -- Up-to-date: /home/hrx/ImageTitan/install/joy_msg/share/joy_msg/cmake/export_joy_msg__rosidl_generator_pyExport.cmake
[0.931s] -- Up-to-date: /home/hrx/ImageTitan/install/joy_msg/share/joy_msg/cmake/export_joy_msg__rosidl_generator_pyExport-noconfig.cmake
[0.931s] -- Up-to-date: /home/hrx/ImageTitan/install/joy_msg/share/joy_msg/cmake/rosidl_cmake-extras.cmake
[0.931s] -- Up-to-date: /home/hrx/ImageTitan/install/joy_msg/share/joy_msg/cmake/ament_cmake_export_include_directories-extras.cmake
[0.931s] -- Up-to-date: /home/hrx/ImageTitan/install/joy_msg/share/joy_msg/cmake/ament_cmake_export_libraries-extras.cmake
[0.931s] -- Up-to-date: /home/hrx/ImageTitan/install/joy_msg/share/joy_msg/cmake/ament_cmake_export_targets-extras.cmake
[0.931s] -- Up-to-date: /home/hrx/ImageTitan/install/joy_msg/share/joy_msg/cmake/rosidl_cmake_export_typesupport_targets-extras.cmake
[0.932s] -- Up-to-date: /home/hrx/ImageTitan/install/joy_msg/share/joy_msg/cmake/ament_cmake_export_dependencies-extras.cmake
[0.932s] -- Up-to-date: /home/hrx/ImageTitan/install/joy_msg/share/joy_msg/cmake/rosidl_cmake_export_typesupport_libraries-extras.cmake
[0.932s] -- Up-to-date: /home/hrx/ImageTitan/install/joy_msg/share/joy_msg/cmake/joy_msgConfig.cmake
[0.932s] -- Up-to-date: /home/hrx/ImageTitan/install/joy_msg/share/joy_msg/cmake/joy_msgConfig-version.cmake
[0.932s] -- Installing: /home/hrx/ImageTitan/install/joy_msg/share/joy_msg/package.xml
[0.933s] Invoked command in '/home/hrx/ImageTitan/build/joy_msg' returned '0': CMAKE_PREFIX_PATH=${CMAKE_PREFIX_PATH}:/home/hrx/ImageTitan/install/serial_send:/home/hrx/ImageTitan/install/remote_decode:/home/hrx/ps2_ws/install/ps2_decode:/home/hrx/dev_ws/install/lesson_topic:/home/hrx/dev_ws/install/lesson_service:/home/hrx/dev_ws/install/learning_urdf:/home/hrx/dev_ws/install/learning_tf:/home/hrx/dev_ws/install/learning_qos:/home/hrx/dev_ws/install/learning_parameter:/home/hrx/dev_ws/install/learning_launch:/home/hrx/dev_ws/install/learning_action:/home/hrx/dev_ws/install/learning_gazebo_fortress:/home/hrx/dev_ws/install/learning_gazebo:/home/hrx/dev_ws/install/learning_cv:/opt/ros/humble /usr/bin/cmake --install /home/hrx/ImageTitan/build/joy_msg
