[0.052s] DEBUG:colcon:Command line arguments: ['/usr/bin/colcon', 'build']
[0.052s] DEBUG:colcon:Parsed command line arguments: Namespace(log_base=None, log_level=None, verb_name='build', build_base='build', install_base='install', merge_install=False, symlink_install=False, test_result_base=None, continue_on_error=False, executor='parallel', parallel_workers=20, event_handlers=None, ignore_user_meta=False, metas=['./colcon.meta'], base_paths=['.'], packages_ignore=None, packages_ignore_regex=None, paths=None, packages_up_to=None, packages_up_to_regex=None, packages_above=None, packages_above_and_dependencies=None, packages_above_depth=None, packages_select_by_dep=None, packages_skip_by_dep=None, packages_skip_up_to=None, packages_select_build_failed=False, packages_skip_build_finished=False, packages_select_test_failures=False, packages_skip_test_passed=False, packages_select=None, packages_skip=None, packages_select_regex=None, packages_skip_regex=None, packages_start=None, packages_end=None, allow_overriding=[], cmake_args=None, cmake_target=None, cmake_target_skip_unavailable=False, cmake_clean_cache=False, cmake_clean_first=False, cmake_force_configure=False, ament_cmake_args=None, catkin_cmake_args=None, catkin_skip_building_tests=False, verb_parser=<colcon_defaults.argument_parser.defaults.DefaultArgumentsDecorator object at 0x7e5b08ea9f60>, verb_extension=<colcon_core.verb.build.BuildVerb object at 0x7e5b08ea9960>, main=<bound method BuildVerb.main of <colcon_core.verb.build.BuildVerb object at 0x7e5b08ea9960>>)
[0.126s] Level 1:colcon.colcon_core.package_discovery:discover_packages(colcon_meta) check parameters
[0.126s] Level 1:colcon.colcon_core.package_discovery:discover_packages(recursive) check parameters
[0.126s] Level 1:colcon.colcon_core.package_discovery:discover_packages(ignore) check parameters
[0.126s] Level 1:colcon.colcon_core.package_discovery:discover_packages(path) check parameters
[0.126s] Level 1:colcon.colcon_core.package_discovery:discover_packages(colcon_meta) discover
[0.126s] Level 1:colcon.colcon_core.package_discovery:discover_packages(recursive) discover
[0.126s] INFO:colcon.colcon_core.package_discovery:Crawling recursively for packages in '/home/hrx/ImageTitan'
[0.126s] Level 1:colcon.colcon_core.package_identification:_identify(.) by extensions ['ignore', 'ignore_ament_install']
[0.126s] Level 1:colcon.colcon_core.package_identification:_identify(.) by extension 'ignore'
[0.126s] Level 1:colcon.colcon_core.package_identification:_identify(.) by extension 'ignore_ament_install'
[0.126s] Level 1:colcon.colcon_core.package_identification:_identify(.) by extensions ['colcon_pkg']
[0.126s] Level 1:colcon.colcon_core.package_identification:_identify(.) by extension 'colcon_pkg'
[0.126s] Level 1:colcon.colcon_core.package_identification:_identify(.) by extensions ['colcon_meta']
[0.126s] Level 1:colcon.colcon_core.package_identification:_identify(.) by extension 'colcon_meta'
[0.126s] Level 1:colcon.colcon_core.package_identification:_identify(.) by extensions ['ros']
[0.126s] Level 1:colcon.colcon_core.package_identification:_identify(.) by extension 'ros'
[0.133s] Level 1:colcon.colcon_core.package_identification:_identify(.) by extensions ['cmake', 'python']
[0.133s] Level 1:colcon.colcon_core.package_identification:_identify(.) by extension 'cmake'
[0.133s] Level 1:colcon.colcon_core.package_identification:_identify(.) by extension 'python'
[0.133s] Level 1:colcon.colcon_core.package_identification:_identify(.) by extensions ['python_setup_py']
[0.133s] Level 1:colcon.colcon_core.package_identification:_identify(.) by extension 'python_setup_py'
[0.133s] Level 1:colcon.colcon_core.package_identification:_identify(build) by extensions ['ignore', 'ignore_ament_install']
[0.133s] Level 1:colcon.colcon_core.package_identification:_identify(build) by extension 'ignore'
[0.133s] Level 1:colcon.colcon_core.package_identification:_identify(build) ignored
[0.133s] Level 1:colcon.colcon_core.package_identification:_identify(install) by extensions ['ignore', 'ignore_ament_install']
[0.133s] Level 1:colcon.colcon_core.package_identification:_identify(install) by extension 'ignore'
[0.133s] Level 1:colcon.colcon_core.package_identification:_identify(install) ignored
[0.133s] Level 1:colcon.colcon_core.package_identification:_identify(log) by extensions ['ignore', 'ignore_ament_install']
[0.133s] Level 1:colcon.colcon_core.package_identification:_identify(log) by extension 'ignore'
[0.133s] Level 1:colcon.colcon_core.package_identification:_identify(log) ignored
[0.133s] Level 1:colcon.colcon_core.package_identification:_identify(src) by extensions ['ignore', 'ignore_ament_install']
[0.133s] Level 1:colcon.colcon_core.package_identification:_identify(src) by extension 'ignore'
[0.133s] Level 1:colcon.colcon_core.package_identification:_identify(src) by extension 'ignore_ament_install'
[0.133s] Level 1:colcon.colcon_core.package_identification:_identify(src) by extensions ['colcon_pkg']
[0.133s] Level 1:colcon.colcon_core.package_identification:_identify(src) by extension 'colcon_pkg'
[0.133s] Level 1:colcon.colcon_core.package_identification:_identify(src) by extensions ['colcon_meta']
[0.133s] Level 1:colcon.colcon_core.package_identification:_identify(src) by extension 'colcon_meta'
[0.133s] Level 1:colcon.colcon_core.package_identification:_identify(src) by extensions ['ros']
[0.133s] Level 1:colcon.colcon_core.package_identification:_identify(src) by extension 'ros'
[0.133s] Level 1:colcon.colcon_core.package_identification:_identify(src) by extensions ['cmake', 'python']
[0.133s] Level 1:colcon.colcon_core.package_identification:_identify(src) by extension 'cmake'
[0.133s] Level 1:colcon.colcon_core.package_identification:_identify(src) by extension 'python'
[0.133s] Level 1:colcon.colcon_core.package_identification:_identify(src) by extensions ['python_setup_py']
[0.133s] Level 1:colcon.colcon_core.package_identification:_identify(src) by extension 'python_setup_py'
[0.133s] Level 1:colcon.colcon_core.package_identification:_identify(src/joy_msg) by extensions ['ignore', 'ignore_ament_install']
[0.133s] Level 1:colcon.colcon_core.package_identification:_identify(src/joy_msg) by extension 'ignore'
[0.133s] Level 1:colcon.colcon_core.package_identification:_identify(src/joy_msg) by extension 'ignore_ament_install'
[0.133s] Level 1:colcon.colcon_core.package_identification:_identify(src/joy_msg) by extensions ['colcon_pkg']
[0.133s] Level 1:colcon.colcon_core.package_identification:_identify(src/joy_msg) by extension 'colcon_pkg'
[0.133s] Level 1:colcon.colcon_core.package_identification:_identify(src/joy_msg) by extensions ['colcon_meta']
[0.133s] Level 1:colcon.colcon_core.package_identification:_identify(src/joy_msg) by extension 'colcon_meta'
[0.133s] Level 1:colcon.colcon_core.package_identification:_identify(src/joy_msg) by extensions ['ros']
[0.133s] Level 1:colcon.colcon_core.package_identification:_identify(src/joy_msg) by extension 'ros'
[0.135s] DEBUG:colcon.colcon_core.package_identification:Package 'src/joy_msg' with type 'ros.ament_cmake' and name 'joy_msg'
[0.135s] Level 1:colcon.colcon_core.package_identification:_identify(src/remote_decode) by extensions ['ignore', 'ignore_ament_install']
[0.135s] Level 1:colcon.colcon_core.package_identification:_identify(src/remote_decode) by extension 'ignore'
[0.135s] Level 1:colcon.colcon_core.package_identification:_identify(src/remote_decode) by extension 'ignore_ament_install'
[0.135s] Level 1:colcon.colcon_core.package_identification:_identify(src/remote_decode) by extensions ['colcon_pkg']
[0.135s] Level 1:colcon.colcon_core.package_identification:_identify(src/remote_decode) by extension 'colcon_pkg'
[0.135s] Level 1:colcon.colcon_core.package_identification:_identify(src/remote_decode) by extensions ['colcon_meta']
[0.135s] Level 1:colcon.colcon_core.package_identification:_identify(src/remote_decode) by extension 'colcon_meta'
[0.135s] Level 1:colcon.colcon_core.package_identification:_identify(src/remote_decode) by extensions ['ros']
[0.135s] Level 1:colcon.colcon_core.package_identification:_identify(src/remote_decode) by extension 'ros'
[0.135s] DEBUG:colcon.colcon_core.package_identification:Package 'src/remote_decode' with type 'ros.ament_python' and name 'remote_decode'
[0.135s] Level 1:colcon.colcon_core.package_identification:_identify(src/serial_send) by extensions ['ignore', 'ignore_ament_install']
[0.135s] Level 1:colcon.colcon_core.package_identification:_identify(src/serial_send) by extension 'ignore'
[0.135s] Level 1:colcon.colcon_core.package_identification:_identify(src/serial_send) by extension 'ignore_ament_install'
[0.135s] Level 1:colcon.colcon_core.package_identification:_identify(src/serial_send) by extensions ['colcon_pkg']
[0.135s] Level 1:colcon.colcon_core.package_identification:_identify(src/serial_send) by extension 'colcon_pkg'
[0.135s] Level 1:colcon.colcon_core.package_identification:_identify(src/serial_send) by extensions ['colcon_meta']
[0.135s] Level 1:colcon.colcon_core.package_identification:_identify(src/serial_send) by extension 'colcon_meta'
[0.135s] Level 1:colcon.colcon_core.package_identification:_identify(src/serial_send) by extensions ['ros']
[0.135s] Level 1:colcon.colcon_core.package_identification:_identify(src/serial_send) by extension 'ros'
[0.136s] DEBUG:colcon.colcon_core.package_identification:Package 'src/serial_send' with type 'ros.ament_python' and name 'serial_send'
[0.136s] Level 1:colcon.colcon_core.package_discovery:discover_packages(recursive) using defaults
[0.136s] Level 1:colcon.colcon_core.package_discovery:discover_packages(ignore) discover
[0.136s] Level 1:colcon.colcon_core.package_discovery:discover_packages(ignore) using defaults
[0.136s] Level 1:colcon.colcon_core.package_discovery:discover_packages(path) discover
[0.136s] Level 1:colcon.colcon_core.package_discovery:discover_packages(path) using defaults
[0.147s] Level 1:colcon.colcon_core.package_discovery:discover_packages(prefix_path) check parameters
[0.147s] Level 1:colcon.colcon_core.package_discovery:discover_packages(prefix_path) discover
[0.148s] DEBUG:colcon.colcon_installed_package_information.package_discovery:Found 3 installed packages in /home/hrx/ImageTitan/install
[0.148s] DEBUG:colcon.colcon_installed_package_information.package_discovery:Found 1 installed packages in /home/hrx/ps2_ws/install
[0.148s] DEBUG:colcon.colcon_installed_package_information.package_discovery:Found 12 installed packages in /home/hrx/dev_ws/install
[0.149s] DEBUG:colcon.colcon_installed_package_information.package_discovery:Found 281 installed packages in /opt/ros/humble
[0.150s] Level 1:colcon.colcon_core.package_discovery:discover_packages(prefix_path) using defaults
[0.171s] Level 5:colcon.colcon_core.verb:set package 'joy_msg' build argument 'cmake_args' from command line to 'None'
[0.171s] Level 5:colcon.colcon_core.verb:set package 'joy_msg' build argument 'cmake_target' from command line to 'None'
[0.171s] Level 5:colcon.colcon_core.verb:set package 'joy_msg' build argument 'cmake_target_skip_unavailable' from command line to 'False'
[0.171s] Level 5:colcon.colcon_core.verb:set package 'joy_msg' build argument 'cmake_clean_cache' from command line to 'False'
[0.171s] Level 5:colcon.colcon_core.verb:set package 'joy_msg' build argument 'cmake_clean_first' from command line to 'False'
[0.171s] Level 5:colcon.colcon_core.verb:set package 'joy_msg' build argument 'cmake_force_configure' from command line to 'False'
[0.171s] Level 5:colcon.colcon_core.verb:set package 'joy_msg' build argument 'ament_cmake_args' from command line to 'None'
[0.171s] Level 5:colcon.colcon_core.verb:set package 'joy_msg' build argument 'catkin_cmake_args' from command line to 'None'
[0.171s] Level 5:colcon.colcon_core.verb:set package 'joy_msg' build argument 'catkin_skip_building_tests' from command line to 'False'
[0.171s] DEBUG:colcon.colcon_core.verb:Building package 'joy_msg' with the following arguments: {'ament_cmake_args': None, 'build_base': '/home/hrx/ImageTitan/build/joy_msg', 'catkin_cmake_args': None, 'catkin_skip_building_tests': False, 'cmake_args': None, 'cmake_clean_cache': False, 'cmake_clean_first': False, 'cmake_force_configure': False, 'cmake_target': None, 'cmake_target_skip_unavailable': False, 'install_base': '/home/hrx/ImageTitan/install/joy_msg', 'merge_install': False, 'path': '/home/hrx/ImageTitan/src/joy_msg', 'symlink_install': False, 'test_result_base': None}
[0.171s] Level 5:colcon.colcon_core.verb:set package 'remote_decode' build argument 'cmake_args' from command line to 'None'
[0.172s] Level 5:colcon.colcon_core.verb:set package 'remote_decode' build argument 'cmake_target' from command line to 'None'
[0.172s] Level 5:colcon.colcon_core.verb:set package 'remote_decode' build argument 'cmake_target_skip_unavailable' from command line to 'False'
[0.172s] Level 5:colcon.colcon_core.verb:set package 'remote_decode' build argument 'cmake_clean_cache' from command line to 'False'
[0.172s] Level 5:colcon.colcon_core.verb:set package 'remote_decode' build argument 'cmake_clean_first' from command line to 'False'
[0.172s] Level 5:colcon.colcon_core.verb:set package 'remote_decode' build argument 'cmake_force_configure' from command line to 'False'
[0.172s] Level 5:colcon.colcon_core.verb:set package 'remote_decode' build argument 'ament_cmake_args' from command line to 'None'
[0.172s] Level 5:colcon.colcon_core.verb:set package 'remote_decode' build argument 'catkin_cmake_args' from command line to 'None'
[0.172s] Level 5:colcon.colcon_core.verb:set package 'remote_decode' build argument 'catkin_skip_building_tests' from command line to 'False'
[0.172s] DEBUG:colcon.colcon_core.verb:Building package 'remote_decode' with the following arguments: {'ament_cmake_args': None, 'build_base': '/home/hrx/ImageTitan/build/remote_decode', 'catkin_cmake_args': None, 'catkin_skip_building_tests': False, 'cmake_args': None, 'cmake_clean_cache': False, 'cmake_clean_first': False, 'cmake_force_configure': False, 'cmake_target': None, 'cmake_target_skip_unavailable': False, 'install_base': '/home/hrx/ImageTitan/install/remote_decode', 'merge_install': False, 'path': '/home/hrx/ImageTitan/src/remote_decode', 'symlink_install': False, 'test_result_base': None}
[0.172s] Level 5:colcon.colcon_core.verb:set package 'serial_send' build argument 'cmake_args' from command line to 'None'
[0.172s] Level 5:colcon.colcon_core.verb:set package 'serial_send' build argument 'cmake_target' from command line to 'None'
[0.172s] Level 5:colcon.colcon_core.verb:set package 'serial_send' build argument 'cmake_target_skip_unavailable' from command line to 'False'
[0.172s] Level 5:colcon.colcon_core.verb:set package 'serial_send' build argument 'cmake_clean_cache' from command line to 'False'
[0.172s] Level 5:colcon.colcon_core.verb:set package 'serial_send' build argument 'cmake_clean_first' from command line to 'False'
[0.172s] Level 5:colcon.colcon_core.verb:set package 'serial_send' build argument 'cmake_force_configure' from command line to 'False'
[0.172s] Level 5:colcon.colcon_core.verb:set package 'serial_send' build argument 'ament_cmake_args' from command line to 'None'
[0.172s] Level 5:colcon.colcon_core.verb:set package 'serial_send' build argument 'catkin_cmake_args' from command line to 'None'
[0.172s] Level 5:colcon.colcon_core.verb:set package 'serial_send' build argument 'catkin_skip_building_tests' from command line to 'False'
[0.172s] DEBUG:colcon.colcon_core.verb:Building package 'serial_send' with the following arguments: {'ament_cmake_args': None, 'build_base': '/home/hrx/ImageTitan/build/serial_send', 'catkin_cmake_args': None, 'catkin_skip_building_tests': False, 'cmake_args': None, 'cmake_clean_cache': False, 'cmake_clean_first': False, 'cmake_force_configure': False, 'cmake_target': None, 'cmake_target_skip_unavailable': False, 'install_base': '/home/hrx/ImageTitan/install/serial_send', 'merge_install': False, 'path': '/home/hrx/ImageTitan/src/serial_send', 'symlink_install': False, 'test_result_base': None}
[0.172s] INFO:colcon.colcon_core.executor:Executing jobs using 'parallel' executor
[0.172s] DEBUG:colcon.colcon_parallel_executor.executor.parallel:run_until_complete
[0.173s] INFO:colcon.colcon_ros.task.ament_cmake.build:Building ROS package in '/home/hrx/ImageTitan/src/joy_msg' with build type 'ament_cmake'
[0.173s] INFO:colcon.colcon_cmake.task.cmake.build:Building CMake package in '/home/hrx/ImageTitan/src/joy_msg'
[0.174s] INFO:colcon.colcon_core.plugin_system:Skipping extension 'colcon_core.shell.bat': Not used on non-Windows systems
[0.174s] INFO:colcon.colcon_core.shell:Skip shell extension 'powershell' for command environment: Not usable outside of PowerShell
[0.174s] DEBUG:colcon.colcon_core.shell:Skip shell extension 'dsv' for command environment
[0.176s] INFO:colcon.colcon_ros.task.ament_python.build:Building ROS package in '/home/hrx/ImageTitan/src/remote_decode' with build type 'ament_python'
[0.176s] Level 1:colcon.colcon_core.shell:create_environment_hook('remote_decode', 'ament_prefix_path')
[0.176s] INFO:colcon.colcon_core.shell:Creating environment hook '/home/hrx/ImageTitan/install/remote_decode/share/remote_decode/hook/ament_prefix_path.ps1'
[0.176s] INFO:colcon.colcon_core.shell:Creating environment descriptor '/home/hrx/ImageTitan/install/remote_decode/share/remote_decode/hook/ament_prefix_path.dsv'
[0.177s] INFO:colcon.colcon_core.shell:Creating environment hook '/home/hrx/ImageTitan/install/remote_decode/share/remote_decode/hook/ament_prefix_path.sh'
[0.177s] INFO:colcon.colcon_core.shell:Skip shell extension 'powershell' for command environment: Not usable outside of PowerShell
[0.177s] DEBUG:colcon.colcon_core.shell:Skip shell extension 'dsv' for command environment
[0.181s] DEBUG:colcon.colcon_core.event_handler.log_command:Invoking command in '/home/hrx/ImageTitan/build/joy_msg': CMAKE_PREFIX_PATH=${CMAKE_PREFIX_PATH}:/home/hrx/ImageTitan/install/serial_send:/home/hrx/ImageTitan/install/remote_decode:/home/hrx/ps2_ws/install/ps2_decode:/home/hrx/dev_ws/install/lesson_topic:/home/hrx/dev_ws/install/lesson_service:/home/hrx/dev_ws/install/learning_urdf:/home/hrx/dev_ws/install/learning_tf:/home/hrx/dev_ws/install/learning_qos:/home/hrx/dev_ws/install/learning_parameter:/home/hrx/dev_ws/install/learning_launch:/home/hrx/dev_ws/install/learning_action:/home/hrx/dev_ws/install/learning_gazebo_fortress:/home/hrx/dev_ws/install/learning_gazebo:/home/hrx/dev_ws/install/learning_cv:/opt/ros/humble /usr/bin/cmake --build /home/hrx/ImageTitan/build/joy_msg -- -j20 -l20
[0.313s] INFO:colcon.colcon_core.task.python.build:Building Python package in '/home/hrx/ImageTitan/src/remote_decode'
[0.313s] INFO:colcon.colcon_core.shell:Skip shell extension 'powershell' for command environment: Not usable outside of PowerShell
[0.313s] DEBUG:colcon.colcon_core.shell:Skip shell extension 'dsv' for command environment
[0.364s] DEBUG:colcon.colcon_core.event_handler.log_command:Invoked command in '/home/hrx/ImageTitan/build/joy_msg' returned '0': CMAKE_PREFIX_PATH=${CMAKE_PREFIX_PATH}:/home/hrx/ImageTitan/install/serial_send:/home/hrx/ImageTitan/install/remote_decode:/home/hrx/ps2_ws/install/ps2_decode:/home/hrx/dev_ws/install/lesson_topic:/home/hrx/dev_ws/install/lesson_service:/home/hrx/dev_ws/install/learning_urdf:/home/hrx/dev_ws/install/learning_tf:/home/hrx/dev_ws/install/learning_qos:/home/hrx/dev_ws/install/learning_parameter:/home/hrx/dev_ws/install/learning_launch:/home/hrx/dev_ws/install/learning_action:/home/hrx/dev_ws/install/learning_gazebo_fortress:/home/hrx/dev_ws/install/learning_gazebo:/home/hrx/dev_ws/install/learning_cv:/opt/ros/humble /usr/bin/cmake --build /home/hrx/ImageTitan/build/joy_msg -- -j20 -l20
[0.407s] DEBUG:colcon.colcon_core.event_handler.log_command:Invoking command in '/home/hrx/ImageTitan/build/joy_msg': CMAKE_PREFIX_PATH=${CMAKE_PREFIX_PATH}:/home/hrx/ImageTitan/install/serial_send:/home/hrx/ImageTitan/install/remote_decode:/home/hrx/ps2_ws/install/ps2_decode:/home/hrx/dev_ws/install/lesson_topic:/home/hrx/dev_ws/install/lesson_service:/home/hrx/dev_ws/install/learning_urdf:/home/hrx/dev_ws/install/learning_tf:/home/hrx/dev_ws/install/learning_qos:/home/hrx/dev_ws/install/learning_parameter:/home/hrx/dev_ws/install/learning_launch:/home/hrx/dev_ws/install/learning_action:/home/hrx/dev_ws/install/learning_gazebo_fortress:/home/hrx/dev_ws/install/learning_gazebo:/home/hrx/dev_ws/install/learning_cv:/opt/ros/humble /usr/bin/cmake --install /home/hrx/ImageTitan/build/joy_msg
[0.438s] Level 1:colcon.colcon_core.environment:create_environment_scripts_only(joy_msg)
[0.439s] DEBUG:colcon.colcon_core.event_handler.log_command:Invoked command in '/home/hrx/ImageTitan/build/joy_msg' returned '0': CMAKE_PREFIX_PATH=${CMAKE_PREFIX_PATH}:/home/hrx/ImageTitan/install/serial_send:/home/hrx/ImageTitan/install/remote_decode:/home/hrx/ps2_ws/install/ps2_decode:/home/hrx/dev_ws/install/lesson_topic:/home/hrx/dev_ws/install/lesson_service:/home/hrx/dev_ws/install/learning_urdf:/home/hrx/dev_ws/install/learning_tf:/home/hrx/dev_ws/install/learning_qos:/home/hrx/dev_ws/install/learning_parameter:/home/hrx/dev_ws/install/learning_launch:/home/hrx/dev_ws/install/learning_action:/home/hrx/dev_ws/install/learning_gazebo_fortress:/home/hrx/dev_ws/install/learning_gazebo:/home/hrx/dev_ws/install/learning_cv:/opt/ros/humble /usr/bin/cmake --install /home/hrx/ImageTitan/build/joy_msg
[0.440s] Level 1:colcon.colcon_core.environment:checking '/home/hrx/ImageTitan/install/joy_msg' for CMake module files
[0.440s] Level 1:colcon.colcon_core.environment:checking '/home/hrx/ImageTitan/install/joy_msg' for CMake config files
[0.440s] Level 1:colcon.colcon_core.shell:create_environment_hook('joy_msg', 'cmake_prefix_path')
[0.440s] INFO:colcon.colcon_core.shell:Creating environment hook '/home/hrx/ImageTitan/install/joy_msg/share/joy_msg/hook/cmake_prefix_path.ps1'
[0.441s] INFO:colcon.colcon_core.shell:Creating environment descriptor '/home/hrx/ImageTitan/install/joy_msg/share/joy_msg/hook/cmake_prefix_path.dsv'
[0.441s] INFO:colcon.colcon_core.shell:Creating environment hook '/home/hrx/ImageTitan/install/joy_msg/share/joy_msg/hook/cmake_prefix_path.sh'
[0.441s] Level 1:colcon.colcon_core.environment:checking '/home/hrx/ImageTitan/install/joy_msg/lib'
[0.441s] Level 1:colcon.colcon_core.shell:create_environment_hook('joy_msg', 'ld_library_path_lib')
[0.441s] INFO:colcon.colcon_core.shell:Creating environment hook '/home/hrx/ImageTitan/install/joy_msg/share/joy_msg/hook/ld_library_path_lib.ps1'
[0.441s] INFO:colcon.colcon_core.shell:Creating environment descriptor '/home/hrx/ImageTitan/install/joy_msg/share/joy_msg/hook/ld_library_path_lib.dsv'
[0.442s] INFO:colcon.colcon_core.shell:Creating environment hook '/home/hrx/ImageTitan/install/joy_msg/share/joy_msg/hook/ld_library_path_lib.sh'
[0.442s] Level 1:colcon.colcon_core.environment:checking '/home/hrx/ImageTitan/install/joy_msg/bin'
[0.442s] Level 1:colcon.colcon_core.environment:checking '/home/hrx/ImageTitan/install/joy_msg/lib/pkgconfig/joy_msg.pc'
[0.442s] Level 1:colcon.colcon_core.environment:checking '/home/hrx/ImageTitan/install/joy_msg/lib/python3.10/site-packages'
[0.442s] Level 1:colcon.colcon_core.environment:checking '/home/hrx/ImageTitan/install/joy_msg/bin'
[0.442s] INFO:colcon.colcon_core.shell:Creating package script '/home/hrx/ImageTitan/install/joy_msg/share/joy_msg/package.ps1'
[0.443s] INFO:colcon.colcon_core.shell:Creating package descriptor '/home/hrx/ImageTitan/install/joy_msg/share/joy_msg/package.dsv'
[0.443s] INFO:colcon.colcon_core.shell:Creating package script '/home/hrx/ImageTitan/install/joy_msg/share/joy_msg/package.sh'
[0.443s] INFO:colcon.colcon_core.shell:Creating package script '/home/hrx/ImageTitan/install/joy_msg/share/joy_msg/package.bash'
[0.444s] INFO:colcon.colcon_core.shell:Creating package script '/home/hrx/ImageTitan/install/joy_msg/share/joy_msg/package.zsh'
[0.444s] Level 1:colcon.colcon_core.environment:create_file_with_runtime_dependencies(/home/hrx/ImageTitan/install/joy_msg/share/colcon-core/packages/joy_msg)
[0.482s] DEBUG:colcon.colcon_core.event_handler.log_command:Invoking command in '/home/hrx/ImageTitan/src/remote_decode': PYTHONPATH=/home/hrx/ImageTitan/build/remote_decode/prefix_override:/usr/lib/python3/dist-packages/colcon_core/task/python/colcon_distutils_commands:/home/hrx/ImageTitan/install/remote_decode/lib/python3.10/site-packages:${PYTHONPATH} /usr/bin/python3 -W ignore:setup.py install is deprecated setup.py egg_info --egg-base ../../build/remote_decode build --build-base /home/hrx/ImageTitan/build/remote_decode/build install --record /home/hrx/ImageTitan/build/remote_decode/install.log --single-version-externally-managed install_data
[0.483s] Level 1:colcon.colcon_core.environment:create_environment_scripts_only(joy_msg)
[0.483s] Level 1:colcon.colcon_core.environment:checking '/home/hrx/ImageTitan/install/joy_msg' for CMake module files
[0.484s] Level 1:colcon.colcon_core.environment:checking '/home/hrx/ImageTitan/install/joy_msg' for CMake config files
[0.484s] Level 1:colcon.colcon_core.shell:create_environment_hook('joy_msg', 'cmake_prefix_path')
[0.484s] INFO:colcon.colcon_core.shell:Creating environment hook '/home/hrx/ImageTitan/install/joy_msg/share/joy_msg/hook/cmake_prefix_path.ps1'
[0.484s] INFO:colcon.colcon_core.shell:Creating environment descriptor '/home/hrx/ImageTitan/install/joy_msg/share/joy_msg/hook/cmake_prefix_path.dsv'
[0.484s] INFO:colcon.colcon_core.shell:Creating environment hook '/home/hrx/ImageTitan/install/joy_msg/share/joy_msg/hook/cmake_prefix_path.sh'
[0.485s] Level 1:colcon.colcon_core.environment:checking '/home/hrx/ImageTitan/install/joy_msg/lib'
[0.485s] Level 1:colcon.colcon_core.shell:create_environment_hook('joy_msg', 'ld_library_path_lib')
[0.485s] INFO:colcon.colcon_core.shell:Creating environment hook '/home/hrx/ImageTitan/install/joy_msg/share/joy_msg/hook/ld_library_path_lib.ps1'
[0.485s] INFO:colcon.colcon_core.shell:Creating environment descriptor '/home/hrx/ImageTitan/install/joy_msg/share/joy_msg/hook/ld_library_path_lib.dsv'
[0.485s] INFO:colcon.colcon_core.shell:Creating environment hook '/home/hrx/ImageTitan/install/joy_msg/share/joy_msg/hook/ld_library_path_lib.sh'
[0.485s] Level 1:colcon.colcon_core.environment:checking '/home/hrx/ImageTitan/install/joy_msg/bin'
[0.485s] Level 1:colcon.colcon_core.environment:checking '/home/hrx/ImageTitan/install/joy_msg/lib/pkgconfig/joy_msg.pc'
[0.485s] Level 1:colcon.colcon_core.environment:checking '/home/hrx/ImageTitan/install/joy_msg/lib/python3.10/site-packages'
[0.486s] Level 1:colcon.colcon_core.environment:checking '/home/hrx/ImageTitan/install/joy_msg/bin'
[0.486s] INFO:colcon.colcon_core.shell:Creating package script '/home/hrx/ImageTitan/install/joy_msg/share/joy_msg/package.ps1'
[0.486s] INFO:colcon.colcon_core.shell:Creating package descriptor '/home/hrx/ImageTitan/install/joy_msg/share/joy_msg/package.dsv'
[0.486s] INFO:colcon.colcon_core.shell:Creating package script '/home/hrx/ImageTitan/install/joy_msg/share/joy_msg/package.sh'
[0.486s] INFO:colcon.colcon_core.shell:Creating package script '/home/hrx/ImageTitan/install/joy_msg/share/joy_msg/package.bash'
[0.487s] INFO:colcon.colcon_core.shell:Creating package script '/home/hrx/ImageTitan/install/joy_msg/share/joy_msg/package.zsh'
[0.487s] Level 1:colcon.colcon_core.environment:create_file_with_runtime_dependencies(/home/hrx/ImageTitan/install/joy_msg/share/colcon-core/packages/joy_msg)
[0.487s] INFO:colcon.colcon_ros.task.ament_python.build:Building ROS package in '/home/hrx/ImageTitan/src/serial_send' with build type 'ament_python'
[0.487s] Level 1:colcon.colcon_core.shell:create_environment_hook('serial_send', 'ament_prefix_path')
[0.487s] INFO:colcon.colcon_core.shell:Creating environment hook '/home/hrx/ImageTitan/install/serial_send/share/serial_send/hook/ament_prefix_path.ps1'
[0.487s] INFO:colcon.colcon_core.shell:Creating environment descriptor '/home/hrx/ImageTitan/install/serial_send/share/serial_send/hook/ament_prefix_path.dsv'
[0.488s] INFO:colcon.colcon_core.shell:Creating environment hook '/home/hrx/ImageTitan/install/serial_send/share/serial_send/hook/ament_prefix_path.sh'
[0.488s] INFO:colcon.colcon_core.shell:Skip shell extension 'powershell' for command environment: Not usable outside of PowerShell
[0.488s] DEBUG:colcon.colcon_core.shell:Skip shell extension 'dsv' for command environment
[0.628s] INFO:colcon.colcon_core.task.python.build:Building Python package in '/home/hrx/ImageTitan/src/serial_send'
[0.628s] INFO:colcon.colcon_core.shell:Skip shell extension 'powershell' for command environment: Not usable outside of PowerShell
[0.628s] DEBUG:colcon.colcon_core.shell:Skip shell extension 'dsv' for command environment
[0.631s] Level 1:colcon.colcon_core.environment:checking '/home/hrx/ImageTitan/install/remote_decode' for CMake module files
[0.631s] DEBUG:colcon.colcon_core.event_handler.log_command:Invoked command in '/home/hrx/ImageTitan/src/remote_decode' returned '0': PYTHONPATH=/home/hrx/ImageTitan/build/remote_decode/prefix_override:/usr/lib/python3/dist-packages/colcon_core/task/python/colcon_distutils_commands:/home/hrx/ImageTitan/install/remote_decode/lib/python3.10/site-packages:${PYTHONPATH} /usr/bin/python3 -W ignore:setup.py install is deprecated setup.py egg_info --egg-base ../../build/remote_decode build --build-base /home/hrx/ImageTitan/build/remote_decode/build install --record /home/hrx/ImageTitan/build/remote_decode/install.log --single-version-externally-managed install_data
[0.632s] Level 1:colcon.colcon_core.environment:checking '/home/hrx/ImageTitan/install/remote_decode' for CMake config files
[0.632s] Level 1:colcon.colcon_core.environment:checking '/home/hrx/ImageTitan/install/remote_decode/lib'
[0.632s] Level 1:colcon.colcon_core.environment:checking '/home/hrx/ImageTitan/install/remote_decode/bin'
[0.632s] Level 1:colcon.colcon_core.environment:checking '/home/hrx/ImageTitan/install/remote_decode/lib/pkgconfig/remote_decode.pc'
[0.632s] Level 1:colcon.colcon_core.environment:checking '/home/hrx/ImageTitan/install/remote_decode/lib/python3.10/site-packages'
[0.632s] Level 1:colcon.colcon_core.shell:create_environment_hook('remote_decode', 'pythonpath')
[0.632s] INFO:colcon.colcon_core.shell:Creating environment hook '/home/hrx/ImageTitan/install/remote_decode/share/remote_decode/hook/pythonpath.ps1'
[0.633s] INFO:colcon.colcon_core.shell:Creating environment descriptor '/home/hrx/ImageTitan/install/remote_decode/share/remote_decode/hook/pythonpath.dsv'
[0.633s] INFO:colcon.colcon_core.shell:Creating environment hook '/home/hrx/ImageTitan/install/remote_decode/share/remote_decode/hook/pythonpath.sh'
[0.633s] Level 1:colcon.colcon_core.environment:checking '/home/hrx/ImageTitan/install/remote_decode/bin'
[0.633s] Level 1:colcon.colcon_core.environment:create_environment_scripts_only(remote_decode)
[0.633s] INFO:colcon.colcon_core.shell:Creating package script '/home/hrx/ImageTitan/install/remote_decode/share/remote_decode/package.ps1'
[0.634s] INFO:colcon.colcon_core.shell:Creating package descriptor '/home/hrx/ImageTitan/install/remote_decode/share/remote_decode/package.dsv'
[0.634s] INFO:colcon.colcon_core.shell:Creating package script '/home/hrx/ImageTitan/install/remote_decode/share/remote_decode/package.sh'
[0.634s] INFO:colcon.colcon_core.shell:Creating package script '/home/hrx/ImageTitan/install/remote_decode/share/remote_decode/package.bash'
[0.634s] INFO:colcon.colcon_core.shell:Creating package script '/home/hrx/ImageTitan/install/remote_decode/share/remote_decode/package.zsh'
[0.635s] Level 1:colcon.colcon_core.environment:create_file_with_runtime_dependencies(/home/hrx/ImageTitan/install/remote_decode/share/colcon-core/packages/remote_decode)
[0.805s] DEBUG:colcon.colcon_core.event_handler.log_command:Invoking command in '/home/hrx/ImageTitan/src/serial_send': PYTHONPATH=/home/hrx/ImageTitan/build/serial_send/prefix_override:/usr/lib/python3/dist-packages/colcon_core/task/python/colcon_distutils_commands:/home/hrx/ImageTitan/install/serial_send/lib/python3.10/site-packages:${PYTHONPATH} /usr/bin/python3 -W ignore:setup.py install is deprecated setup.py egg_info --egg-base ../../build/serial_send build --build-base /home/hrx/ImageTitan/build/serial_send/build install --record /home/hrx/ImageTitan/build/serial_send/install.log --single-version-externally-managed install_data
[0.945s] Level 1:colcon.colcon_core.environment:checking '/home/hrx/ImageTitan/install/serial_send' for CMake module files
[0.946s] DEBUG:colcon.colcon_core.event_handler.log_command:Invoked command in '/home/hrx/ImageTitan/src/serial_send' returned '0': PYTHONPATH=/home/hrx/ImageTitan/build/serial_send/prefix_override:/usr/lib/python3/dist-packages/colcon_core/task/python/colcon_distutils_commands:/home/hrx/ImageTitan/install/serial_send/lib/python3.10/site-packages:${PYTHONPATH} /usr/bin/python3 -W ignore:setup.py install is deprecated setup.py egg_info --egg-base ../../build/serial_send build --build-base /home/hrx/ImageTitan/build/serial_send/build install --record /home/hrx/ImageTitan/build/serial_send/install.log --single-version-externally-managed install_data
[0.946s] Level 1:colcon.colcon_core.environment:checking '/home/hrx/ImageTitan/install/serial_send' for CMake config files
[0.946s] Level 1:colcon.colcon_core.environment:checking '/home/hrx/ImageTitan/install/serial_send/lib'
[0.946s] Level 1:colcon.colcon_core.environment:checking '/home/hrx/ImageTitan/install/serial_send/bin'
[0.946s] Level 1:colcon.colcon_core.environment:checking '/home/hrx/ImageTitan/install/serial_send/lib/pkgconfig/serial_send.pc'
[0.946s] Level 1:colcon.colcon_core.environment:checking '/home/hrx/ImageTitan/install/serial_send/lib/python3.10/site-packages'
[0.946s] Level 1:colcon.colcon_core.shell:create_environment_hook('serial_send', 'pythonpath')
[0.947s] INFO:colcon.colcon_core.shell:Creating environment hook '/home/hrx/ImageTitan/install/serial_send/share/serial_send/hook/pythonpath.ps1'
[0.947s] INFO:colcon.colcon_core.shell:Creating environment descriptor '/home/hrx/ImageTitan/install/serial_send/share/serial_send/hook/pythonpath.dsv'
[0.947s] INFO:colcon.colcon_core.shell:Creating environment hook '/home/hrx/ImageTitan/install/serial_send/share/serial_send/hook/pythonpath.sh'
[0.947s] Level 1:colcon.colcon_core.environment:checking '/home/hrx/ImageTitan/install/serial_send/bin'
[0.947s] Level 1:colcon.colcon_core.environment:create_environment_scripts_only(serial_send)
[0.947s] INFO:colcon.colcon_core.shell:Creating package script '/home/hrx/ImageTitan/install/serial_send/share/serial_send/package.ps1'
[0.948s] INFO:colcon.colcon_core.shell:Creating package descriptor '/home/hrx/ImageTitan/install/serial_send/share/serial_send/package.dsv'
[0.948s] INFO:colcon.colcon_core.shell:Creating package script '/home/hrx/ImageTitan/install/serial_send/share/serial_send/package.sh'
[0.948s] INFO:colcon.colcon_core.shell:Creating package script '/home/hrx/ImageTitan/install/serial_send/share/serial_send/package.bash'
[0.948s] INFO:colcon.colcon_core.shell:Creating package script '/home/hrx/ImageTitan/install/serial_send/share/serial_send/package.zsh'
[0.948s] Level 1:colcon.colcon_core.environment:create_file_with_runtime_dependencies(/home/hrx/ImageTitan/install/serial_send/share/colcon-core/packages/serial_send)
[0.948s] DEBUG:colcon.colcon_parallel_executor.executor.parallel:closing loop
[0.949s] DEBUG:colcon.colcon_parallel_executor.executor.parallel:loop closed
[0.949s] DEBUG:colcon.colcon_parallel_executor.executor.parallel:run_until_complete finished with '0'
[0.949s] DEBUG:colcon.colcon_core.event_reactor:joining thread
[0.952s] INFO:colcon.colcon_core.plugin_system:Skipping extension 'colcon_notification.desktop_notification.terminal_notifier': Not used on non-Darwin systems
[0.952s] INFO:colcon.colcon_core.plugin_system:Skipping extension 'colcon_notification.desktop_notification.win32': Not used on non-Windows systems
[0.952s] INFO:colcon.colcon_notification.desktop_notification:Sending desktop notification using 'notify2'
[0.958s] DEBUG:colcon.colcon_core.event_reactor:joined thread
[0.958s] INFO:colcon.colcon_core.shell:Creating prefix script '/home/hrx/ImageTitan/install/local_setup.ps1'
[0.959s] INFO:colcon.colcon_core.shell:Creating prefix util module '/home/hrx/ImageTitan/install/_local_setup_util_ps1.py'
[0.959s] INFO:colcon.colcon_core.shell:Creating prefix chain script '/home/hrx/ImageTitan/install/setup.ps1'
[0.961s] INFO:colcon.colcon_core.shell:Creating prefix script '/home/hrx/ImageTitan/install/local_setup.sh'
[0.961s] INFO:colcon.colcon_core.shell:Creating prefix util module '/home/hrx/ImageTitan/install/_local_setup_util_sh.py'
[0.961s] INFO:colcon.colcon_core.shell:Creating prefix chain script '/home/hrx/ImageTitan/install/setup.sh'
[0.962s] INFO:colcon.colcon_core.shell:Creating prefix script '/home/hrx/ImageTitan/install/local_setup.bash'
[0.962s] INFO:colcon.colcon_core.shell:Creating prefix chain script '/home/hrx/ImageTitan/install/setup.bash'
[0.963s] INFO:colcon.colcon_core.shell:Creating prefix script '/home/hrx/ImageTitan/install/local_setup.zsh'
[0.963s] INFO:colcon.colcon_core.shell:Creating prefix chain script '/home/hrx/ImageTitan/install/setup.zsh'
