[0.011s] Invoking command in '/home/hrx/ImageTitan/build/processed_remote': CMAKE_PREFIX_PATH=${CMAKE_PREFIX_PATH}:/home/hrx/ImageTitan/install/serial_send:/home/hrx/ImageTitan/install/remote_decode:/home/hrx/ps2_ws/install/ps2_decode:/home/hrx/dev_ws/install/lesson_topic:/home/hrx/dev_ws/install/lesson_service:/home/hrx/dev_ws/install/learning_urdf:/home/hrx/dev_ws/install/learning_tf:/home/hrx/dev_ws/install/learning_qos:/home/hrx/dev_ws/install/learning_parameter:/home/hrx/dev_ws/install/learning_launch:/home/hrx/dev_ws/install/learning_action:/home/hrx/dev_ws/install/learning_gazebo_fortress:/home/hrx/dev_ws/install/learning_gazebo:/home/hrx/dev_ws/install/learning_cv:/opt/ros/humble /usr/bin/cmake --build /home/hrx/ImageTitan/build/processed_remote -- -j20 -l20
[0.147s] [ 12%] Built target processed_remote__cpp
[0.147s] [ 12%] Built target processed_remote__rosidl_generator_c
[0.147s] [ 12%] Built target ament_cmake_python_copy_processed_remote
[0.147s] [ 38%] Built target processed_remote__rosidl_typesupport_cpp
[0.147s] [ 41%] Built target processed_remote__rosidl_typesupport_introspection_c
[0.148s] [ 41%] Built target processed_remote__rosidl_typesupport_fastrtps_c
[0.148s] [ 51%] Built target processed_remote__rosidl_typesupport_fastrtps_cpp
[0.148s] [ 61%] Built target processed_remote__rosidl_typesupport_introspection_cpp
[0.148s] [ 70%] Built target processed_remote__rosidl_typesupport_c
[0.148s] [ 70%] Built target processed_remote
[0.148s] [ 74%] Built target processed_remote__py
[0.148s] [ 80%] Built target processed_remote__rosidl_generator_py
[0.148s] [ 87%] Built target processed_remote__rosidl_typesupport_c__pyext
[0.148s] [ 93%] Built target processed_remote__rosidl_typesupport_fastrtps_c__pyext
[0.148s] [100%] Built target processed_remote__rosidl_typesupport_introspection_c__pyext
[0.166s] running egg_info
[0.166s] writing processed_remote.egg-info/PKG-INFO
[0.166s] writing dependency_links to processed_remote.egg-info/dependency_links.txt
[0.166s] writing top-level names to processed_remote.egg-info/top_level.txt
[0.167s] reading manifest file 'processed_remote.egg-info/SOURCES.txt'
[0.168s] writing manifest file 'processed_remote.egg-info/SOURCES.txt'
[0.183s] [100%] Built target ament_cmake_python_build_processed_remote_egg
[0.277s] Invoked command in '/home/hrx/ImageTitan/build/processed_remote' returned '0': CMAKE_PREFIX_PATH=${CMAKE_PREFIX_PATH}:/home/hrx/ImageTitan/install/serial_send:/home/hrx/ImageTitan/install/remote_decode:/home/hrx/ps2_ws/install/ps2_decode:/home/hrx/dev_ws/install/lesson_topic:/home/hrx/dev_ws/install/lesson_service:/home/hrx/dev_ws/install/learning_urdf:/home/hrx/dev_ws/install/learning_tf:/home/hrx/dev_ws/install/learning_qos:/home/hrx/dev_ws/install/learning_parameter:/home/hrx/dev_ws/install/learning_launch:/home/hrx/dev_ws/install/learning_action:/home/hrx/dev_ws/install/learning_gazebo_fortress:/home/hrx/dev_ws/install/learning_gazebo:/home/hrx/dev_ws/install/learning_cv:/opt/ros/humble /usr/bin/cmake --build /home/hrx/ImageTitan/build/processed_remote -- -j20 -l20
[0.325s] Invoking command in '/home/hrx/ImageTitan/build/processed_remote': CMAKE_PREFIX_PATH=${CMAKE_PREFIX_PATH}:/home/hrx/ImageTitan/install/serial_send:/home/hrx/ImageTitan/install/remote_decode:/home/hrx/ps2_ws/install/ps2_decode:/home/hrx/dev_ws/install/lesson_topic:/home/hrx/dev_ws/install/lesson_service:/home/hrx/dev_ws/install/learning_urdf:/home/hrx/dev_ws/install/learning_tf:/home/hrx/dev_ws/install/learning_qos:/home/hrx/dev_ws/install/learning_parameter:/home/hrx/dev_ws/install/learning_launch:/home/hrx/dev_ws/install/learning_action:/home/hrx/dev_ws/install/learning_gazebo_fortress:/home/hrx/dev_ws/install/learning_gazebo:/home/hrx/dev_ws/install/learning_cv:/opt/ros/humble /usr/bin/cmake --install /home/hrx/ImageTitan/build/processed_remote
[0.331s] -- Install configuration: ""
[0.331s] -- Up-to-date: /home/hrx/ImageTitan/install/processed_remote/share/ament_index/resource_index/rosidl_interfaces/processed_remote
[0.331s] -- Up-to-date: /home/hrx/ImageTitan/install/processed_remote/include/processed_remote/processed_remote
[0.331s] -- Up-to-date: /home/hrx/ImageTitan/install/processed_remote/include/processed_remote/processed_remote/msg
[0.332s] -- Up-to-date: /home/hrx/ImageTitan/install/processed_remote/include/processed_remote/processed_remote/msg/processed_remote.h
[0.332s] -- Up-to-date: /home/hrx/ImageTitan/install/processed_remote/include/processed_remote/processed_remote/msg/rosidl_generator_c__visibility_control.h
[0.332s] -- Up-to-date: /home/hrx/ImageTitan/install/processed_remote/include/processed_remote/processed_remote/msg/detail
[0.332s] -- Up-to-date: /home/hrx/ImageTitan/install/processed_remote/include/processed_remote/processed_remote/msg/detail/processed_remote__functions.c
[0.332s] -- Up-to-date: /home/hrx/ImageTitan/install/processed_remote/include/processed_remote/processed_remote/msg/detail/processed_remote__type_support.h
[0.332s] -- Up-to-date: /home/hrx/ImageTitan/install/processed_remote/include/processed_remote/processed_remote/msg/detail/processed_remote__struct.h
[0.332s] -- Up-to-date: /home/hrx/ImageTitan/install/processed_remote/include/processed_remote/processed_remote/msg/detail/processed_remote__functions.h
[0.332s] -- Up-to-date: /home/hrx/ImageTitan/install/processed_remote/share/processed_remote/environment/library_path.sh
[0.332s] -- Up-to-date: /home/hrx/ImageTitan/install/processed_remote/share/processed_remote/environment/library_path.dsv
[0.332s] -- Up-to-date: /home/hrx/ImageTitan/install/processed_remote/lib/libprocessed_remote__rosidl_generator_c.so
[0.332s] -- Up-to-date: /home/hrx/ImageTitan/install/processed_remote/include/processed_remote/processed_remote
[0.332s] -- Up-to-date: /home/hrx/ImageTitan/install/processed_remote/include/processed_remote/processed_remote/msg
[0.332s] -- Up-to-date: /home/hrx/ImageTitan/install/processed_remote/include/processed_remote/processed_remote/msg/rosidl_typesupport_fastrtps_c__visibility_control.h
[0.333s] -- Up-to-date: /home/hrx/ImageTitan/install/processed_remote/include/processed_remote/processed_remote/msg/detail
[0.333s] -- Up-to-date: /home/hrx/ImageTitan/install/processed_remote/include/processed_remote/processed_remote/msg/detail/processed_remote__rosidl_typesupport_fastrtps_c.h
[0.333s] -- Up-to-date: /home/hrx/ImageTitan/install/processed_remote/lib/libprocessed_remote__rosidl_typesupport_fastrtps_c.so
[0.333s] -- Up-to-date: /home/hrx/ImageTitan/install/processed_remote/include/processed_remote/processed_remote
[0.333s] -- Up-to-date: /home/hrx/ImageTitan/install/processed_remote/include/processed_remote/processed_remote/msg
[0.333s] -- Up-to-date: /home/hrx/ImageTitan/install/processed_remote/include/processed_remote/processed_remote/msg/rosidl_typesupport_introspection_c__visibility_control.h
[0.333s] -- Up-to-date: /home/hrx/ImageTitan/install/processed_remote/include/processed_remote/processed_remote/msg/detail
[0.333s] -- Up-to-date: /home/hrx/ImageTitan/install/processed_remote/include/processed_remote/processed_remote/msg/detail/processed_remote__rosidl_typesupport_introspection_c.h
[0.333s] -- Up-to-date: /home/hrx/ImageTitan/install/processed_remote/include/processed_remote/processed_remote/msg/detail/processed_remote__type_support.c
[0.333s] -- Up-to-date: /home/hrx/ImageTitan/install/processed_remote/lib/libprocessed_remote__rosidl_typesupport_introspection_c.so
[0.333s] -- Up-to-date: /home/hrx/ImageTitan/install/processed_remote/lib/libprocessed_remote__rosidl_typesupport_c.so
[0.333s] -- Up-to-date: /home/hrx/ImageTitan/install/processed_remote/include/processed_remote/processed_remote
[0.333s] -- Up-to-date: /home/hrx/ImageTitan/install/processed_remote/include/processed_remote/processed_remote/msg
[0.333s] -- Up-to-date: /home/hrx/ImageTitan/install/processed_remote/include/processed_remote/processed_remote/msg/detail
[0.333s] -- Up-to-date: /home/hrx/ImageTitan/install/processed_remote/include/processed_remote/processed_remote/msg/detail/processed_remote__struct.hpp
[0.333s] -- Up-to-date: /home/hrx/ImageTitan/install/processed_remote/include/processed_remote/processed_remote/msg/detail/processed_remote__traits.hpp
[0.333s] -- Up-to-date: /home/hrx/ImageTitan/install/processed_remote/include/processed_remote/processed_remote/msg/detail/processed_remote__builder.hpp
[0.334s] -- Up-to-date: /home/hrx/ImageTitan/install/processed_remote/include/processed_remote/processed_remote/msg/processed_remote.hpp
[0.334s] -- Up-to-date: /home/hrx/ImageTitan/install/processed_remote/include/processed_remote/processed_remote
[0.334s] -- Up-to-date: /home/hrx/ImageTitan/install/processed_remote/include/processed_remote/processed_remote/msg
[0.334s] -- Up-to-date: /home/hrx/ImageTitan/install/processed_remote/include/processed_remote/processed_remote/msg/rosidl_typesupport_fastrtps_cpp__visibility_control.h
[0.334s] -- Up-to-date: /home/hrx/ImageTitan/install/processed_remote/include/processed_remote/processed_remote/msg/detail
[0.334s] -- Up-to-date: /home/hrx/ImageTitan/install/processed_remote/include/processed_remote/processed_remote/msg/detail/processed_remote__rosidl_typesupport_fastrtps_cpp.hpp
[0.334s] -- Up-to-date: /home/hrx/ImageTitan/install/processed_remote/include/processed_remote/processed_remote/msg/detail/dds_fastrtps
[0.334s] -- Up-to-date: /home/hrx/ImageTitan/install/processed_remote/lib/libprocessed_remote__rosidl_typesupport_fastrtps_cpp.so
[0.334s] -- Up-to-date: /home/hrx/ImageTitan/install/processed_remote/include/processed_remote/processed_remote
[0.334s] -- Up-to-date: /home/hrx/ImageTitan/install/processed_remote/include/processed_remote/processed_remote/msg
[0.334s] -- Up-to-date: /home/hrx/ImageTitan/install/processed_remote/include/processed_remote/processed_remote/msg/detail
[0.334s] -- Up-to-date: /home/hrx/ImageTitan/install/processed_remote/include/processed_remote/processed_remote/msg/detail/processed_remote__type_support.cpp
[0.334s] -- Up-to-date: /home/hrx/ImageTitan/install/processed_remote/include/processed_remote/processed_remote/msg/detail/processed_remote__rosidl_typesupport_introspection_cpp.hpp
[0.334s] -- Up-to-date: /home/hrx/ImageTitan/install/processed_remote/lib/libprocessed_remote__rosidl_typesupport_introspection_cpp.so
[0.334s] -- Up-to-date: /home/hrx/ImageTitan/install/processed_remote/lib/libprocessed_remote__rosidl_typesupport_cpp.so
[0.334s] -- Up-to-date: /home/hrx/ImageTitan/install/processed_remote/share/processed_remote/environment/pythonpath.sh
[0.334s] -- Up-to-date: /home/hrx/ImageTitan/install/processed_remote/share/processed_remote/environment/pythonpath.dsv
[0.334s] -- Up-to-date: /home/hrx/ImageTitan/install/processed_remote/local/lib/python3.10/dist-packages/processed_remote-0.0.0-py3.10.egg-info
[0.334s] -- Installing: /home/hrx/ImageTitan/install/processed_remote/local/lib/python3.10/dist-packages/processed_remote-0.0.0-py3.10.egg-info/dependency_links.txt
[0.334s] -- Installing: /home/hrx/ImageTitan/install/processed_remote/local/lib/python3.10/dist-packages/processed_remote-0.0.0-py3.10.egg-info/PKG-INFO
[0.334s] -- Installing: /home/hrx/ImageTitan/install/processed_remote/local/lib/python3.10/dist-packages/processed_remote-0.0.0-py3.10.egg-info/top_level.txt
[0.334s] -- Installing: /home/hrx/ImageTitan/install/processed_remote/local/lib/python3.10/dist-packages/processed_remote-0.0.0-py3.10.egg-info/SOURCES.txt
[0.334s] -- Up-to-date: /home/hrx/ImageTitan/install/processed_remote/local/lib/python3.10/dist-packages/processed_remote
[0.334s] -- Up-to-date: /home/hrx/ImageTitan/install/processed_remote/local/lib/python3.10/dist-packages/processed_remote/processed_remote_s__rosidl_typesupport_c.cpython-310-x86_64-linux-gnu.so
[0.334s] -- Up-to-date: /home/hrx/ImageTitan/install/processed_remote/local/lib/python3.10/dist-packages/processed_remote/_processed_remote_s.ep.rosidl_typesupport_introspection_c.c
[0.334s] -- Up-to-date: /home/hrx/ImageTitan/install/processed_remote/local/lib/python3.10/dist-packages/processed_remote/processed_remote_s__rosidl_typesupport_introspection_c.cpython-310-x86_64-linux-gnu.so
[0.334s] -- Up-to-date: /home/hrx/ImageTitan/install/processed_remote/local/lib/python3.10/dist-packages/processed_remote/processed_remote_s__rosidl_typesupport_fastrtps_c.cpython-310-x86_64-linux-gnu.so
[0.334s] -- Up-to-date: /home/hrx/ImageTitan/install/processed_remote/local/lib/python3.10/dist-packages/processed_remote/__init__.py
[0.334s] -- Up-to-date: /home/hrx/ImageTitan/install/processed_remote/local/lib/python3.10/dist-packages/processed_remote/_processed_remote_s.ep.rosidl_typesupport_c.c
[0.334s] -- Up-to-date: /home/hrx/ImageTitan/install/processed_remote/local/lib/python3.10/dist-packages/processed_remote/_processed_remote_s.ep.rosidl_typesupport_fastrtps_c.c
[0.334s] -- Up-to-date: /home/hrx/ImageTitan/install/processed_remote/local/lib/python3.10/dist-packages/processed_remote/msg
[0.334s] -- Up-to-date: /home/hrx/ImageTitan/install/processed_remote/local/lib/python3.10/dist-packages/processed_remote/msg/__init__.py
[0.334s] -- Up-to-date: /home/hrx/ImageTitan/install/processed_remote/local/lib/python3.10/dist-packages/processed_remote/msg/_processed_remote.py
[0.334s] -- Up-to-date: /home/hrx/ImageTitan/install/processed_remote/local/lib/python3.10/dist-packages/processed_remote/msg/_processed_remote_s.c
[0.334s] -- Up-to-date: /home/hrx/ImageTitan/install/processed_remote/local/lib/python3.10/dist-packages/processed_remote/libprocessed_remote__rosidl_generator_py.so
[0.354s] Listing '/home/hrx/ImageTitan/install/processed_remote/local/lib/python3.10/dist-packages/processed_remote'...
[0.354s] Listing '/home/hrx/ImageTitan/install/processed_remote/local/lib/python3.10/dist-packages/processed_remote/msg'...
[0.356s] -- Up-to-date: /home/hrx/ImageTitan/install/processed_remote/local/lib/python3.10/dist-packages/processed_remote/processed_remote_s__rosidl_typesupport_fastrtps_c.cpython-310-x86_64-linux-gnu.so
[0.356s] -- Up-to-date: /home/hrx/ImageTitan/install/processed_remote/local/lib/python3.10/dist-packages/processed_remote/processed_remote_s__rosidl_typesupport_introspection_c.cpython-310-x86_64-linux-gnu.so
[0.357s] -- Up-to-date: /home/hrx/ImageTitan/install/processed_remote/local/lib/python3.10/dist-packages/processed_remote/processed_remote_s__rosidl_typesupport_c.cpython-310-x86_64-linux-gnu.so
[0.357s] -- Up-to-date: /home/hrx/ImageTitan/install/processed_remote/lib/libprocessed_remote__rosidl_generator_py.so
[0.357s] -- Up-to-date: /home/hrx/ImageTitan/install/processed_remote/share/processed_remote/msg/ProcessedRemote.idl
[0.357s] -- Up-to-date: /home/hrx/ImageTitan/install/processed_remote/share/processed_remote/msg/ProcessedRemote.msg
[0.357s] -- Up-to-date: /home/hrx/ImageTitan/install/processed_remote/share/ament_index/resource_index/package_run_dependencies/processed_remote
[0.357s] -- Up-to-date: /home/hrx/ImageTitan/install/processed_remote/share/ament_index/resource_index/parent_prefix_path/processed_remote
[0.357s] -- Up-to-date: /home/hrx/ImageTitan/install/processed_remote/share/processed_remote/environment/ament_prefix_path.sh
[0.357s] -- Up-to-date: /home/hrx/ImageTitan/install/processed_remote/share/processed_remote/environment/ament_prefix_path.dsv
[0.357s] -- Up-to-date: /home/hrx/ImageTitan/install/processed_remote/share/processed_remote/environment/path.sh
[0.358s] -- Up-to-date: /home/hrx/ImageTitan/install/processed_remote/share/processed_remote/environment/path.dsv
[0.358s] -- Up-to-date: /home/hrx/ImageTitan/install/processed_remote/share/processed_remote/local_setup.bash
[0.358s] -- Up-to-date: /home/hrx/ImageTitan/install/processed_remote/share/processed_remote/local_setup.sh
[0.358s] -- Up-to-date: /home/hrx/ImageTitan/install/processed_remote/share/processed_remote/local_setup.zsh
[0.358s] -- Up-to-date: /home/hrx/ImageTitan/install/processed_remote/share/processed_remote/local_setup.dsv
[0.358s] -- Installing: /home/hrx/ImageTitan/install/processed_remote/share/processed_remote/package.dsv
[0.358s] -- Up-to-date: /home/hrx/ImageTitan/install/processed_remote/share/ament_index/resource_index/packages/processed_remote
[0.358s] -- Up-to-date: /home/hrx/ImageTitan/install/processed_remote/share/processed_remote/cmake/export_processed_remote__rosidl_generator_cExport.cmake
[0.358s] -- Up-to-date: /home/hrx/ImageTitan/install/processed_remote/share/processed_remote/cmake/export_processed_remote__rosidl_generator_cExport-noconfig.cmake
[0.358s] -- Up-to-date: /home/hrx/ImageTitan/install/processed_remote/share/processed_remote/cmake/export_processed_remote__rosidl_typesupport_fastrtps_cExport.cmake
[0.358s] -- Up-to-date: /home/hrx/ImageTitan/install/processed_remote/share/processed_remote/cmake/export_processed_remote__rosidl_typesupport_fastrtps_cExport-noconfig.cmake
[0.358s] -- Up-to-date: /home/hrx/ImageTitan/install/processed_remote/share/processed_remote/cmake/processed_remote__rosidl_typesupport_introspection_cExport.cmake
[0.358s] -- Up-to-date: /home/hrx/ImageTitan/install/processed_remote/share/processed_remote/cmake/processed_remote__rosidl_typesupport_introspection_cExport-noconfig.cmake
[0.358s] -- Up-to-date: /home/hrx/ImageTitan/install/processed_remote/share/processed_remote/cmake/processed_remote__rosidl_typesupport_cExport.cmake
[0.358s] -- Up-to-date: /home/hrx/ImageTitan/install/processed_remote/share/processed_remote/cmake/processed_remote__rosidl_typesupport_cExport-noconfig.cmake
[0.358s] -- Up-to-date: /home/hrx/ImageTitan/install/processed_remote/share/processed_remote/cmake/export_processed_remote__rosidl_generator_cppExport.cmake
[0.358s] -- Up-to-date: /home/hrx/ImageTitan/install/processed_remote/share/processed_remote/cmake/export_processed_remote__rosidl_typesupport_fastrtps_cppExport.cmake
[0.358s] -- Up-to-date: /home/hrx/ImageTitan/install/processed_remote/share/processed_remote/cmake/export_processed_remote__rosidl_typesupport_fastrtps_cppExport-noconfig.cmake
[0.358s] -- Up-to-date: /home/hrx/ImageTitan/install/processed_remote/share/processed_remote/cmake/processed_remote__rosidl_typesupport_introspection_cppExport.cmake
[0.358s] -- Up-to-date: /home/hrx/ImageTitan/install/processed_remote/share/processed_remote/cmake/processed_remote__rosidl_typesupport_introspection_cppExport-noconfig.cmake
[0.359s] -- Up-to-date: /home/hrx/ImageTitan/install/processed_remote/share/processed_remote/cmake/processed_remote__rosidl_typesupport_cppExport.cmake
[0.359s] -- Up-to-date: /home/hrx/ImageTitan/install/processed_remote/share/processed_remote/cmake/processed_remote__rosidl_typesupport_cppExport-noconfig.cmake
[0.359s] -- Up-to-date: /home/hrx/ImageTitan/install/processed_remote/share/processed_remote/cmake/export_processed_remote__rosidl_generator_pyExport.cmake
[0.359s] -- Up-to-date: /home/hrx/ImageTitan/install/processed_remote/share/processed_remote/cmake/export_processed_remote__rosidl_generator_pyExport-noconfig.cmake
[0.359s] -- Up-to-date: /home/hrx/ImageTitan/install/processed_remote/share/processed_remote/cmake/rosidl_cmake-extras.cmake
[0.359s] -- Up-to-date: /home/hrx/ImageTitan/install/processed_remote/share/processed_remote/cmake/ament_cmake_export_include_directories-extras.cmake
[0.359s] -- Up-to-date: /home/hrx/ImageTitan/install/processed_remote/share/processed_remote/cmake/ament_cmake_export_libraries-extras.cmake
[0.359s] -- Up-to-date: /home/hrx/ImageTitan/install/processed_remote/share/processed_remote/cmake/ament_cmake_export_targets-extras.cmake
[0.359s] -- Up-to-date: /home/hrx/ImageTitan/install/processed_remote/share/processed_remote/cmake/rosidl_cmake_export_typesupport_targets-extras.cmake
[0.359s] -- Up-to-date: /home/hrx/ImageTitan/install/processed_remote/share/processed_remote/cmake/ament_cmake_export_dependencies-extras.cmake
[0.359s] -- Up-to-date: /home/hrx/ImageTitan/install/processed_remote/share/processed_remote/cmake/rosidl_cmake_export_typesupport_libraries-extras.cmake
[0.359s] -- Up-to-date: /home/hrx/ImageTitan/install/processed_remote/share/processed_remote/cmake/processed_remoteConfig.cmake
[0.359s] -- Up-to-date: /home/hrx/ImageTitan/install/processed_remote/share/processed_remote/cmake/processed_remoteConfig-version.cmake
[0.359s] -- Up-to-date: /home/hrx/ImageTitan/install/processed_remote/share/processed_remote/package.xml
[0.361s] Invoked command in '/home/hrx/ImageTitan/build/processed_remote' returned '0': CMAKE_PREFIX_PATH=${CMAKE_PREFIX_PATH}:/home/hrx/ImageTitan/install/serial_send:/home/hrx/ImageTitan/install/remote_decode:/home/hrx/ps2_ws/install/ps2_decode:/home/hrx/dev_ws/install/lesson_topic:/home/hrx/dev_ws/install/lesson_service:/home/hrx/dev_ws/install/learning_urdf:/home/hrx/dev_ws/install/learning_tf:/home/hrx/dev_ws/install/learning_qos:/home/hrx/dev_ws/install/learning_parameter:/home/hrx/dev_ws/install/learning_launch:/home/hrx/dev_ws/install/learning_action:/home/hrx/dev_ws/install/learning_gazebo_fortress:/home/hrx/dev_ws/install/learning_gazebo:/home/hrx/dev_ws/install/learning_cv:/opt/ros/humble /usr/bin/cmake --install /home/hrx/ImageTitan/build/processed_remote
