[0.008s] Invoking command in '/home/hrx/ImageTitan/build/joy_msg': CMAKE_PREFIX_PATH=${CMAKE_PREFIX_PATH}:/home/hrx/ImageTitan/install/serial_send:/home/hrx/ImageTitan/install/remote_decode:/home/hrx/ps2_ws/install/ps2_decode:/home/hrx/dev_ws/install/lesson_topic:/home/hrx/dev_ws/install/lesson_service:/home/hrx/dev_ws/install/learning_urdf:/home/hrx/dev_ws/install/learning_tf:/home/hrx/dev_ws/install/learning_qos:/home/hrx/dev_ws/install/learning_parameter:/home/hrx/dev_ws/install/learning_launch:/home/hrx/dev_ws/install/learning_action:/home/hrx/dev_ws/install/learning_gazebo_fortress:/home/hrx/dev_ws/install/learning_gazebo:/home/hrx/dev_ws/install/learning_cv:/opt/ros/humble /usr/bin/cmake --build /home/hrx/ImageTitan/build/joy_msg -- -j20 -l20
[0.040s] [  3%] Built target joy_msg__cpp
[0.042s] [ 12%] Built target joy_msg__rosidl_generator_c
[0.045s] [ 12%] Built target ament_cmake_python_copy_joy_msg
[0.050s] [ 22%] Built target joy_msg__rosidl_typesupport_introspection_cpp
[0.051s] [ 32%] Built target joy_msg__rosidl_typesupport_fastrtps_cpp
[0.051s] [ 41%] Built target joy_msg__rosidl_typesupport_cpp
[0.053s] [ 51%] Built target joy_msg__rosidl_typesupport_c
[0.053s] [ 61%] Built target joy_msg__rosidl_typesupport_fastrtps_c
[0.054s] [ 70%] Built target joy_msg__rosidl_typesupport_introspection_c
[0.066s] [ 70%] Built target joy_msg
[0.078s] [ 74%] Built target joy_msg__py
[0.091s] [ 80%] Built target joy_msg__rosidl_generator_py
[0.103s] [ 87%] Built target joy_msg__rosidl_typesupport_introspection_c__pyext
[0.103s] [ 93%] Built target joy_msg__rosidl_typesupport_c__pyext
[0.106s] [100%] Built target joy_msg__rosidl_typesupport_fastrtps_c__pyext
[0.166s] running egg_info
[0.166s] writing joy_msg.egg-info/PKG-INFO
[0.166s] writing dependency_links to joy_msg.egg-info/dependency_links.txt
[0.167s] writing top-level names to joy_msg.egg-info/top_level.txt
[0.168s] reading manifest file 'joy_msg.egg-info/SOURCES.txt'
[0.168s] writing manifest file 'joy_msg.egg-info/SOURCES.txt'
[0.183s] [100%] Built target ament_cmake_python_build_joy_msg_egg
[0.191s] Invoked command in '/home/hrx/ImageTitan/build/joy_msg' returned '0': CMAKE_PREFIX_PATH=${CMAKE_PREFIX_PATH}:/home/hrx/ImageTitan/install/serial_send:/home/hrx/ImageTitan/install/remote_decode:/home/hrx/ps2_ws/install/ps2_decode:/home/hrx/dev_ws/install/lesson_topic:/home/hrx/dev_ws/install/lesson_service:/home/hrx/dev_ws/install/learning_urdf:/home/hrx/dev_ws/install/learning_tf:/home/hrx/dev_ws/install/learning_qos:/home/hrx/dev_ws/install/learning_parameter:/home/hrx/dev_ws/install/learning_launch:/home/hrx/dev_ws/install/learning_action:/home/hrx/dev_ws/install/learning_gazebo_fortress:/home/hrx/dev_ws/install/learning_gazebo:/home/hrx/dev_ws/install/learning_cv:/opt/ros/humble /usr/bin/cmake --build /home/hrx/ImageTitan/build/joy_msg -- -j20 -l20
[0.234s] Invoking command in '/home/hrx/ImageTitan/build/joy_msg': CMAKE_PREFIX_PATH=${CMAKE_PREFIX_PATH}:/home/hrx/ImageTitan/install/serial_send:/home/hrx/ImageTitan/install/remote_decode:/home/hrx/ps2_ws/install/ps2_decode:/home/hrx/dev_ws/install/lesson_topic:/home/hrx/dev_ws/install/lesson_service:/home/hrx/dev_ws/install/learning_urdf:/home/hrx/dev_ws/install/learning_tf:/home/hrx/dev_ws/install/learning_qos:/home/hrx/dev_ws/install/learning_parameter:/home/hrx/dev_ws/install/learning_launch:/home/hrx/dev_ws/install/learning_action:/home/hrx/dev_ws/install/learning_gazebo_fortress:/home/hrx/dev_ws/install/learning_gazebo:/home/hrx/dev_ws/install/learning_cv:/opt/ros/humble /usr/bin/cmake --install /home/hrx/ImageTitan/build/joy_msg
[0.239s] -- Install configuration: ""
[0.239s] -- Up-to-date: /home/hrx/ImageTitan/install/joy_msg/share/ament_index/resource_index/rosidl_interfaces/joy_msg
[0.239s] -- Up-to-date: /home/hrx/ImageTitan/install/joy_msg/include/joy_msg/joy_msg
[0.239s] -- Up-to-date: /home/hrx/ImageTitan/install/joy_msg/include/joy_msg/joy_msg/msg
[0.239s] -- Up-to-date: /home/hrx/ImageTitan/install/joy_msg/include/joy_msg/joy_msg/msg/joystick_data.h
[0.239s] -- Up-to-date: /home/hrx/ImageTitan/install/joy_msg/include/joy_msg/joy_msg/msg/rosidl_generator_c__visibility_control.h
[0.239s] -- Up-to-date: /home/hrx/ImageTitan/install/joy_msg/include/joy_msg/joy_msg/msg/detail
[0.239s] -- Up-to-date: /home/hrx/ImageTitan/install/joy_msg/include/joy_msg/joy_msg/msg/detail/joystick_data__functions.c
[0.239s] -- Up-to-date: /home/hrx/ImageTitan/install/joy_msg/include/joy_msg/joy_msg/msg/detail/joystick_data__struct.h
[0.239s] -- Up-to-date: /home/hrx/ImageTitan/install/joy_msg/include/joy_msg/joy_msg/msg/detail/joystick_data__type_support.h
[0.240s] -- Up-to-date: /home/hrx/ImageTitan/install/joy_msg/include/joy_msg/joy_msg/msg/detail/joystick_data__functions.h
[0.240s] -- Up-to-date: /home/hrx/ImageTitan/install/joy_msg/share/joy_msg/environment/library_path.sh
[0.240s] -- Up-to-date: /home/hrx/ImageTitan/install/joy_msg/share/joy_msg/environment/library_path.dsv
[0.240s] -- Up-to-date: /home/hrx/ImageTitan/install/joy_msg/lib/libjoy_msg__rosidl_generator_c.so
[0.240s] -- Up-to-date: /home/hrx/ImageTitan/install/joy_msg/include/joy_msg/joy_msg
[0.240s] -- Up-to-date: /home/hrx/ImageTitan/install/joy_msg/include/joy_msg/joy_msg/msg
[0.240s] -- Up-to-date: /home/hrx/ImageTitan/install/joy_msg/include/joy_msg/joy_msg/msg/rosidl_typesupport_fastrtps_c__visibility_control.h
[0.240s] -- Up-to-date: /home/hrx/ImageTitan/install/joy_msg/include/joy_msg/joy_msg/msg/detail
[0.240s] -- Up-to-date: /home/hrx/ImageTitan/install/joy_msg/include/joy_msg/joy_msg/msg/detail/joystick_data__rosidl_typesupport_fastrtps_c.h
[0.240s] -- Up-to-date: /home/hrx/ImageTitan/install/joy_msg/lib/libjoy_msg__rosidl_typesupport_fastrtps_c.so
[0.240s] -- Up-to-date: /home/hrx/ImageTitan/install/joy_msg/include/joy_msg/joy_msg
[0.240s] -- Up-to-date: /home/hrx/ImageTitan/install/joy_msg/include/joy_msg/joy_msg/msg
[0.240s] -- Up-to-date: /home/hrx/ImageTitan/install/joy_msg/include/joy_msg/joy_msg/msg/rosidl_typesupport_introspection_c__visibility_control.h
[0.240s] -- Up-to-date: /home/hrx/ImageTitan/install/joy_msg/include/joy_msg/joy_msg/msg/detail
[0.240s] -- Up-to-date: /home/hrx/ImageTitan/install/joy_msg/include/joy_msg/joy_msg/msg/detail/joystick_data__type_support.c
[0.240s] -- Up-to-date: /home/hrx/ImageTitan/install/joy_msg/include/joy_msg/joy_msg/msg/detail/joystick_data__rosidl_typesupport_introspection_c.h
[0.240s] -- Up-to-date: /home/hrx/ImageTitan/install/joy_msg/lib/libjoy_msg__rosidl_typesupport_introspection_c.so
[0.240s] -- Up-to-date: /home/hrx/ImageTitan/install/joy_msg/lib/libjoy_msg__rosidl_typesupport_c.so
[0.240s] -- Up-to-date: /home/hrx/ImageTitan/install/joy_msg/include/joy_msg/joy_msg
[0.240s] -- Up-to-date: /home/hrx/ImageTitan/install/joy_msg/include/joy_msg/joy_msg/msg
[0.240s] -- Up-to-date: /home/hrx/ImageTitan/install/joy_msg/include/joy_msg/joy_msg/msg/joystick_data.hpp
[0.240s] -- Up-to-date: /home/hrx/ImageTitan/install/joy_msg/include/joy_msg/joy_msg/msg/detail
[0.240s] -- Up-to-date: /home/hrx/ImageTitan/install/joy_msg/include/joy_msg/joy_msg/msg/detail/joystick_data__struct.hpp
[0.240s] -- Up-to-date: /home/hrx/ImageTitan/install/joy_msg/include/joy_msg/joy_msg/msg/detail/joystick_data__traits.hpp
[0.240s] -- Up-to-date: /home/hrx/ImageTitan/install/joy_msg/include/joy_msg/joy_msg/msg/detail/joystick_data__builder.hpp
[0.240s] -- Up-to-date: /home/hrx/ImageTitan/install/joy_msg/include/joy_msg/joy_msg
[0.240s] -- Up-to-date: /home/hrx/ImageTitan/install/joy_msg/include/joy_msg/joy_msg/msg
[0.240s] -- Up-to-date: /home/hrx/ImageTitan/install/joy_msg/include/joy_msg/joy_msg/msg/rosidl_typesupport_fastrtps_cpp__visibility_control.h
[0.240s] -- Up-to-date: /home/hrx/ImageTitan/install/joy_msg/include/joy_msg/joy_msg/msg/detail
[0.240s] -- Up-to-date: /home/hrx/ImageTitan/install/joy_msg/include/joy_msg/joy_msg/msg/detail/dds_fastrtps
[0.240s] -- Up-to-date: /home/hrx/ImageTitan/install/joy_msg/include/joy_msg/joy_msg/msg/detail/joystick_data__rosidl_typesupport_fastrtps_cpp.hpp
[0.240s] -- Up-to-date: /home/hrx/ImageTitan/install/joy_msg/lib/libjoy_msg__rosidl_typesupport_fastrtps_cpp.so
[0.240s] -- Up-to-date: /home/hrx/ImageTitan/install/joy_msg/include/joy_msg/joy_msg
[0.240s] -- Up-to-date: /home/hrx/ImageTitan/install/joy_msg/include/joy_msg/joy_msg/msg
[0.240s] -- Up-to-date: /home/hrx/ImageTitan/install/joy_msg/include/joy_msg/joy_msg/msg/detail
[0.240s] -- Up-to-date: /home/hrx/ImageTitan/install/joy_msg/include/joy_msg/joy_msg/msg/detail/joystick_data__rosidl_typesupport_introspection_cpp.hpp
[0.240s] -- Up-to-date: /home/hrx/ImageTitan/install/joy_msg/include/joy_msg/joy_msg/msg/detail/joystick_data__type_support.cpp
[0.240s] -- Up-to-date: /home/hrx/ImageTitan/install/joy_msg/lib/libjoy_msg__rosidl_typesupport_introspection_cpp.so
[0.240s] -- Up-to-date: /home/hrx/ImageTitan/install/joy_msg/lib/libjoy_msg__rosidl_typesupport_cpp.so
[0.241s] -- Up-to-date: /home/hrx/ImageTitan/install/joy_msg/share/joy_msg/environment/pythonpath.sh
[0.241s] -- Up-to-date: /home/hrx/ImageTitan/install/joy_msg/share/joy_msg/environment/pythonpath.dsv
[0.241s] -- Up-to-date: /home/hrx/ImageTitan/install/joy_msg/local/lib/python3.10/dist-packages/joy_msg-0.0.0-py3.10.egg-info
[0.241s] -- Installing: /home/hrx/ImageTitan/install/joy_msg/local/lib/python3.10/dist-packages/joy_msg-0.0.0-py3.10.egg-info/dependency_links.txt
[0.241s] -- Installing: /home/hrx/ImageTitan/install/joy_msg/local/lib/python3.10/dist-packages/joy_msg-0.0.0-py3.10.egg-info/PKG-INFO
[0.241s] -- Installing: /home/hrx/ImageTitan/install/joy_msg/local/lib/python3.10/dist-packages/joy_msg-0.0.0-py3.10.egg-info/top_level.txt
[0.241s] -- Installing: /home/hrx/ImageTitan/install/joy_msg/local/lib/python3.10/dist-packages/joy_msg-0.0.0-py3.10.egg-info/SOURCES.txt
[0.241s] -- Up-to-date: /home/hrx/ImageTitan/install/joy_msg/local/lib/python3.10/dist-packages/joy_msg
[0.241s] -- Up-to-date: /home/hrx/ImageTitan/install/joy_msg/local/lib/python3.10/dist-packages/joy_msg/_joy_msg_s.ep.rosidl_typesupport_introspection_c.c
[0.241s] -- Up-to-date: /home/hrx/ImageTitan/install/joy_msg/local/lib/python3.10/dist-packages/joy_msg/libjoy_msg__rosidl_generator_py.so
[0.241s] -- Up-to-date: /home/hrx/ImageTitan/install/joy_msg/local/lib/python3.10/dist-packages/joy_msg/_joy_msg_s.ep.rosidl_typesupport_fastrtps_c.c
[0.241s] -- Up-to-date: /home/hrx/ImageTitan/install/joy_msg/local/lib/python3.10/dist-packages/joy_msg/__init__.py
[0.241s] -- Up-to-date: /home/hrx/ImageTitan/install/joy_msg/local/lib/python3.10/dist-packages/joy_msg/joy_msg_s__rosidl_typesupport_fastrtps_c.cpython-310-x86_64-linux-gnu.so
[0.241s] -- Up-to-date: /home/hrx/ImageTitan/install/joy_msg/local/lib/python3.10/dist-packages/joy_msg/joy_msg_s__rosidl_typesupport_introspection_c.cpython-310-x86_64-linux-gnu.so
[0.241s] -- Up-to-date: /home/hrx/ImageTitan/install/joy_msg/local/lib/python3.10/dist-packages/joy_msg/joy_msg_s__rosidl_typesupport_c.cpython-310-x86_64-linux-gnu.so
[0.241s] -- Up-to-date: /home/hrx/ImageTitan/install/joy_msg/local/lib/python3.10/dist-packages/joy_msg/msg
[0.241s] -- Up-to-date: /home/hrx/ImageTitan/install/joy_msg/local/lib/python3.10/dist-packages/joy_msg/msg/_joystick_data.py
[0.241s] -- Up-to-date: /home/hrx/ImageTitan/install/joy_msg/local/lib/python3.10/dist-packages/joy_msg/msg/_joystick_data_s.c
[0.241s] -- Up-to-date: /home/hrx/ImageTitan/install/joy_msg/local/lib/python3.10/dist-packages/joy_msg/msg/__init__.py
[0.241s] -- Up-to-date: /home/hrx/ImageTitan/install/joy_msg/local/lib/python3.10/dist-packages/joy_msg/_joy_msg_s.ep.rosidl_typesupport_c.c
[0.260s] Listing '/home/hrx/ImageTitan/install/joy_msg/local/lib/python3.10/dist-packages/joy_msg'...
[0.260s] Listing '/home/hrx/ImageTitan/install/joy_msg/local/lib/python3.10/dist-packages/joy_msg/msg'...
[0.263s] -- Up-to-date: /home/hrx/ImageTitan/install/joy_msg/local/lib/python3.10/dist-packages/joy_msg/joy_msg_s__rosidl_typesupport_fastrtps_c.cpython-310-x86_64-linux-gnu.so
[0.263s] -- Up-to-date: /home/hrx/ImageTitan/install/joy_msg/local/lib/python3.10/dist-packages/joy_msg/joy_msg_s__rosidl_typesupport_introspection_c.cpython-310-x86_64-linux-gnu.so
[0.263s] -- Up-to-date: /home/hrx/ImageTitan/install/joy_msg/local/lib/python3.10/dist-packages/joy_msg/joy_msg_s__rosidl_typesupport_c.cpython-310-x86_64-linux-gnu.so
[0.263s] -- Up-to-date: /home/hrx/ImageTitan/install/joy_msg/lib/libjoy_msg__rosidl_generator_py.so
[0.263s] -- Up-to-date: /home/hrx/ImageTitan/install/joy_msg/share/joy_msg/msg/JoystickData.idl
[0.263s] -- Up-to-date: /home/hrx/ImageTitan/install/joy_msg/share/joy_msg/msg/JoystickData.msg
[0.264s] -- Up-to-date: /home/hrx/ImageTitan/install/joy_msg/share/ament_index/resource_index/package_run_dependencies/joy_msg
[0.264s] -- Up-to-date: /home/hrx/ImageTitan/install/joy_msg/share/ament_index/resource_index/parent_prefix_path/joy_msg
[0.264s] -- Up-to-date: /home/hrx/ImageTitan/install/joy_msg/share/joy_msg/environment/ament_prefix_path.sh
[0.264s] -- Up-to-date: /home/hrx/ImageTitan/install/joy_msg/share/joy_msg/environment/ament_prefix_path.dsv
[0.264s] -- Up-to-date: /home/hrx/ImageTitan/install/joy_msg/share/joy_msg/environment/path.sh
[0.264s] -- Up-to-date: /home/hrx/ImageTitan/install/joy_msg/share/joy_msg/environment/path.dsv
[0.264s] -- Up-to-date: /home/hrx/ImageTitan/install/joy_msg/share/joy_msg/local_setup.bash
[0.264s] -- Up-to-date: /home/hrx/ImageTitan/install/joy_msg/share/joy_msg/local_setup.sh
[0.264s] -- Up-to-date: /home/hrx/ImageTitan/install/joy_msg/share/joy_msg/local_setup.zsh
[0.264s] -- Up-to-date: /home/hrx/ImageTitan/install/joy_msg/share/joy_msg/local_setup.dsv
[0.264s] -- Installing: /home/hrx/ImageTitan/install/joy_msg/share/joy_msg/package.dsv
[0.264s] -- Up-to-date: /home/hrx/ImageTitan/install/joy_msg/share/ament_index/resource_index/packages/joy_msg
[0.264s] -- Up-to-date: /home/hrx/ImageTitan/install/joy_msg/share/joy_msg/cmake/export_joy_msg__rosidl_generator_cExport.cmake
[0.264s] -- Up-to-date: /home/hrx/ImageTitan/install/joy_msg/share/joy_msg/cmake/export_joy_msg__rosidl_generator_cExport-noconfig.cmake
[0.264s] -- Up-to-date: /home/hrx/ImageTitan/install/joy_msg/share/joy_msg/cmake/export_joy_msg__rosidl_typesupport_fastrtps_cExport.cmake
[0.264s] -- Up-to-date: /home/hrx/ImageTitan/install/joy_msg/share/joy_msg/cmake/export_joy_msg__rosidl_typesupport_fastrtps_cExport-noconfig.cmake
[0.264s] -- Up-to-date: /home/hrx/ImageTitan/install/joy_msg/share/joy_msg/cmake/joy_msg__rosidl_typesupport_introspection_cExport.cmake
[0.264s] -- Up-to-date: /home/hrx/ImageTitan/install/joy_msg/share/joy_msg/cmake/joy_msg__rosidl_typesupport_introspection_cExport-noconfig.cmake
[0.264s] -- Up-to-date: /home/hrx/ImageTitan/install/joy_msg/share/joy_msg/cmake/joy_msg__rosidl_typesupport_cExport.cmake
[0.264s] -- Up-to-date: /home/hrx/ImageTitan/install/joy_msg/share/joy_msg/cmake/joy_msg__rosidl_typesupport_cExport-noconfig.cmake
[0.264s] -- Up-to-date: /home/hrx/ImageTitan/install/joy_msg/share/joy_msg/cmake/export_joy_msg__rosidl_generator_cppExport.cmake
[0.264s] -- Up-to-date: /home/hrx/ImageTitan/install/joy_msg/share/joy_msg/cmake/export_joy_msg__rosidl_typesupport_fastrtps_cppExport.cmake
[0.264s] -- Up-to-date: /home/hrx/ImageTitan/install/joy_msg/share/joy_msg/cmake/export_joy_msg__rosidl_typesupport_fastrtps_cppExport-noconfig.cmake
[0.264s] -- Up-to-date: /home/hrx/ImageTitan/install/joy_msg/share/joy_msg/cmake/joy_msg__rosidl_typesupport_introspection_cppExport.cmake
[0.264s] -- Up-to-date: /home/hrx/ImageTitan/install/joy_msg/share/joy_msg/cmake/joy_msg__rosidl_typesupport_introspection_cppExport-noconfig.cmake
[0.265s] -- Up-to-date: /home/hrx/ImageTitan/install/joy_msg/share/joy_msg/cmake/joy_msg__rosidl_typesupport_cppExport.cmake
[0.265s] -- Up-to-date: /home/hrx/ImageTitan/install/joy_msg/share/joy_msg/cmake/joy_msg__rosidl_typesupport_cppExport-noconfig.cmake
[0.265s] -- Up-to-date: /home/hrx/ImageTitan/install/joy_msg/share/joy_msg/cmake/export_joy_msg__rosidl_generator_pyExport.cmake
[0.265s] -- Up-to-date: /home/hrx/ImageTitan/install/joy_msg/share/joy_msg/cmake/export_joy_msg__rosidl_generator_pyExport-noconfig.cmake
[0.265s] -- Up-to-date: /home/hrx/ImageTitan/install/joy_msg/share/joy_msg/cmake/rosidl_cmake-extras.cmake
[0.265s] -- Up-to-date: /home/hrx/ImageTitan/install/joy_msg/share/joy_msg/cmake/ament_cmake_export_include_directories-extras.cmake
[0.265s] -- Up-to-date: /home/hrx/ImageTitan/install/joy_msg/share/joy_msg/cmake/ament_cmake_export_libraries-extras.cmake
[0.265s] -- Up-to-date: /home/hrx/ImageTitan/install/joy_msg/share/joy_msg/cmake/ament_cmake_export_targets-extras.cmake
[0.265s] -- Up-to-date: /home/hrx/ImageTitan/install/joy_msg/share/joy_msg/cmake/rosidl_cmake_export_typesupport_targets-extras.cmake
[0.265s] -- Up-to-date: /home/hrx/ImageTitan/install/joy_msg/share/joy_msg/cmake/ament_cmake_export_dependencies-extras.cmake
[0.265s] -- Up-to-date: /home/hrx/ImageTitan/install/joy_msg/share/joy_msg/cmake/rosidl_cmake_export_typesupport_libraries-extras.cmake
[0.265s] -- Up-to-date: /home/hrx/ImageTitan/install/joy_msg/share/joy_msg/cmake/joy_msgConfig.cmake
[0.265s] -- Up-to-date: /home/hrx/ImageTitan/install/joy_msg/share/joy_msg/cmake/joy_msgConfig-version.cmake
[0.265s] -- Up-to-date: /home/hrx/ImageTitan/install/joy_msg/share/joy_msg/package.xml
[0.266s] Invoked command in '/home/hrx/ImageTitan/build/joy_msg' returned '0': CMAKE_PREFIX_PATH=${CMAKE_PREFIX_PATH}:/home/hrx/ImageTitan/install/serial_send:/home/hrx/ImageTitan/install/remote_decode:/home/hrx/ps2_ws/install/ps2_decode:/home/hrx/dev_ws/install/lesson_topic:/home/hrx/dev_ws/install/lesson_service:/home/hrx/dev_ws/install/learning_urdf:/home/hrx/dev_ws/install/learning_tf:/home/hrx/dev_ws/install/learning_qos:/home/hrx/dev_ws/install/learning_parameter:/home/hrx/dev_ws/install/learning_launch:/home/hrx/dev_ws/install/learning_action:/home/hrx/dev_ws/install/learning_gazebo_fortress:/home/hrx/dev_ws/install/learning_gazebo:/home/hrx/dev_ws/install/learning_cv:/opt/ros/humble /usr/bin/cmake --install /home/hrx/ImageTitan/build/joy_msg
