[0.052s] DEBUG:colcon:Command line arguments: ['/usr/bin/colcon', 'build']
[0.052s] DEBUG:colcon:Parsed command line arguments: Namespace(log_base=None, log_level=None, verb_name='build', build_base='build', install_base='install', merge_install=False, symlink_install=False, test_result_base=None, continue_on_error=False, executor='parallel', parallel_workers=20, event_handlers=None, ignore_user_meta=False, metas=['./colcon.meta'], base_paths=['.'], packages_ignore=None, packages_ignore_regex=None, paths=None, packages_up_to=None, packages_up_to_regex=None, packages_above=None, packages_above_and_dependencies=None, packages_above_depth=None, packages_select_by_dep=None, packages_skip_by_dep=None, packages_skip_up_to=None, packages_select_build_failed=False, packages_skip_build_finished=False, packages_select_test_failures=False, packages_skip_test_passed=False, packages_select=None, packages_skip=None, packages_select_regex=None, packages_skip_regex=None, packages_start=None, packages_end=None, allow_overriding=[], cmake_args=None, cmake_target=None, cmake_target_skip_unavailable=False, cmake_clean_cache=False, cmake_clean_first=False, cmake_force_configure=False, ament_cmake_args=None, catkin_cmake_args=None, catkin_skip_building_tests=False, verb_parser=<colcon_defaults.argument_parser.defaults.DefaultArgumentsDecorator object at 0x769c46aa9f60>, verb_extension=<colcon_core.verb.build.BuildVerb object at 0x769c46aa9960>, main=<bound method BuildVerb.main of <colcon_core.verb.build.BuildVerb object at 0x769c46aa9960>>)
[0.123s] Level 1:colcon.colcon_core.package_discovery:discover_packages(colcon_meta) check parameters
[0.123s] Level 1:colcon.colcon_core.package_discovery:discover_packages(recursive) check parameters
[0.123s] Level 1:colcon.colcon_core.package_discovery:discover_packages(ignore) check parameters
[0.123s] Level 1:colcon.colcon_core.package_discovery:discover_packages(path) check parameters
[0.123s] Level 1:colcon.colcon_core.package_discovery:discover_packages(colcon_meta) discover
[0.123s] Level 1:colcon.colcon_core.package_discovery:discover_packages(recursive) discover
[0.123s] INFO:colcon.colcon_core.package_discovery:Crawling recursively for packages in '/home/hrx/ImageTitan'
[0.123s] Level 1:colcon.colcon_core.package_identification:_identify(.) by extensions ['ignore', 'ignore_ament_install']
[0.123s] Level 1:colcon.colcon_core.package_identification:_identify(.) by extension 'ignore'
[0.123s] Level 1:colcon.colcon_core.package_identification:_identify(.) by extension 'ignore_ament_install'
[0.123s] Level 1:colcon.colcon_core.package_identification:_identify(.) by extensions ['colcon_pkg']
[0.123s] Level 1:colcon.colcon_core.package_identification:_identify(.) by extension 'colcon_pkg'
[0.123s] Level 1:colcon.colcon_core.package_identification:_identify(.) by extensions ['colcon_meta']
[0.123s] Level 1:colcon.colcon_core.package_identification:_identify(.) by extension 'colcon_meta'
[0.123s] Level 1:colcon.colcon_core.package_identification:_identify(.) by extensions ['ros']
[0.123s] Level 1:colcon.colcon_core.package_identification:_identify(.) by extension 'ros'
[0.129s] Level 1:colcon.colcon_core.package_identification:_identify(.) by extensions ['cmake', 'python']
[0.129s] Level 1:colcon.colcon_core.package_identification:_identify(.) by extension 'cmake'
[0.129s] Level 1:colcon.colcon_core.package_identification:_identify(.) by extension 'python'
[0.129s] Level 1:colcon.colcon_core.package_identification:_identify(.) by extensions ['python_setup_py']
[0.129s] Level 1:colcon.colcon_core.package_identification:_identify(.) by extension 'python_setup_py'
[0.129s] Level 1:colcon.colcon_core.package_identification:_identify(build) by extensions ['ignore', 'ignore_ament_install']
[0.129s] Level 1:colcon.colcon_core.package_identification:_identify(build) by extension 'ignore'
[0.129s] Level 1:colcon.colcon_core.package_identification:_identify(build) ignored
[0.130s] Level 1:colcon.colcon_core.package_identification:_identify(install) by extensions ['ignore', 'ignore_ament_install']
[0.130s] Level 1:colcon.colcon_core.package_identification:_identify(install) by extension 'ignore'
[0.130s] Level 1:colcon.colcon_core.package_identification:_identify(install) ignored
[0.130s] Level 1:colcon.colcon_core.package_identification:_identify(log) by extensions ['ignore', 'ignore_ament_install']
[0.130s] Level 1:colcon.colcon_core.package_identification:_identify(log) by extension 'ignore'
[0.130s] Level 1:colcon.colcon_core.package_identification:_identify(log) ignored
[0.130s] Level 1:colcon.colcon_core.package_identification:_identify(src) by extensions ['ignore', 'ignore_ament_install']
[0.130s] Level 1:colcon.colcon_core.package_identification:_identify(src) by extension 'ignore'
[0.130s] Level 1:colcon.colcon_core.package_identification:_identify(src) by extension 'ignore_ament_install'
[0.130s] Level 1:colcon.colcon_core.package_identification:_identify(src) by extensions ['colcon_pkg']
[0.130s] Level 1:colcon.colcon_core.package_identification:_identify(src) by extension 'colcon_pkg'
[0.130s] Level 1:colcon.colcon_core.package_identification:_identify(src) by extensions ['colcon_meta']
[0.130s] Level 1:colcon.colcon_core.package_identification:_identify(src) by extension 'colcon_meta'
[0.130s] Level 1:colcon.colcon_core.package_identification:_identify(src) by extensions ['ros']
[0.130s] Level 1:colcon.colcon_core.package_identification:_identify(src) by extension 'ros'
[0.130s] Level 1:colcon.colcon_core.package_identification:_identify(src) by extensions ['cmake', 'python']
[0.130s] Level 1:colcon.colcon_core.package_identification:_identify(src) by extension 'cmake'
[0.130s] Level 1:colcon.colcon_core.package_identification:_identify(src) by extension 'python'
[0.130s] Level 1:colcon.colcon_core.package_identification:_identify(src) by extensions ['python_setup_py']
[0.130s] Level 1:colcon.colcon_core.package_identification:_identify(src) by extension 'python_setup_py'
[0.130s] Level 1:colcon.colcon_core.package_identification:_identify(src/processed_remote) by extensions ['ignore', 'ignore_ament_install']
[0.130s] Level 1:colcon.colcon_core.package_identification:_identify(src/processed_remote) by extension 'ignore'
[0.130s] Level 1:colcon.colcon_core.package_identification:_identify(src/processed_remote) by extension 'ignore_ament_install'
[0.130s] Level 1:colcon.colcon_core.package_identification:_identify(src/processed_remote) by extensions ['colcon_pkg']
[0.130s] Level 1:colcon.colcon_core.package_identification:_identify(src/processed_remote) by extension 'colcon_pkg'
[0.130s] Level 1:colcon.colcon_core.package_identification:_identify(src/processed_remote) by extensions ['colcon_meta']
[0.130s] Level 1:colcon.colcon_core.package_identification:_identify(src/processed_remote) by extension 'colcon_meta'
[0.130s] Level 1:colcon.colcon_core.package_identification:_identify(src/processed_remote) by extensions ['ros']
[0.130s] Level 1:colcon.colcon_core.package_identification:_identify(src/processed_remote) by extension 'ros'
[0.131s] DEBUG:colcon.colcon_core.package_identification:Package 'src/processed_remote' with type 'ros.ament_cmake' and name 'processed_remote'
[0.132s] Level 1:colcon.colcon_core.package_identification:_identify(src/remote_decode) by extensions ['ignore', 'ignore_ament_install']
[0.132s] Level 1:colcon.colcon_core.package_identification:_identify(src/remote_decode) by extension 'ignore'
[0.132s] Level 1:colcon.colcon_core.package_identification:_identify(src/remote_decode) by extension 'ignore_ament_install'
[0.132s] Level 1:colcon.colcon_core.package_identification:_identify(src/remote_decode) by extensions ['colcon_pkg']
[0.132s] Level 1:colcon.colcon_core.package_identification:_identify(src/remote_decode) by extension 'colcon_pkg'
[0.132s] Level 1:colcon.colcon_core.package_identification:_identify(src/remote_decode) by extensions ['colcon_meta']
[0.132s] Level 1:colcon.colcon_core.package_identification:_identify(src/remote_decode) by extension 'colcon_meta'
[0.132s] Level 1:colcon.colcon_core.package_identification:_identify(src/remote_decode) by extensions ['ros']
[0.132s] Level 1:colcon.colcon_core.package_identification:_identify(src/remote_decode) by extension 'ros'
[0.132s] DEBUG:colcon.colcon_core.package_identification:Package 'src/remote_decode' with type 'ros.ament_python' and name 'remote_decode'
[0.132s] Level 1:colcon.colcon_core.package_identification:_identify(src/serial_send) by extensions ['ignore', 'ignore_ament_install']
[0.132s] Level 1:colcon.colcon_core.package_identification:_identify(src/serial_send) by extension 'ignore'
[0.132s] Level 1:colcon.colcon_core.package_identification:_identify(src/serial_send) by extension 'ignore_ament_install'
[0.132s] Level 1:colcon.colcon_core.package_identification:_identify(src/serial_send) by extensions ['colcon_pkg']
[0.132s] Level 1:colcon.colcon_core.package_identification:_identify(src/serial_send) by extension 'colcon_pkg'
[0.132s] Level 1:colcon.colcon_core.package_identification:_identify(src/serial_send) by extensions ['colcon_meta']
[0.132s] Level 1:colcon.colcon_core.package_identification:_identify(src/serial_send) by extension 'colcon_meta'
[0.132s] Level 1:colcon.colcon_core.package_identification:_identify(src/serial_send) by extensions ['ros']
[0.132s] Level 1:colcon.colcon_core.package_identification:_identify(src/serial_send) by extension 'ros'
[0.133s] DEBUG:colcon.colcon_core.package_identification:Package 'src/serial_send' with type 'ros.ament_python' and name 'serial_send'
[0.133s] Level 1:colcon.colcon_core.package_discovery:discover_packages(recursive) using defaults
[0.133s] Level 1:colcon.colcon_core.package_discovery:discover_packages(ignore) discover
[0.133s] Level 1:colcon.colcon_core.package_discovery:discover_packages(ignore) using defaults
[0.133s] Level 1:colcon.colcon_core.package_discovery:discover_packages(path) discover
[0.133s] Level 1:colcon.colcon_core.package_discovery:discover_packages(path) using defaults
[0.143s] Level 1:colcon.colcon_core.package_discovery:discover_packages(prefix_path) check parameters
[0.143s] Level 1:colcon.colcon_core.package_discovery:discover_packages(prefix_path) discover
[0.144s] DEBUG:colcon.colcon_installed_package_information.package_discovery:Found 3 installed packages in /home/hrx/ImageTitan/install
[0.145s] DEBUG:colcon.colcon_installed_package_information.package_discovery:Found 1 installed packages in /home/hrx/ps2_ws/install
[0.145s] DEBUG:colcon.colcon_installed_package_information.package_discovery:Found 12 installed packages in /home/hrx/dev_ws/install
[0.145s] DEBUG:colcon.colcon_installed_package_information.package_discovery:Found 281 installed packages in /opt/ros/humble
[0.147s] Level 1:colcon.colcon_core.package_discovery:discover_packages(prefix_path) using defaults
[0.168s] Level 5:colcon.colcon_core.verb:set package 'processed_remote' build argument 'cmake_args' from command line to 'None'
[0.168s] Level 5:colcon.colcon_core.verb:set package 'processed_remote' build argument 'cmake_target' from command line to 'None'
[0.168s] Level 5:colcon.colcon_core.verb:set package 'processed_remote' build argument 'cmake_target_skip_unavailable' from command line to 'False'
[0.168s] Level 5:colcon.colcon_core.verb:set package 'processed_remote' build argument 'cmake_clean_cache' from command line to 'False'
[0.168s] Level 5:colcon.colcon_core.verb:set package 'processed_remote' build argument 'cmake_clean_first' from command line to 'False'
[0.168s] Level 5:colcon.colcon_core.verb:set package 'processed_remote' build argument 'cmake_force_configure' from command line to 'False'
[0.168s] Level 5:colcon.colcon_core.verb:set package 'processed_remote' build argument 'ament_cmake_args' from command line to 'None'
[0.168s] Level 5:colcon.colcon_core.verb:set package 'processed_remote' build argument 'catkin_cmake_args' from command line to 'None'
[0.168s] Level 5:colcon.colcon_core.verb:set package 'processed_remote' build argument 'catkin_skip_building_tests' from command line to 'False'
[0.168s] DEBUG:colcon.colcon_core.verb:Building package 'processed_remote' with the following arguments: {'ament_cmake_args': None, 'build_base': '/home/hrx/ImageTitan/build/processed_remote', 'catkin_cmake_args': None, 'catkin_skip_building_tests': False, 'cmake_args': None, 'cmake_clean_cache': False, 'cmake_clean_first': False, 'cmake_force_configure': False, 'cmake_target': None, 'cmake_target_skip_unavailable': False, 'install_base': '/home/hrx/ImageTitan/install/processed_remote', 'merge_install': False, 'path': '/home/hrx/ImageTitan/src/processed_remote', 'symlink_install': False, 'test_result_base': None}
[0.169s] Level 5:colcon.colcon_core.verb:set package 'remote_decode' build argument 'cmake_args' from command line to 'None'
[0.169s] Level 5:colcon.colcon_core.verb:set package 'remote_decode' build argument 'cmake_target' from command line to 'None'
[0.169s] Level 5:colcon.colcon_core.verb:set package 'remote_decode' build argument 'cmake_target_skip_unavailable' from command line to 'False'
[0.169s] Level 5:colcon.colcon_core.verb:set package 'remote_decode' build argument 'cmake_clean_cache' from command line to 'False'
[0.169s] Level 5:colcon.colcon_core.verb:set package 'remote_decode' build argument 'cmake_clean_first' from command line to 'False'
[0.169s] Level 5:colcon.colcon_core.verb:set package 'remote_decode' build argument 'cmake_force_configure' from command line to 'False'
[0.169s] Level 5:colcon.colcon_core.verb:set package 'remote_decode' build argument 'ament_cmake_args' from command line to 'None'
[0.169s] Level 5:colcon.colcon_core.verb:set package 'remote_decode' build argument 'catkin_cmake_args' from command line to 'None'
[0.169s] Level 5:colcon.colcon_core.verb:set package 'remote_decode' build argument 'catkin_skip_building_tests' from command line to 'False'
[0.169s] DEBUG:colcon.colcon_core.verb:Building package 'remote_decode' with the following arguments: {'ament_cmake_args': None, 'build_base': '/home/hrx/ImageTitan/build/remote_decode', 'catkin_cmake_args': None, 'catkin_skip_building_tests': False, 'cmake_args': None, 'cmake_clean_cache': False, 'cmake_clean_first': False, 'cmake_force_configure': False, 'cmake_target': None, 'cmake_target_skip_unavailable': False, 'install_base': '/home/hrx/ImageTitan/install/remote_decode', 'merge_install': False, 'path': '/home/hrx/ImageTitan/src/remote_decode', 'symlink_install': False, 'test_result_base': None}
[0.169s] Level 5:colcon.colcon_core.verb:set package 'serial_send' build argument 'cmake_args' from command line to 'None'
[0.169s] Level 5:colcon.colcon_core.verb:set package 'serial_send' build argument 'cmake_target' from command line to 'None'
[0.169s] Level 5:colcon.colcon_core.verb:set package 'serial_send' build argument 'cmake_target_skip_unavailable' from command line to 'False'
[0.169s] Level 5:colcon.colcon_core.verb:set package 'serial_send' build argument 'cmake_clean_cache' from command line to 'False'
[0.169s] Level 5:colcon.colcon_core.verb:set package 'serial_send' build argument 'cmake_clean_first' from command line to 'False'
[0.169s] Level 5:colcon.colcon_core.verb:set package 'serial_send' build argument 'cmake_force_configure' from command line to 'False'
[0.169s] Level 5:colcon.colcon_core.verb:set package 'serial_send' build argument 'ament_cmake_args' from command line to 'None'
[0.169s] Level 5:colcon.colcon_core.verb:set package 'serial_send' build argument 'catkin_cmake_args' from command line to 'None'
[0.169s] Level 5:colcon.colcon_core.verb:set package 'serial_send' build argument 'catkin_skip_building_tests' from command line to 'False'
[0.169s] DEBUG:colcon.colcon_core.verb:Building package 'serial_send' with the following arguments: {'ament_cmake_args': None, 'build_base': '/home/hrx/ImageTitan/build/serial_send', 'catkin_cmake_args': None, 'catkin_skip_building_tests': False, 'cmake_args': None, 'cmake_clean_cache': False, 'cmake_clean_first': False, 'cmake_force_configure': False, 'cmake_target': None, 'cmake_target_skip_unavailable': False, 'install_base': '/home/hrx/ImageTitan/install/serial_send', 'merge_install': False, 'path': '/home/hrx/ImageTitan/src/serial_send', 'symlink_install': False, 'test_result_base': None}
[0.169s] INFO:colcon.colcon_core.executor:Executing jobs using 'parallel' executor
[0.170s] DEBUG:colcon.colcon_parallel_executor.executor.parallel:run_until_complete
[0.170s] INFO:colcon.colcon_ros.task.ament_cmake.build:Building ROS package in '/home/hrx/ImageTitan/src/processed_remote' with build type 'ament_cmake'
[0.170s] INFO:colcon.colcon_cmake.task.cmake.build:Building CMake package in '/home/hrx/ImageTitan/src/processed_remote'
[0.171s] INFO:colcon.colcon_core.plugin_system:Skipping extension 'colcon_core.shell.bat': Not used on non-Windows systems
[0.171s] INFO:colcon.colcon_core.shell:Skip shell extension 'powershell' for command environment: Not usable outside of PowerShell
[0.171s] DEBUG:colcon.colcon_core.shell:Skip shell extension 'dsv' for command environment
[0.173s] INFO:colcon.colcon_ros.task.ament_python.build:Building ROS package in '/home/hrx/ImageTitan/src/remote_decode' with build type 'ament_python'
[0.173s] Level 1:colcon.colcon_core.shell:create_environment_hook('remote_decode', 'ament_prefix_path')
[0.173s] INFO:colcon.colcon_core.shell:Creating environment hook '/home/hrx/ImageTitan/install/remote_decode/share/remote_decode/hook/ament_prefix_path.ps1'
[0.174s] INFO:colcon.colcon_core.shell:Creating environment descriptor '/home/hrx/ImageTitan/install/remote_decode/share/remote_decode/hook/ament_prefix_path.dsv'
[0.174s] INFO:colcon.colcon_core.shell:Creating environment hook '/home/hrx/ImageTitan/install/remote_decode/share/remote_decode/hook/ament_prefix_path.sh'
[0.174s] INFO:colcon.colcon_core.shell:Skip shell extension 'powershell' for command environment: Not usable outside of PowerShell
[0.174s] DEBUG:colcon.colcon_core.shell:Skip shell extension 'dsv' for command environment
[0.176s] INFO:colcon.colcon_ros.task.ament_python.build:Building ROS package in '/home/hrx/ImageTitan/src/serial_send' with build type 'ament_python'
[0.176s] Level 1:colcon.colcon_core.shell:create_environment_hook('serial_send', 'ament_prefix_path')
[0.176s] INFO:colcon.colcon_core.shell:Creating environment hook '/home/hrx/ImageTitan/install/serial_send/share/serial_send/hook/ament_prefix_path.ps1'
[0.176s] INFO:colcon.colcon_core.shell:Creating environment descriptor '/home/hrx/ImageTitan/install/serial_send/share/serial_send/hook/ament_prefix_path.dsv'
[0.176s] INFO:colcon.colcon_core.shell:Creating environment hook '/home/hrx/ImageTitan/install/serial_send/share/serial_send/hook/ament_prefix_path.sh'
[0.177s] INFO:colcon.colcon_core.shell:Skip shell extension 'powershell' for command environment: Not usable outside of PowerShell
[0.177s] DEBUG:colcon.colcon_core.shell:Skip shell extension 'dsv' for command environment
[0.181s] DEBUG:colcon.colcon_core.event_handler.log_command:Invoking command in '/home/hrx/ImageTitan/build/processed_remote': CMAKE_PREFIX_PATH=${CMAKE_PREFIX_PATH}:/home/hrx/ImageTitan/install/serial_send:/home/hrx/ImageTitan/install/remote_decode:/home/hrx/ps2_ws/install/ps2_decode:/home/hrx/dev_ws/install/lesson_topic:/home/hrx/dev_ws/install/lesson_service:/home/hrx/dev_ws/install/learning_urdf:/home/hrx/dev_ws/install/learning_tf:/home/hrx/dev_ws/install/learning_qos:/home/hrx/dev_ws/install/learning_parameter:/home/hrx/dev_ws/install/learning_launch:/home/hrx/dev_ws/install/learning_action:/home/hrx/dev_ws/install/learning_gazebo_fortress:/home/hrx/dev_ws/install/learning_gazebo:/home/hrx/dev_ws/install/learning_cv:/opt/ros/humble /usr/bin/cmake /home/hrx/ImageTitan/src/processed_remote -DCMAKE_INSTALL_PREFIX=/home/hrx/ImageTitan/install/processed_remote
[0.306s] INFO:colcon.colcon_core.task.python.build:Building Python package in '/home/hrx/ImageTitan/src/remote_decode'
[0.306s] INFO:colcon.colcon_core.shell:Skip shell extension 'powershell' for command environment: Not usable outside of PowerShell
[0.306s] DEBUG:colcon.colcon_core.shell:Skip shell extension 'dsv' for command environment
[0.441s] INFO:colcon.colcon_core.task.python.build:Building Python package in '/home/hrx/ImageTitan/src/serial_send'
[0.441s] INFO:colcon.colcon_core.shell:Skip shell extension 'powershell' for command environment: Not usable outside of PowerShell
[0.442s] DEBUG:colcon.colcon_core.shell:Skip shell extension 'dsv' for command environment
[0.611s] DEBUG:colcon.colcon_core.event_handler.log_command:Invoking command in '/home/hrx/ImageTitan/src/remote_decode': PYTHONPATH=/home/hrx/ImageTitan/build/remote_decode/prefix_override:/usr/lib/python3/dist-packages/colcon_core/task/python/colcon_distutils_commands:/home/hrx/ImageTitan/install/remote_decode/lib/python3.10/site-packages:${PYTHONPATH} /usr/bin/python3 -W ignore:setup.py install is deprecated setup.py egg_info --egg-base ../../build/remote_decode build --build-base /home/hrx/ImageTitan/build/remote_decode/build install --record /home/hrx/ImageTitan/build/remote_decode/install.log --single-version-externally-managed install_data
[0.613s] DEBUG:colcon.colcon_core.event_handler.log_command:Invoking command in '/home/hrx/ImageTitan/src/serial_send': PYTHONPATH=/home/hrx/ImageTitan/build/serial_send/prefix_override:/usr/lib/python3/dist-packages/colcon_core/task/python/colcon_distutils_commands:/home/hrx/ImageTitan/install/serial_send/lib/python3.10/site-packages:${PYTHONPATH} /usr/bin/python3 -W ignore:setup.py install is deprecated setup.py egg_info --egg-base ../../build/serial_send build --build-base /home/hrx/ImageTitan/build/serial_send/build install --record /home/hrx/ImageTitan/build/serial_send/install.log --single-version-externally-managed install_data
[0.762s] DEBUG:colcon.colcon_core.event_handler.log_command:Invoked command in '/home/hrx/ImageTitan/src/serial_send' returned '0': PYTHONPATH=/home/hrx/ImageTitan/build/serial_send/prefix_override:/usr/lib/python3/dist-packages/colcon_core/task/python/colcon_distutils_commands:/home/hrx/ImageTitan/install/serial_send/lib/python3.10/site-packages:${PYTHONPATH} /usr/bin/python3 -W ignore:setup.py install is deprecated setup.py egg_info --egg-base ../../build/serial_send build --build-base /home/hrx/ImageTitan/build/serial_send/build install --record /home/hrx/ImageTitan/build/serial_send/install.log --single-version-externally-managed install_data
[0.763s] Level 1:colcon.colcon_core.environment:checking '/home/hrx/ImageTitan/install/serial_send' for CMake module files
[0.763s] Level 1:colcon.colcon_core.environment:checking '/home/hrx/ImageTitan/install/serial_send' for CMake config files
[0.763s] Level 1:colcon.colcon_core.environment:checking '/home/hrx/ImageTitan/install/serial_send/lib'
[0.763s] Level 1:colcon.colcon_core.environment:checking '/home/hrx/ImageTitan/install/serial_send/bin'
[0.763s] Level 1:colcon.colcon_core.environment:checking '/home/hrx/ImageTitan/install/serial_send/lib/pkgconfig/serial_send.pc'
[0.764s] Level 1:colcon.colcon_core.environment:checking '/home/hrx/ImageTitan/install/serial_send/lib/python3.10/site-packages'
[0.764s] Level 1:colcon.colcon_core.shell:create_environment_hook('serial_send', 'pythonpath')
[0.764s] INFO:colcon.colcon_core.shell:Creating environment hook '/home/hrx/ImageTitan/install/serial_send/share/serial_send/hook/pythonpath.ps1'
[0.764s] INFO:colcon.colcon_core.shell:Creating environment descriptor '/home/hrx/ImageTitan/install/serial_send/share/serial_send/hook/pythonpath.dsv'
[0.764s] INFO:colcon.colcon_core.shell:Creating environment hook '/home/hrx/ImageTitan/install/serial_send/share/serial_send/hook/pythonpath.sh'
[0.764s] Level 1:colcon.colcon_core.environment:checking '/home/hrx/ImageTitan/install/serial_send/bin'
[0.765s] Level 1:colcon.colcon_core.environment:create_environment_scripts_only(serial_send)
[0.765s] INFO:colcon.colcon_core.shell:Creating package script '/home/hrx/ImageTitan/install/serial_send/share/serial_send/package.ps1'
[0.765s] INFO:colcon.colcon_core.shell:Creating package descriptor '/home/hrx/ImageTitan/install/serial_send/share/serial_send/package.dsv'
[0.765s] INFO:colcon.colcon_core.shell:Creating package script '/home/hrx/ImageTitan/install/serial_send/share/serial_send/package.sh'
[0.766s] INFO:colcon.colcon_core.shell:Creating package script '/home/hrx/ImageTitan/install/serial_send/share/serial_send/package.bash'
[0.766s] INFO:colcon.colcon_core.shell:Creating package script '/home/hrx/ImageTitan/install/serial_send/share/serial_send/package.zsh'
[0.766s] Level 1:colcon.colcon_core.environment:create_file_with_runtime_dependencies(/home/hrx/ImageTitan/install/serial_send/share/colcon-core/packages/serial_send)
[0.767s] Level 1:colcon.colcon_core.environment:checking '/home/hrx/ImageTitan/install/remote_decode' for CMake module files
[0.767s] DEBUG:colcon.colcon_core.event_handler.log_command:Invoked command in '/home/hrx/ImageTitan/src/remote_decode' returned '0': PYTHONPATH=/home/hrx/ImageTitan/build/remote_decode/prefix_override:/usr/lib/python3/dist-packages/colcon_core/task/python/colcon_distutils_commands:/home/hrx/ImageTitan/install/remote_decode/lib/python3.10/site-packages:${PYTHONPATH} /usr/bin/python3 -W ignore:setup.py install is deprecated setup.py egg_info --egg-base ../../build/remote_decode build --build-base /home/hrx/ImageTitan/build/remote_decode/build install --record /home/hrx/ImageTitan/build/remote_decode/install.log --single-version-externally-managed install_data
[0.767s] Level 1:colcon.colcon_core.environment:checking '/home/hrx/ImageTitan/install/remote_decode' for CMake config files
[0.768s] Level 1:colcon.colcon_core.environment:checking '/home/hrx/ImageTitan/install/remote_decode/lib'
[0.768s] Level 1:colcon.colcon_core.environment:checking '/home/hrx/ImageTitan/install/remote_decode/bin'
[0.768s] Level 1:colcon.colcon_core.environment:checking '/home/hrx/ImageTitan/install/remote_decode/lib/pkgconfig/remote_decode.pc'
[0.768s] Level 1:colcon.colcon_core.environment:checking '/home/hrx/ImageTitan/install/remote_decode/lib/python3.10/site-packages'
[0.768s] Level 1:colcon.colcon_core.shell:create_environment_hook('remote_decode', 'pythonpath')
[0.768s] INFO:colcon.colcon_core.shell:Creating environment hook '/home/hrx/ImageTitan/install/remote_decode/share/remote_decode/hook/pythonpath.ps1'
[0.768s] INFO:colcon.colcon_core.shell:Creating environment descriptor '/home/hrx/ImageTitan/install/remote_decode/share/remote_decode/hook/pythonpath.dsv'
[0.768s] INFO:colcon.colcon_core.shell:Creating environment hook '/home/hrx/ImageTitan/install/remote_decode/share/remote_decode/hook/pythonpath.sh'
[0.768s] Level 1:colcon.colcon_core.environment:checking '/home/hrx/ImageTitan/install/remote_decode/bin'
[0.768s] Level 1:colcon.colcon_core.environment:create_environment_scripts_only(remote_decode)
[0.769s] INFO:colcon.colcon_core.shell:Creating package script '/home/hrx/ImageTitan/install/remote_decode/share/remote_decode/package.ps1'
[0.769s] INFO:colcon.colcon_core.shell:Creating package descriptor '/home/hrx/ImageTitan/install/remote_decode/share/remote_decode/package.dsv'
[0.769s] INFO:colcon.colcon_core.shell:Creating package script '/home/hrx/ImageTitan/install/remote_decode/share/remote_decode/package.sh'
[0.769s] INFO:colcon.colcon_core.shell:Creating package script '/home/hrx/ImageTitan/install/remote_decode/share/remote_decode/package.bash'
[0.769s] INFO:colcon.colcon_core.shell:Creating package script '/home/hrx/ImageTitan/install/remote_decode/share/remote_decode/package.zsh'
[0.769s] Level 1:colcon.colcon_core.environment:create_file_with_runtime_dependencies(/home/hrx/ImageTitan/install/remote_decode/share/colcon-core/packages/remote_decode)
[1.112s] DEBUG:colcon.colcon_core.event_handler.log_command:Invoked command in '/home/hrx/ImageTitan/build/processed_remote' returned '0': CMAKE_PREFIX_PATH=${CMAKE_PREFIX_PATH}:/home/hrx/ImageTitan/install/serial_send:/home/hrx/ImageTitan/install/remote_decode:/home/hrx/ps2_ws/install/ps2_decode:/home/hrx/dev_ws/install/lesson_topic:/home/hrx/dev_ws/install/lesson_service:/home/hrx/dev_ws/install/learning_urdf:/home/hrx/dev_ws/install/learning_tf:/home/hrx/dev_ws/install/learning_qos:/home/hrx/dev_ws/install/learning_parameter:/home/hrx/dev_ws/install/learning_launch:/home/hrx/dev_ws/install/learning_action:/home/hrx/dev_ws/install/learning_gazebo_fortress:/home/hrx/dev_ws/install/learning_gazebo:/home/hrx/dev_ws/install/learning_cv:/opt/ros/humble /usr/bin/cmake /home/hrx/ImageTitan/src/processed_remote -DCMAKE_INSTALL_PREFIX=/home/hrx/ImageTitan/install/processed_remote
[1.112s] DEBUG:colcon.colcon_core.event_handler.log_command:Invoking command in '/home/hrx/ImageTitan/build/processed_remote': CMAKE_PREFIX_PATH=${CMAKE_PREFIX_PATH}:/home/hrx/ImageTitan/install/serial_send:/home/hrx/ImageTitan/install/remote_decode:/home/hrx/ps2_ws/install/ps2_decode:/home/hrx/dev_ws/install/lesson_topic:/home/hrx/dev_ws/install/lesson_service:/home/hrx/dev_ws/install/learning_urdf:/home/hrx/dev_ws/install/learning_tf:/home/hrx/dev_ws/install/learning_qos:/home/hrx/dev_ws/install/learning_parameter:/home/hrx/dev_ws/install/learning_launch:/home/hrx/dev_ws/install/learning_action:/home/hrx/dev_ws/install/learning_gazebo_fortress:/home/hrx/dev_ws/install/learning_gazebo:/home/hrx/dev_ws/install/learning_cv:/opt/ros/humble /usr/bin/cmake --build /home/hrx/ImageTitan/build/processed_remote -- -j20 -l20
[2.057s] DEBUG:colcon.colcon_core.event_handler.log_command:Invoked command in '/home/hrx/ImageTitan/build/processed_remote' returned '0': CMAKE_PREFIX_PATH=${CMAKE_PREFIX_PATH}:/home/hrx/ImageTitan/install/serial_send:/home/hrx/ImageTitan/install/remote_decode:/home/hrx/ps2_ws/install/ps2_decode:/home/hrx/dev_ws/install/lesson_topic:/home/hrx/dev_ws/install/lesson_service:/home/hrx/dev_ws/install/learning_urdf:/home/hrx/dev_ws/install/learning_tf:/home/hrx/dev_ws/install/learning_qos:/home/hrx/dev_ws/install/learning_parameter:/home/hrx/dev_ws/install/learning_launch:/home/hrx/dev_ws/install/learning_action:/home/hrx/dev_ws/install/learning_gazebo_fortress:/home/hrx/dev_ws/install/learning_gazebo:/home/hrx/dev_ws/install/learning_cv:/opt/ros/humble /usr/bin/cmake --build /home/hrx/ImageTitan/build/processed_remote -- -j20 -l20
[2.103s] DEBUG:colcon.colcon_core.event_handler.log_command:Invoking command in '/home/hrx/ImageTitan/build/processed_remote': CMAKE_PREFIX_PATH=${CMAKE_PREFIX_PATH}:/home/hrx/ImageTitan/install/serial_send:/home/hrx/ImageTitan/install/remote_decode:/home/hrx/ps2_ws/install/ps2_decode:/home/hrx/dev_ws/install/lesson_topic:/home/hrx/dev_ws/install/lesson_service:/home/hrx/dev_ws/install/learning_urdf:/home/hrx/dev_ws/install/learning_tf:/home/hrx/dev_ws/install/learning_qos:/home/hrx/dev_ws/install/learning_parameter:/home/hrx/dev_ws/install/learning_launch:/home/hrx/dev_ws/install/learning_action:/home/hrx/dev_ws/install/learning_gazebo_fortress:/home/hrx/dev_ws/install/learning_gazebo:/home/hrx/dev_ws/install/learning_cv:/opt/ros/humble /usr/bin/cmake --install /home/hrx/ImageTitan/build/processed_remote
[2.139s] Level 1:colcon.colcon_core.environment:create_environment_scripts_only(processed_remote)
[2.140s] Level 1:colcon.colcon_core.environment:checking '/home/hrx/ImageTitan/install/processed_remote' for CMake module files
[2.140s] DEBUG:colcon.colcon_core.event_handler.log_command:Invoked command in '/home/hrx/ImageTitan/build/processed_remote' returned '0': CMAKE_PREFIX_PATH=${CMAKE_PREFIX_PATH}:/home/hrx/ImageTitan/install/serial_send:/home/hrx/ImageTitan/install/remote_decode:/home/hrx/ps2_ws/install/ps2_decode:/home/hrx/dev_ws/install/lesson_topic:/home/hrx/dev_ws/install/lesson_service:/home/hrx/dev_ws/install/learning_urdf:/home/hrx/dev_ws/install/learning_tf:/home/hrx/dev_ws/install/learning_qos:/home/hrx/dev_ws/install/learning_parameter:/home/hrx/dev_ws/install/learning_launch:/home/hrx/dev_ws/install/learning_action:/home/hrx/dev_ws/install/learning_gazebo_fortress:/home/hrx/dev_ws/install/learning_gazebo:/home/hrx/dev_ws/install/learning_cv:/opt/ros/humble /usr/bin/cmake --install /home/hrx/ImageTitan/build/processed_remote
[2.140s] Level 1:colcon.colcon_core.environment:checking '/home/hrx/ImageTitan/install/processed_remote' for CMake config files
[2.140s] Level 1:colcon.colcon_core.shell:create_environment_hook('processed_remote', 'cmake_prefix_path')
[2.140s] INFO:colcon.colcon_core.shell:Creating environment hook '/home/hrx/ImageTitan/install/processed_remote/share/processed_remote/hook/cmake_prefix_path.ps1'
[2.140s] INFO:colcon.colcon_core.shell:Creating environment descriptor '/home/hrx/ImageTitan/install/processed_remote/share/processed_remote/hook/cmake_prefix_path.dsv'
[2.141s] INFO:colcon.colcon_core.shell:Creating environment hook '/home/hrx/ImageTitan/install/processed_remote/share/processed_remote/hook/cmake_prefix_path.sh'
[2.141s] Level 1:colcon.colcon_core.environment:checking '/home/hrx/ImageTitan/install/processed_remote/lib'
[2.141s] Level 1:colcon.colcon_core.shell:create_environment_hook('processed_remote', 'ld_library_path_lib')
[2.141s] INFO:colcon.colcon_core.shell:Creating environment hook '/home/hrx/ImageTitan/install/processed_remote/share/processed_remote/hook/ld_library_path_lib.ps1'
[2.141s] INFO:colcon.colcon_core.shell:Creating environment descriptor '/home/hrx/ImageTitan/install/processed_remote/share/processed_remote/hook/ld_library_path_lib.dsv'
[2.141s] INFO:colcon.colcon_core.shell:Creating environment hook '/home/hrx/ImageTitan/install/processed_remote/share/processed_remote/hook/ld_library_path_lib.sh'
[2.141s] Level 1:colcon.colcon_core.environment:checking '/home/hrx/ImageTitan/install/processed_remote/bin'
[2.141s] Level 1:colcon.colcon_core.environment:checking '/home/hrx/ImageTitan/install/processed_remote/lib/pkgconfig/processed_remote.pc'
[2.142s] Level 1:colcon.colcon_core.environment:checking '/home/hrx/ImageTitan/install/processed_remote/lib/python3.10/site-packages'
[2.142s] Level 1:colcon.colcon_core.environment:checking '/home/hrx/ImageTitan/install/processed_remote/bin'
[2.142s] INFO:colcon.colcon_core.shell:Creating package script '/home/hrx/ImageTitan/install/processed_remote/share/processed_remote/package.ps1'
[2.142s] INFO:colcon.colcon_core.shell:Creating package descriptor '/home/hrx/ImageTitan/install/processed_remote/share/processed_remote/package.dsv'
[2.142s] INFO:colcon.colcon_core.shell:Creating package script '/home/hrx/ImageTitan/install/processed_remote/share/processed_remote/package.sh'
[2.142s] INFO:colcon.colcon_core.shell:Creating package script '/home/hrx/ImageTitan/install/processed_remote/share/processed_remote/package.bash'
[2.143s] INFO:colcon.colcon_core.shell:Creating package script '/home/hrx/ImageTitan/install/processed_remote/share/processed_remote/package.zsh'
[2.143s] Level 1:colcon.colcon_core.environment:create_file_with_runtime_dependencies(/home/hrx/ImageTitan/install/processed_remote/share/colcon-core/packages/processed_remote)
[2.180s] Level 1:colcon.colcon_core.environment:create_environment_scripts_only(processed_remote)
[2.180s] Level 1:colcon.colcon_core.environment:checking '/home/hrx/ImageTitan/install/processed_remote' for CMake module files
[2.180s] Level 1:colcon.colcon_core.environment:checking '/home/hrx/ImageTitan/install/processed_remote' for CMake config files
[2.180s] Level 1:colcon.colcon_core.shell:create_environment_hook('processed_remote', 'cmake_prefix_path')
[2.180s] INFO:colcon.colcon_core.shell:Creating environment hook '/home/hrx/ImageTitan/install/processed_remote/share/processed_remote/hook/cmake_prefix_path.ps1'
[2.181s] INFO:colcon.colcon_core.shell:Creating environment descriptor '/home/hrx/ImageTitan/install/processed_remote/share/processed_remote/hook/cmake_prefix_path.dsv'
[2.181s] INFO:colcon.colcon_core.shell:Creating environment hook '/home/hrx/ImageTitan/install/processed_remote/share/processed_remote/hook/cmake_prefix_path.sh'
[2.181s] Level 1:colcon.colcon_core.environment:checking '/home/hrx/ImageTitan/install/processed_remote/lib'
[2.181s] Level 1:colcon.colcon_core.shell:create_environment_hook('processed_remote', 'ld_library_path_lib')
[2.181s] INFO:colcon.colcon_core.shell:Creating environment hook '/home/hrx/ImageTitan/install/processed_remote/share/processed_remote/hook/ld_library_path_lib.ps1'
[2.181s] INFO:colcon.colcon_core.shell:Creating environment descriptor '/home/hrx/ImageTitan/install/processed_remote/share/processed_remote/hook/ld_library_path_lib.dsv'
[2.181s] INFO:colcon.colcon_core.shell:Creating environment hook '/home/hrx/ImageTitan/install/processed_remote/share/processed_remote/hook/ld_library_path_lib.sh'
[2.182s] Level 1:colcon.colcon_core.environment:checking '/home/hrx/ImageTitan/install/processed_remote/bin'
[2.182s] Level 1:colcon.colcon_core.environment:checking '/home/hrx/ImageTitan/install/processed_remote/lib/pkgconfig/processed_remote.pc'
[2.182s] Level 1:colcon.colcon_core.environment:checking '/home/hrx/ImageTitan/install/processed_remote/lib/python3.10/site-packages'
[2.182s] Level 1:colcon.colcon_core.environment:checking '/home/hrx/ImageTitan/install/processed_remote/bin'
[2.182s] INFO:colcon.colcon_core.shell:Creating package script '/home/hrx/ImageTitan/install/processed_remote/share/processed_remote/package.ps1'
[2.182s] INFO:colcon.colcon_core.shell:Creating package descriptor '/home/hrx/ImageTitan/install/processed_remote/share/processed_remote/package.dsv'
[2.182s] INFO:colcon.colcon_core.shell:Creating package script '/home/hrx/ImageTitan/install/processed_remote/share/processed_remote/package.sh'
[2.183s] INFO:colcon.colcon_core.shell:Creating package script '/home/hrx/ImageTitan/install/processed_remote/share/processed_remote/package.bash'
[2.183s] INFO:colcon.colcon_core.shell:Creating package script '/home/hrx/ImageTitan/install/processed_remote/share/processed_remote/package.zsh'
[2.183s] Level 1:colcon.colcon_core.environment:create_file_with_runtime_dependencies(/home/hrx/ImageTitan/install/processed_remote/share/colcon-core/packages/processed_remote)
[2.183s] DEBUG:colcon.colcon_parallel_executor.executor.parallel:closing loop
[2.184s] DEBUG:colcon.colcon_parallel_executor.executor.parallel:loop closed
[2.184s] DEBUG:colcon.colcon_parallel_executor.executor.parallel:run_until_complete finished with '0'
[2.184s] DEBUG:colcon.colcon_core.event_reactor:joining thread
[2.186s] INFO:colcon.colcon_core.plugin_system:Skipping extension 'colcon_notification.desktop_notification.terminal_notifier': Not used on non-Darwin systems
[2.186s] INFO:colcon.colcon_core.plugin_system:Skipping extension 'colcon_notification.desktop_notification.win32': Not used on non-Windows systems
[2.186s] INFO:colcon.colcon_notification.desktop_notification:Sending desktop notification using 'notify2'
[2.192s] DEBUG:colcon.colcon_core.event_reactor:joined thread
[2.192s] INFO:colcon.colcon_core.shell:Creating prefix script '/home/hrx/ImageTitan/install/local_setup.ps1'
[2.193s] INFO:colcon.colcon_core.shell:Creating prefix util module '/home/hrx/ImageTitan/install/_local_setup_util_ps1.py'
[2.194s] INFO:colcon.colcon_core.shell:Creating prefix chain script '/home/hrx/ImageTitan/install/setup.ps1'
[2.197s] INFO:colcon.colcon_core.shell:Creating prefix script '/home/hrx/ImageTitan/install/local_setup.sh'
[2.199s] INFO:colcon.colcon_core.shell:Creating prefix util module '/home/hrx/ImageTitan/install/_local_setup_util_sh.py'
[2.200s] INFO:colcon.colcon_core.shell:Creating prefix chain script '/home/hrx/ImageTitan/install/setup.sh'
[2.201s] INFO:colcon.colcon_core.shell:Creating prefix script '/home/hrx/ImageTitan/install/local_setup.bash'
[2.201s] INFO:colcon.colcon_core.shell:Creating prefix chain script '/home/hrx/ImageTitan/install/setup.bash'
[2.202s] INFO:colcon.colcon_core.shell:Creating prefix script '/home/hrx/ImageTitan/install/local_setup.zsh'
[2.203s] INFO:colcon.colcon_core.shell:Creating prefix chain script '/home/hrx/ImageTitan/install/setup.zsh'
