[  3%] Built target processed_remote__cpp
[ 12%] Built target processed_remote__rosidl_generator_c
[ 12%] Built target ament_cmake_python_copy_processed_remote
[ 29%] Built target processed_remote__rosidl_typesupport_introspection_c
[ 32%] Built target processed_remote__rosidl_typesupport_c
[ 41%] Built target processed_remote__rosidl_typesupport_introspection_cpp
[ 51%] Built target processed_remote__rosidl_typesupport_fastrtps_c
[ 61%] Built target processed_remote__rosidl_typesupport_fastrtps_cpp
[ 70%] Built target processed_remote__rosidl_typesupport_cpp
[ 70%] Built target processed_remote
[ 74%] Built target processed_remote__py
[ 80%] Built target processed_remote__rosidl_generator_py
[ 93%] Built target processed_remote__rosidl_typesupport_fastrtps_c__pyext
[ 93%] Built target processed_remote__rosidl_typesupport_introspection_c__pyext
[100%] Built target processed_remote__rosidl_typesupport_c__pyext
running egg_info
writing processed_remote.egg-info/PKG-INFO
writing dependency_links to processed_remote.egg-info/dependency_links.txt
writing top-level names to processed_remote.egg-info/top_level.txt
reading manifest file 'processed_remote.egg-info/SOURCES.txt'
writing manifest file 'processed_remote.egg-info/SOURCES.txt'
[100%] Built target ament_cmake_python_build_processed_remote_egg
-- Install configuration: ""
-- Up-to-date: /home/hrx/ImageTitan/install/processed_remote/share/ament_index/resource_index/rosidl_interfaces/processed_remote
-- Up-to-date: /home/hrx/ImageTitan/install/processed_remote/include/processed_remote/processed_remote
-- Up-to-date: /home/hrx/ImageTitan/install/processed_remote/include/processed_remote/processed_remote/msg
-- Up-to-date: /home/hrx/ImageTitan/install/processed_remote/include/processed_remote/processed_remote/msg/processed_remote.h
-- Up-to-date: /home/hrx/ImageTitan/install/processed_remote/include/processed_remote/processed_remote/msg/rosidl_generator_c__visibility_control.h
-- Up-to-date: /home/hrx/ImageTitan/install/processed_remote/include/processed_remote/processed_remote/msg/detail
-- Up-to-date: /home/hrx/ImageTitan/install/processed_remote/include/processed_remote/processed_remote/msg/detail/processed_remote__functions.c
-- Up-to-date: /home/hrx/ImageTitan/install/processed_remote/include/processed_remote/processed_remote/msg/detail/processed_remote__type_support.h
-- Up-to-date: /home/hrx/ImageTitan/install/processed_remote/include/processed_remote/processed_remote/msg/detail/processed_remote__struct.h
-- Up-to-date: /home/hrx/ImageTitan/install/processed_remote/include/processed_remote/processed_remote/msg/detail/processed_remote__functions.h
-- Up-to-date: /home/hrx/ImageTitan/install/processed_remote/share/processed_remote/environment/library_path.sh
-- Up-to-date: /home/hrx/ImageTitan/install/processed_remote/share/processed_remote/environment/library_path.dsv
-- Up-to-date: /home/hrx/ImageTitan/install/processed_remote/lib/libprocessed_remote__rosidl_generator_c.so
-- Up-to-date: /home/hrx/ImageTitan/install/processed_remote/include/processed_remote/processed_remote
-- Up-to-date: /home/hrx/ImageTitan/install/processed_remote/include/processed_remote/processed_remote/msg
-- Up-to-date: /home/hrx/ImageTitan/install/processed_remote/include/processed_remote/processed_remote/msg/rosidl_typesupport_fastrtps_c__visibility_control.h
-- Up-to-date: /home/hrx/ImageTitan/install/processed_remote/include/processed_remote/processed_remote/msg/detail
-- Up-to-date: /home/hrx/ImageTitan/install/processed_remote/include/processed_remote/processed_remote/msg/detail/processed_remote__rosidl_typesupport_fastrtps_c.h
-- Up-to-date: /home/hrx/ImageTitan/install/processed_remote/lib/libprocessed_remote__rosidl_typesupport_fastrtps_c.so
-- Up-to-date: /home/hrx/ImageTitan/install/processed_remote/include/processed_remote/processed_remote
-- Up-to-date: /home/hrx/ImageTitan/install/processed_remote/include/processed_remote/processed_remote/msg
-- Up-to-date: /home/hrx/ImageTitan/install/processed_remote/include/processed_remote/processed_remote/msg/rosidl_typesupport_introspection_c__visibility_control.h
-- Up-to-date: /home/hrx/ImageTitan/install/processed_remote/include/processed_remote/processed_remote/msg/detail
-- Up-to-date: /home/hrx/ImageTitan/install/processed_remote/include/processed_remote/processed_remote/msg/detail/processed_remote__rosidl_typesupport_introspection_c.h
-- Up-to-date: /home/hrx/ImageTitan/install/processed_remote/include/processed_remote/processed_remote/msg/detail/processed_remote__type_support.c
-- Up-to-date: /home/hrx/ImageTitan/install/processed_remote/lib/libprocessed_remote__rosidl_typesupport_introspection_c.so
-- Up-to-date: /home/hrx/ImageTitan/install/processed_remote/lib/libprocessed_remote__rosidl_typesupport_c.so
-- Up-to-date: /home/hrx/ImageTitan/install/processed_remote/include/processed_remote/processed_remote
-- Up-to-date: /home/hrx/ImageTitan/install/processed_remote/include/processed_remote/processed_remote/msg
-- Up-to-date: /home/hrx/ImageTitan/install/processed_remote/include/processed_remote/processed_remote/msg/detail
-- Up-to-date: /home/hrx/ImageTitan/install/processed_remote/include/processed_remote/processed_remote/msg/detail/processed_remote__struct.hpp
-- Up-to-date: /home/hrx/ImageTitan/install/processed_remote/include/processed_remote/processed_remote/msg/detail/processed_remote__traits.hpp
-- Up-to-date: /home/hrx/ImageTitan/install/processed_remote/include/processed_remote/processed_remote/msg/detail/processed_remote__builder.hpp
-- Up-to-date: /home/hrx/ImageTitan/install/processed_remote/include/processed_remote/processed_remote/msg/processed_remote.hpp
-- Up-to-date: /home/hrx/ImageTitan/install/processed_remote/include/processed_remote/processed_remote
-- Up-to-date: /home/hrx/ImageTitan/install/processed_remote/include/processed_remote/processed_remote/msg
-- Up-to-date: /home/hrx/ImageTitan/install/processed_remote/include/processed_remote/processed_remote/msg/rosidl_typesupport_fastrtps_cpp__visibility_control.h
-- Up-to-date: /home/hrx/ImageTitan/install/processed_remote/include/processed_remote/processed_remote/msg/detail
-- Up-to-date: /home/hrx/ImageTitan/install/processed_remote/include/processed_remote/processed_remote/msg/detail/processed_remote__rosidl_typesupport_fastrtps_cpp.hpp
-- Up-to-date: /home/hrx/ImageTitan/install/processed_remote/include/processed_remote/processed_remote/msg/detail/dds_fastrtps
-- Up-to-date: /home/hrx/ImageTitan/install/processed_remote/lib/libprocessed_remote__rosidl_typesupport_fastrtps_cpp.so
-- Up-to-date: /home/hrx/ImageTitan/install/processed_remote/include/processed_remote/processed_remote
-- Up-to-date: /home/hrx/ImageTitan/install/processed_remote/include/processed_remote/processed_remote/msg
-- Up-to-date: /home/hrx/ImageTitan/install/processed_remote/include/processed_remote/processed_remote/msg/detail
-- Up-to-date: /home/hrx/ImageTitan/install/processed_remote/include/processed_remote/processed_remote/msg/detail/processed_remote__type_support.cpp
-- Up-to-date: /home/hrx/ImageTitan/install/processed_remote/include/processed_remote/processed_remote/msg/detail/processed_remote__rosidl_typesupport_introspection_cpp.hpp
-- Up-to-date: /home/hrx/ImageTitan/install/processed_remote/lib/libprocessed_remote__rosidl_typesupport_introspection_cpp.so
-- Up-to-date: /home/hrx/ImageTitan/install/processed_remote/lib/libprocessed_remote__rosidl_typesupport_cpp.so
-- Up-to-date: /home/hrx/ImageTitan/install/processed_remote/share/processed_remote/environment/pythonpath.sh
-- Up-to-date: /home/hrx/ImageTitan/install/processed_remote/share/processed_remote/environment/pythonpath.dsv
-- Up-to-date: /home/hrx/ImageTitan/install/processed_remote/local/lib/python3.10/dist-packages/processed_remote-0.0.0-py3.10.egg-info
-- Installing: /home/hrx/ImageTitan/install/processed_remote/local/lib/python3.10/dist-packages/processed_remote-0.0.0-py3.10.egg-info/dependency_links.txt
-- Installing: /home/hrx/ImageTitan/install/processed_remote/local/lib/python3.10/dist-packages/processed_remote-0.0.0-py3.10.egg-info/PKG-INFO
-- Installing: /home/hrx/ImageTitan/install/processed_remote/local/lib/python3.10/dist-packages/processed_remote-0.0.0-py3.10.egg-info/top_level.txt
-- Installing: /home/hrx/ImageTitan/install/processed_remote/local/lib/python3.10/dist-packages/processed_remote-0.0.0-py3.10.egg-info/SOURCES.txt
-- Up-to-date: /home/hrx/ImageTitan/install/processed_remote/local/lib/python3.10/dist-packages/processed_remote
-- Up-to-date: /home/hrx/ImageTitan/install/processed_remote/local/lib/python3.10/dist-packages/processed_remote/processed_remote_s__rosidl_typesupport_c.cpython-310-x86_64-linux-gnu.so
-- Up-to-date: /home/hrx/ImageTitan/install/processed_remote/local/lib/python3.10/dist-packages/processed_remote/_processed_remote_s.ep.rosidl_typesupport_introspection_c.c
-- Up-to-date: /home/hrx/ImageTitan/install/processed_remote/local/lib/python3.10/dist-packages/processed_remote/processed_remote_s__rosidl_typesupport_introspection_c.cpython-310-x86_64-linux-gnu.so
-- Up-to-date: /home/hrx/ImageTitan/install/processed_remote/local/lib/python3.10/dist-packages/processed_remote/processed_remote_s__rosidl_typesupport_fastrtps_c.cpython-310-x86_64-linux-gnu.so
-- Up-to-date: /home/hrx/ImageTitan/install/processed_remote/local/lib/python3.10/dist-packages/processed_remote/__init__.py
-- Up-to-date: /home/hrx/ImageTitan/install/processed_remote/local/lib/python3.10/dist-packages/processed_remote/_processed_remote_s.ep.rosidl_typesupport_c.c
-- Up-to-date: /home/hrx/ImageTitan/install/processed_remote/local/lib/python3.10/dist-packages/processed_remote/_processed_remote_s.ep.rosidl_typesupport_fastrtps_c.c
-- Up-to-date: /home/hrx/ImageTitan/install/processed_remote/local/lib/python3.10/dist-packages/processed_remote/msg
-- Up-to-date: /home/hrx/ImageTitan/install/processed_remote/local/lib/python3.10/dist-packages/processed_remote/msg/__init__.py
-- Up-to-date: /home/hrx/ImageTitan/install/processed_remote/local/lib/python3.10/dist-packages/processed_remote/msg/_processed_remote.py
-- Up-to-date: /home/hrx/ImageTitan/install/processed_remote/local/lib/python3.10/dist-packages/processed_remote/msg/_processed_remote_s.c
-- Up-to-date: /home/hrx/ImageTitan/install/processed_remote/local/lib/python3.10/dist-packages/processed_remote/libprocessed_remote__rosidl_generator_py.so
Listing '/home/hrx/ImageTitan/install/processed_remote/local/lib/python3.10/dist-packages/processed_remote'...
Listing '/home/hrx/ImageTitan/install/processed_remote/local/lib/python3.10/dist-packages/processed_remote/msg'...
-- Up-to-date: /home/hrx/ImageTitan/install/processed_remote/local/lib/python3.10/dist-packages/processed_remote/processed_remote_s__rosidl_typesupport_fastrtps_c.cpython-310-x86_64-linux-gnu.so
-- Up-to-date: /home/hrx/ImageTitan/install/processed_remote/local/lib/python3.10/dist-packages/processed_remote/processed_remote_s__rosidl_typesupport_introspection_c.cpython-310-x86_64-linux-gnu.so
-- Up-to-date: /home/hrx/ImageTitan/install/processed_remote/local/lib/python3.10/dist-packages/processed_remote/processed_remote_s__rosidl_typesupport_c.cpython-310-x86_64-linux-gnu.so
-- Up-to-date: /home/hrx/ImageTitan/install/processed_remote/lib/libprocessed_remote__rosidl_generator_py.so
-- Up-to-date: /home/hrx/ImageTitan/install/processed_remote/share/processed_remote/msg/ProcessedRemote.idl
-- Up-to-date: /home/hrx/ImageTitan/install/processed_remote/share/processed_remote/msg/ProcessedRemote.msg
-- Up-to-date: /home/hrx/ImageTitan/install/processed_remote/share/ament_index/resource_index/package_run_dependencies/processed_remote
-- Up-to-date: /home/hrx/ImageTitan/install/processed_remote/share/ament_index/resource_index/parent_prefix_path/processed_remote
-- Up-to-date: /home/hrx/ImageTitan/install/processed_remote/share/processed_remote/environment/ament_prefix_path.sh
-- Up-to-date: /home/hrx/ImageTitan/install/processed_remote/share/processed_remote/environment/ament_prefix_path.dsv
-- Up-to-date: /home/hrx/ImageTitan/install/processed_remote/share/processed_remote/environment/path.sh
-- Up-to-date: /home/hrx/ImageTitan/install/processed_remote/share/processed_remote/environment/path.dsv
-- Up-to-date: /home/hrx/ImageTitan/install/processed_remote/share/processed_remote/local_setup.bash
-- Up-to-date: /home/hrx/ImageTitan/install/processed_remote/share/processed_remote/local_setup.sh
-- Up-to-date: /home/hrx/ImageTitan/install/processed_remote/share/processed_remote/local_setup.zsh
-- Up-to-date: /home/hrx/ImageTitan/install/processed_remote/share/processed_remote/local_setup.dsv
-- Installing: /home/hrx/ImageTitan/install/processed_remote/share/processed_remote/package.dsv
-- Up-to-date: /home/hrx/ImageTitan/install/processed_remote/share/ament_index/resource_index/packages/processed_remote
-- Up-to-date: /home/hrx/ImageTitan/install/processed_remote/share/processed_remote/cmake/export_processed_remote__rosidl_generator_cExport.cmake
-- Up-to-date: /home/hrx/ImageTitan/install/processed_remote/share/processed_remote/cmake/export_processed_remote__rosidl_generator_cExport-noconfig.cmake
-- Up-to-date: /home/hrx/ImageTitan/install/processed_remote/share/processed_remote/cmake/export_processed_remote__rosidl_typesupport_fastrtps_cExport.cmake
-- Up-to-date: /home/hrx/ImageTitan/install/processed_remote/share/processed_remote/cmake/export_processed_remote__rosidl_typesupport_fastrtps_cExport-noconfig.cmake
-- Up-to-date: /home/hrx/ImageTitan/install/processed_remote/share/processed_remote/cmake/processed_remote__rosidl_typesupport_introspection_cExport.cmake
-- Up-to-date: /home/hrx/ImageTitan/install/processed_remote/share/processed_remote/cmake/processed_remote__rosidl_typesupport_introspection_cExport-noconfig.cmake
-- Up-to-date: /home/hrx/ImageTitan/install/processed_remote/share/processed_remote/cmake/processed_remote__rosidl_typesupport_cExport.cmake
-- Up-to-date: /home/hrx/ImageTitan/install/processed_remote/share/processed_remote/cmake/processed_remote__rosidl_typesupport_cExport-noconfig.cmake
-- Up-to-date: /home/hrx/ImageTitan/install/processed_remote/share/processed_remote/cmake/export_processed_remote__rosidl_generator_cppExport.cmake
-- Up-to-date: /home/hrx/ImageTitan/install/processed_remote/share/processed_remote/cmake/export_processed_remote__rosidl_typesupport_fastrtps_cppExport.cmake
-- Up-to-date: /home/hrx/ImageTitan/install/processed_remote/share/processed_remote/cmake/export_processed_remote__rosidl_typesupport_fastrtps_cppExport-noconfig.cmake
-- Up-to-date: /home/hrx/ImageTitan/install/processed_remote/share/processed_remote/cmake/processed_remote__rosidl_typesupport_introspection_cppExport.cmake
-- Up-to-date: /home/hrx/ImageTitan/install/processed_remote/share/processed_remote/cmake/processed_remote__rosidl_typesupport_introspection_cppExport-noconfig.cmake
-- Up-to-date: /home/hrx/ImageTitan/install/processed_remote/share/processed_remote/cmake/processed_remote__rosidl_typesupport_cppExport.cmake
-- Up-to-date: /home/hrx/ImageTitan/install/processed_remote/share/processed_remote/cmake/processed_remote__rosidl_typesupport_cppExport-noconfig.cmake
-- Up-to-date: /home/hrx/ImageTitan/install/processed_remote/share/processed_remote/cmake/export_processed_remote__rosidl_generator_pyExport.cmake
-- Up-to-date: /home/hrx/ImageTitan/install/processed_remote/share/processed_remote/cmake/export_processed_remote__rosidl_generator_pyExport-noconfig.cmake
-- Up-to-date: /home/hrx/ImageTitan/install/processed_remote/share/processed_remote/cmake/rosidl_cmake-extras.cmake
-- Up-to-date: /home/hrx/ImageTitan/install/processed_remote/share/processed_remote/cmake/ament_cmake_export_include_directories-extras.cmake
-- Up-to-date: /home/hrx/ImageTitan/install/processed_remote/share/processed_remote/cmake/ament_cmake_export_libraries-extras.cmake
-- Up-to-date: /home/hrx/ImageTitan/install/processed_remote/share/processed_remote/cmake/ament_cmake_export_targets-extras.cmake
-- Up-to-date: /home/hrx/ImageTitan/install/processed_remote/share/processed_remote/cmake/rosidl_cmake_export_typesupport_targets-extras.cmake
-- Up-to-date: /home/hrx/ImageTitan/install/processed_remote/share/processed_remote/cmake/ament_cmake_export_dependencies-extras.cmake
-- Up-to-date: /home/hrx/ImageTitan/install/processed_remote/share/processed_remote/cmake/rosidl_cmake_export_typesupport_libraries-extras.cmake
-- Up-to-date: /home/hrx/ImageTitan/install/processed_remote/share/processed_remote/cmake/processed_remoteConfig.cmake
-- Up-to-date: /home/hrx/ImageTitan/install/processed_remote/share/processed_remote/cmake/processed_remoteConfig-version.cmake
-- Up-to-date: /home/hrx/ImageTitan/install/processed_remote/share/processed_remote/package.xml
