[0.422s] Invoking command in '/home/hrx/ImageTitan/src/serial_send': PYTHONPATH=/home/hrx/ImageTitan/build/serial_send/prefix_override:/usr/lib/python3/dist-packages/colcon_core/task/python/colcon_distutils_commands:/home/hrx/ImageTitan/install/serial_send/lib/python3.10/site-packages:${PYTHONPATH} /usr/bin/python3 -W ignore:setup.py install is deprecated setup.py egg_info --egg-base ../../build/serial_send build --build-base /home/hrx/ImageTitan/build/serial_send/build install --record /home/hrx/ImageTitan/build/serial_send/install.log --single-version-externally-managed install_data
[0.543s] running egg_info
[0.544s] creating ../../build/serial_send/serial_send.egg-info
[0.544s] writing ../../build/serial_send/serial_send.egg-info/PKG-INFO
[0.544s] writing dependency_links to ../../build/serial_send/serial_send.egg-info/dependency_links.txt
[0.544s] writing entry points to ../../build/serial_send/serial_send.egg-info/entry_points.txt
[0.544s] writing requirements to ../../build/serial_send/serial_send.egg-info/requires.txt
[0.544s] writing top-level names to ../../build/serial_send/serial_send.egg-info/top_level.txt
[0.544s] writing manifest file '../../build/serial_send/serial_send.egg-info/SOURCES.txt'
[0.545s] reading manifest file '../../build/serial_send/serial_send.egg-info/SOURCES.txt'
[0.545s] writing manifest file '../../build/serial_send/serial_send.egg-info/SOURCES.txt'
[0.545s] running build
[0.545s] running build_py
[0.545s] creating /home/hrx/ImageTitan/build/serial_send/build
[0.545s] creating /home/hrx/ImageTitan/build/serial_send/build/lib
[0.545s] creating /home/hrx/ImageTitan/build/serial_send/build/lib/serial_send
[0.545s] copying serial_send/send.py -> /home/hrx/ImageTitan/build/serial_send/build/lib/serial_send
[0.545s] copying serial_send/__init__.py -> /home/hrx/ImageTitan/build/serial_send/build/lib/serial_send
[0.545s] running install
[0.546s] running install_lib
[0.546s] creating /home/hrx/ImageTitan/install/serial_send/lib/python3.10/site-packages/serial_send
[0.546s] copying /home/hrx/ImageTitan/build/serial_send/build/lib/serial_send/send.py -> /home/hrx/ImageTitan/install/serial_send/lib/python3.10/site-packages/serial_send
[0.546s] copying /home/hrx/ImageTitan/build/serial_send/build/lib/serial_send/__init__.py -> /home/hrx/ImageTitan/install/serial_send/lib/python3.10/site-packages/serial_send
[0.546s] byte-compiling /home/hrx/ImageTitan/install/serial_send/lib/python3.10/site-packages/serial_send/send.py to send.cpython-310.pyc
[0.547s] byte-compiling /home/hrx/ImageTitan/install/serial_send/lib/python3.10/site-packages/serial_send/__init__.py to __init__.cpython-310.pyc
[0.547s] running install_data
[0.547s] creating /home/hrx/ImageTitan/install/serial_send/share/ament_index
[0.547s] creating /home/hrx/ImageTitan/install/serial_send/share/ament_index/resource_index
[0.547s] creating /home/hrx/ImageTitan/install/serial_send/share/ament_index/resource_index/packages
[0.547s] copying resource/serial_send -> /home/hrx/ImageTitan/install/serial_send/share/ament_index/resource_index/packages
[0.547s] copying package.xml -> /home/hrx/ImageTitan/install/serial_send/share/serial_send
[0.547s] running install_egg_info
[0.548s] Copying ../../build/serial_send/serial_send.egg-info to /home/hrx/ImageTitan/install/serial_send/lib/python3.10/site-packages/serial_send-0.0.0-py3.10.egg-info
[0.548s] running install_scripts
[0.560s] Installing send script to /home/hrx/ImageTitan/install/serial_send/lib/serial_send
[0.560s] writing list of installed files to '/home/hrx/ImageTitan/build/serial_send/install.log'
[0.572s] Invoked command in '/home/hrx/ImageTitan/src/serial_send' returned '0': PYTHONPATH=/home/hrx/ImageTitan/build/serial_send/prefix_override:/usr/lib/python3/dist-packages/colcon_core/task/python/colcon_distutils_commands:/home/hrx/ImageTitan/install/serial_send/lib/python3.10/site-packages:${PYTHONPATH} /usr/bin/python3 -W ignore:setup.py install is deprecated setup.py egg_info --egg-base ../../build/serial_send build --build-base /home/hrx/ImageTitan/build/serial_send/build install --record /home/hrx/ImageTitan/build/serial_send/install.log --single-version-externally-managed install_data
