[0.409s] Invoking command in '/home/hrx/ImageTitan/upper/src/remote_decode': PYTHONPATH=/home/hrx/ImageTitan/upper/build/remote_decode/prefix_override:/usr/lib/python3/dist-packages/colcon_core/task/python/colcon_distutils_commands:/home/hrx/ImageTitan/upper/install/remote_decode/lib/python3.10/site-packages:${PYTHONPATH} /usr/bin/python3 -W ignore:setup.py install is deprecated setup.py egg_info --egg-base ../../build/remote_decode build --build-base /home/hrx/ImageTitan/upper/build/remote_decode/build install --record /home/hrx/ImageTitan/upper/build/remote_decode/install.log --single-version-externally-managed install_data
[0.518s] running egg_info
[0.519s] writing ../../build/remote_decode/remote_decode.egg-info/PKG-INFO
[0.519s] writing dependency_links to ../../build/remote_decode/remote_decode.egg-info/dependency_links.txt
[0.519s] writing entry points to ../../build/remote_decode/remote_decode.egg-info/entry_points.txt
[0.519s] writing requirements to ../../build/remote_decode/remote_decode.egg-info/requires.txt
[0.519s] writing top-level names to ../../build/remote_decode/remote_decode.egg-info/top_level.txt
[0.520s] reading manifest file '../../build/remote_decode/remote_decode.egg-info/SOURCES.txt'
[0.520s] writing manifest file '../../build/remote_decode/remote_decode.egg-info/SOURCES.txt'
[0.520s] running build
[0.520s] running build_py
[0.520s] running install
[0.520s] running install_lib
[0.521s] running install_data
[0.521s] running install_egg_info
[0.522s] removing '/home/hrx/ImageTitan/upper/install/remote_decode/lib/python3.10/site-packages/remote_decode-0.0.0-py3.10.egg-info' (and everything under it)
[0.522s] Copying ../../build/remote_decode/remote_decode.egg-info to /home/hrx/ImageTitan/upper/install/remote_decode/lib/python3.10/site-packages/remote_decode-0.0.0-py3.10.egg-info
[0.522s] running install_scripts
[0.533s] Installing decode script to /home/hrx/ImageTitan/upper/install/remote_decode/lib/remote_decode
[0.534s] writing list of installed files to '/home/hrx/ImageTitan/upper/build/remote_decode/install.log'
[0.547s] Invoked command in '/home/hrx/ImageTitan/upper/src/remote_decode' returned '0': PYTHONPATH=/home/hrx/ImageTitan/upper/build/remote_decode/prefix_override:/usr/lib/python3/dist-packages/colcon_core/task/python/colcon_distutils_commands:/home/hrx/ImageTitan/upper/install/remote_decode/lib/python3.10/site-packages:${PYTHONPATH} /usr/bin/python3 -W ignore:setup.py install is deprecated setup.py egg_info --egg-base ../../build/remote_decode build --build-base /home/hrx/ImageTitan/upper/build/remote_decode/build install --record /home/hrx/ImageTitan/upper/build/remote_decode/install.log --single-version-externally-managed install_data
